99.06.11 13:31 B C:\My Documents\!whirlygirl.com\body.htm <-- WS_FTP32 /whirlygirl/www body.htm
99.06.11 13:31 B C:\My Documents\!whirlygirl.com\current.htm <-- WS_FTP32 /whirlygirl/www current.htm
99.06.11 13:31 B C:\My Documents\!whirlygirl.com\frame.htm <-- WS_FTP32 /whirlygirl/www frame.htm
99.06.11 13:31 B C:\My Documents\!whirlygirl.com\index.htm <-- WS_FTP32 /whirlygirl/www index.htm
99.06.11 13:31 B C:\My Documents\!whirlygirl.com\inmy.htm <-- WS_FTP32 /whirlygirl/www inmy.htm
99.06.11 13:31 B C:\My Documents\!whirlygirl.com\nav.htm <-- WS_FTP32 /whirlygirl/www nav.htm
99.06.11 13:31 B C:\My Documents\!whirlygirl.com\title.htm <-- WS_FTP32 /whirlygirl/www title.htm
99.06.11 16:11 B C:\My Documents\!whirlygirl.com\current.htm --> home.mindspring.com /whirlygirl/www current.htm
99.06.11 16:11 B C:\My Documents\!whirlygirl.com\title.htm --> home.mindspring.com /whirlygirl/www title.htm
99.06.14 10:53 B C:\my documents\!whirlygirl.com\body.htm <-- WS_FTP32 /whirlygirl/www body.htm
99.06.14 10:53 B C:\my documents\!whirlygirl.com\current.htm <-- WS_FTP32 /whirlygirl/www current.htm
99.06.14 10:53 B C:\my documents\!whirlygirl.com\frame.htm <-- WS_FTP32 /whirlygirl/www frame.htm
99.06.14 10:53 B C:\my documents\!whirlygirl.com\index.htm <-- WS_FTP32 /whirlygirl/www index.htm
99.06.14 10:53 B C:\my documents\!whirlygirl.com\inmy.htm <-- WS_FTP32 /whirlygirl/www inmy.htm
99.06.14 10:53 B C:\my documents\!whirlygirl.com\nav.htm <-- WS_FTP32 /whirlygirl/www nav.htm
99.06.14 10:53 B C:\my documents\!whirlygirl.com\title.htm <-- WS_FTP32 /whirlygirl/www title.htm
99.06.14 10:57 B C:\my documents\!whirlygirl.com\current.htm --> home.mindspring.com /whirlygirl/www current.htm
99.06.14 10:57 B C:\my documents\!whirlygirl.com\index.htm --> home.mindspring.com /whirlygirl/www index.htm
99.06.14 10:57 B C:\my documents\!whirlygirl.com\current.htm --> home.mindspring.com /whirlygirl/www current.htm
99.06.14 10:57 B C:\my documents\!whirlygirl.com\index.htm --> home.mindspring.com /whirlygirl/www index.htm
99.06.14 17:11 B C:\My documents\!whirlygirl.com\current.htm --> home.mindspring.com /whirlygirl/www current.htm
99.06.14 17:20 B C:\my documents\!whirlygirl.com\current.htm --> home.mindspring.com /whirlygirl/www current.htm
99.06.14 17:41 B C:\my documents\!whirlygirl.com\body.htm --> home.mindspring.com /whirlygirl/www body.htm
99.06.14 17:41 B C:\my documents\!whirlygirl.com\current.htm --> home.mindspring.com /whirlygirl/www current.htm
99.06.14 17:41 B C:\my documents\!whirlygirl.com\frame.htm --> home.mindspring.com /whirlygirl/www frame.htm
99.06.14 17:41 B C:\my documents\!whirlygirl.com\index.htm --> home.mindspring.com /whirlygirl/www index.htm
99.06.14 17:41 B C:\my documents\!whirlygirl.com\inmy.htm --> home.mindspring.com /whirlygirl/www inmy.htm
99.06.14 17:41 B C:\my documents\!whirlygirl.com\nav.htm --> home.mindspring.com /whirlygirl/www nav.htm
99.06.14 17:41 B C:\my documents\!whirlygirl.com\title.htm --> home.mindspring.com /whirlygirl/www title.htm
99.06.14 17:46 B C:\my documents\!whirlygirl.com\current.htm --> home.mindspring.com /whirlygirl/www current.htm
99.06.15 10:56 B C:\my documents\!whirlygirl.com\body.htm <-- WS_FTP32 /whirlygirl/www body.htm
99.06.15 10:56 B C:\my documents\!whirlygirl.com\current.htm <-- WS_FTP32 /whirlygirl/www current.htm
99.06.15 10:56 B C:\my documents\!whirlygirl.com\frame.htm <-- WS_FTP32 /whirlygirl/www frame.htm
99.06.15 10:56 B C:\my documents\!whirlygirl.com\index.htm <-- WS_FTP32 /whirlygirl/www index.htm
99.06.15 10:56 B C:\my documents\!whirlygirl.com\inmy.htm <-- WS_FTP32 /whirlygirl/www inmy.htm
99.06.15 10:56 B C:\my documents\!whirlygirl.com\nav.htm <-- WS_FTP32 /whirlygirl/www nav.htm
99.06.15 10:56 B C:\my documents\!whirlygirl.com\title.htm <-- WS_FTP32 /whirlygirl/www title.htm
99.06.15 13:42 B C:\my documents\!whirlygirl.com\current.htm --> home.mindspring.com /whirlygirl/www current.htm
99.06.16 15:08 B C:\My documents\!whirlygirl.com\body.htm <-- WS_FTP32 /whirlygirl/www body.htm
99.06.16 15:08 B C:\My documents\!whirlygirl.com\current.htm <-- WS_FTP32 /whirlygirl/www current.htm
99.06.16 15:08 B C:\My documents\!whirlygirl.com\frame.htm <-- WS_FTP32 /whirlygirl/www frame.htm
99.06.16 15:08 B C:\My documents\!whirlygirl.com\index.htm <-- WS_FTP32 /whirlygirl/www index.htm
99.06.16 15:08 B C:\My documents\!whirlygirl.com\inmy.htm <-- WS_FTP32 /whirlygirl/www inmy.htm
99.06.16 15:08 B C:\My documents\!whirlygirl.com\nav.htm <-- WS_FTP32 /whirlygirl/www nav.htm
99.06.16 15:09 B C:\My documents\!whirlygirl.com\title.htm <-- WS_FTP32 /whirlygirl/www title.htm
99.06.16 15:12 B C:\My documents\!whirlygirl.com\current.htm --> home.mindspring.com /whirlygirl/www current.htm
99.06.16 16:24 B C:\My Documents\!whirlygirl.com\body.htm --> home.mindspring.com /whirlygirl/www body.htm
99.06.16 16:24 B C:\My Documents\!whirlygirl.com\current.htm --> home.mindspring.com /whirlygirl/www current.htm
99.06.16 16:25 B C:\My Documents\!whirlygirl.com\frame.htm --> home.mindspring.com /whirlygirl/www frame.htm
99.06.16 16:25 B C:\My Documents\!whirlygirl.com\index.htm --> home.mindspring.com /whirlygirl/www index.htm
99.06.16 16:25 B C:\My Documents\!whirlygirl.com\inmy.htm --> home.mindspring.com /whirlygirl/www inmy.htm
99.06.16 16:25 B C:\My Documents\!whirlygirl.com\nav.htm --> home.mindspring.com /whirlygirl/www nav.htm
99.06.16 16:25 B C:\My Documents\!whirlygirl.com\title.htm --> home.mindspring.com /whirlygirl/www title.htm
99.06.16 16:34 B C:\My Documents\!whirlygirl.com\body.htm --> home.mindspring.com /whirlygirl/www body.htm
99.06.16 16:36 B C:\My Documents\!whirlygirl.com\body.htm --> home.mindspring.com /whirlygirl/www body.htm
99.06.23 15:55 B C:\My Documents\!whirlygirl.com\body.htm <-- WS_FTP32 /whirlygirl/www body.htm
99.06.23 15:55 B C:\My Documents\!whirlygirl.com\current.htm <-- WS_FTP32 /whirlygirl/www current.htm
99.06.23 15:55 B C:\My Documents\!whirlygirl.com\frame.htm <-- WS_FTP32 /whirlygirl/www frame.htm
99.06.23 15:55 B C:\My Documents\!whirlygirl.com\index.htm <-- WS_FTP32 /whirlygirl/www index.htm
99.06.23 15:56 B C:\My Documents\!whirlygirl.com\inmy.htm <-- WS_FTP32 /whirlygirl/www inmy.htm
99.06.23 15:56 B C:\My Documents\!whirlygirl.com\nav.htm <-- WS_FTP32 /whirlygirl/www nav.htm
99.06.23 15:56 B C:\My Documents\!whirlygirl.com\title.htm <-- WS_FTP32 /whirlygirl/www title.htm
99.06.23 16:21 B C:\My Documents\!whirlygirl.com\index.htm --> home.mindspring.com /whirlygirl/www index.htm
99.06.23 16:21 B C:\My Documents\!whirlygirl.com\title.htm --> home.mindspring.com /whirlygirl/www title.htm
99.06.23 16:24 B C:\My Documents\!whirlygirl.com\title.htm --> home.mindspring.com /whirlygirl/www title.htm
99.06.24 14:00 B C:\My Documents\!whirlygirl.com\body.htm <-- WS_FTP32 /whirlygirl/www body.htm
99.06.24 14:00 B C:\My Documents\!whirlygirl.com\current.htm <-- WS_FTP32 /whirlygirl/www current.htm
99.06.24 14:00 B C:\My Documents\!whirlygirl.com\frame.htm <-- WS_FTP32 /whirlygirl/www frame.htm
99.06.24 14:00 B C:\My Documents\!whirlygirl.com\index.htm <-- WS_FTP32 /whirlygirl/www index.htm
99.06.24 14:00 B C:\My Documents\!whirlygirl.com\inmy.htm <-- WS_FTP32 /whirlygirl/www inmy.htm
99.06.24 14:00 B C:\My Documents\!whirlygirl.com\nav.htm <-- WS_FTP32 /whirlygirl/www nav.htm
99.06.24 14:00 B C:\My Documents\!whirlygirl.com\title.htm <-- WS_FTP32 /whirlygirl/www title.htm
99.06.25 15:53 B C:\My Documents\!whirlygirl.com\body.htm <-- WS_FTP32 /whirlygirl/www body.htm
99.06.25 15:53 B C:\My Documents\!whirlygirl.com\current.htm <-- WS_FTP32 /whirlygirl/www current.htm
99.06.25 15:53 B C:\My Documents\!whirlygirl.com\frame.htm <-- WS_FTP32 /whirlygirl/www frame.htm
99.06.25 15:53 B C:\My Documents\!whirlygirl.com\index.htm <-- WS_FTP32 /whirlygirl/www index.htm
99.06.25 15:53 B C:\My Documents\!whirlygirl.com\inmy.htm <-- WS_FTP32 /whirlygirl/www inmy.htm
99.06.25 15:53 B C:\My Documents\!whirlygirl.com\nav.htm <-- WS_FTP32 /whirlygirl/www nav.htm
99.06.25 15:53 B C:\My Documents\!whirlygirl.com\title.htm <-- WS_FTP32 /whirlygirl/www title.htm
99.06.28 17:08 B C:\My Documents\!whirlygirl.com\body.htm <-- WS_FTP32 /whirlygirl/www body.htm
99.06.28 17:08 B C:\My Documents\!whirlygirl.com\current.htm <-- WS_FTP32 /whirlygirl/www current.htm
99.06.28 17:08 B C:\My Documents\!whirlygirl.com\frame.htm <-- WS_FTP32 /whirlygirl/www frame.htm
99.06.28 17:08 B C:\My Documents\!whirlygirl.com\index.htm <-- WS_FTP32 /whirlygirl/www index.htm
99.06.28 17:08 B C:\My Documents\!whirlygirl.com\inmy.htm <-- WS_FTP32 /whirlygirl/www inmy.htm
99.06.28 17:08 B C:\My Documents\!whirlygirl.com\nav.htm <-- WS_FTP32 /whirlygirl/www nav.htm
99.06.28 17:08 B C:\My Documents\!whirlygirl.com\title.htm <-- WS_FTP32 /whirlygirl/www title.htm
99.07.26 19:16 B C:\My Documents\!whirlygirl.com\body.htm <-- WS_FTP32 /whirlygirl/www body.htm
99.07.26 19:16 B C:\My Documents\!whirlygirl.com\current.htm <-- WS_FTP32 /whirlygirl/www current.htm
99.07.26 19:17 B C:\My Documents\!whirlygirl.com\frame.htm <-- WS_FTP32 /whirlygirl/www frame.htm
99.07.26 19:17 B C:\My Documents\!whirlygirl.com\index.htm <-- WS_FTP32 /whirlygirl/www index.htm
99.07.26 19:18 B C:\My Documents\!whirlygirl.com\inmy.htm <-- WS_FTP32 /whirlygirl/www inmy.htm
99.07.26 19:18 B C:\My Documents\!whirlygirl.com\nav.htm <-- WS_FTP32 /whirlygirl/www nav.htm
99.07.26 19:18 B C:\My Documents\!whirlygirl.com\title.htm <-- WS_FTP32 /whirlygirl/www title.htm
99.07.27 19:08 B C:\My Documents\!whirlygirl.com\current.htm --> home.mindspring.com /whirlygirl/www current.htm
99.07.27 19:08 B C:\My Documents\!whirlygirl.com\inmy.htm --> home.mindspring.com /whirlygirl/www inmy.htm
99.07.28 18:17 B C:\My Documents\!whirlygirl.com\title.htm --> home.mindspring.com /whirlygirl/www title.htm
99.07.28 18:19 B C:\My Documents\!whirlygirl.com\title.htm --> home.mindspring.com /whirlygirl/www title.htm
99.08.04 09:58 B C:\My Documents\!whirlygirl.com\body.htm <-- WS_FTP32 /whirlygirl/www body.htm
99.08.04 09:58 B C:\My Documents\!whirlygirl.com\current.htm <-- WS_FTP32 /whirlygirl/www current.htm
99.08.04 09:58 B C:\My Documents\!whirlygirl.com\frame.htm <-- WS_FTP32 /whirlygirl/www frame.htm
99.08.04 09:58 B C:\My Documents\!whirlygirl.com\index.htm <-- WS_FTP32 /whirlygirl/www index.htm
99.08.04 09:59 B C:\My Documents\!whirlygirl.com\inmy.htm <-- WS_FTP32 /whirlygirl/www inmy.htm
99.08.04 09:59 B C:\My Documents\!whirlygirl.com\nav.htm <-- WS_FTP32 /whirlygirl/www nav.htm
99.08.04 09:59 B C:\My Documents\!whirlygirl.com\title.htm <-- WS_FTP32 /whirlygirl/www title.htm
99.08.04 10:00 B C:\My Documents\!whirlygirl.com\current.htm --> home.mindspring.com /whirlygirl/www current.htm
99.08.20 13:41 B C:\My Documents\!whirlygirl.com\body.htm --> home.mindspring.com /whirlygirl/www body.htm
99.08.20 13:41 B C:\My Documents\!whirlygirl.com\current.htm --> home.mindspring.com /whirlygirl/www current.htm
99.08.20 13:41 B C:\My Documents\!whirlygirl.com\frame.htm --> home.mindspring.com /whirlygirl/www frame.htm
99.08.20 13:41 B C:\My Documents\!whirlygirl.com\index.htm --> home.mindspring.com /whirlygirl/www index.htm
99.08.20 13:41 B C:\My Documents\!whirlygirl.com\inmy.htm --> home.mindspring.com /whirlygirl/www inmy.htm
99.08.20 13:41 B C:\My Documents\!whirlygirl.com\nav.htm --> home.mindspring.com /whirlygirl/www nav.htm
99.08.20 13:41 B C:\My Documents\!whirlygirl.com\title.htm --> home.mindspring.com /whirlygirl/www title.htm
99.08.30 19:30 B C:\My Documents\!whirlygirl.com\body.htm <-- WS_FTP32 /whirlygirl/www body.htm
99.08.30 19:30 B C:\My Documents\!whirlygirl.com\current.htm <-- WS_FTP32 /whirlygirl/www current.htm
99.08.30 19:30 B C:\My Documents\!whirlygirl.com\frame.htm <-- WS_FTP32 /whirlygirl/www frame.htm
99.08.30 19:30 B C:\My Documents\!whirlygirl.com\index.htm <-- WS_FTP32 /whirlygirl/www index.htm
99.08.30 19:30 B C:\My Documents\!whirlygirl.com\inmy.htm <-- WS_FTP32 /whirlygirl/www inmy.htm
99.08.30 19:30 B C:\My Documents\!whirlygirl.com\nav.htm <-- WS_FTP32 /whirlygirl/www nav.htm
99.08.30 19:30 B C:\My Documents\!whirlygirl.com\title.htm <-- WS_FTP32 /whirlygirl/www title.htm
99.09.07 09:36 B C:\My Documents\!whirlygirl.com\current.htm <-- WS_FTP32 /whirlygirl/www current.htm
99.09.07 09:36 B C:\My Documents\!whirlygirl.com\inmy.htm <-- WS_FTP32 /whirlygirl/www inmy.htm
99.09.07 09:40 B C:\My Documents\!whirlygirl.com\current.htm --> home.mindspring.com /whirlygirl/www current.htm
99.09.16 08:18 B C:\My Documents\!whirlygirl.com\body.htm <-- WS_FTP32 /whirlygirl/www body.htm
99.09.16 08:18 B C:\My Documents\!whirlygirl.com\current.htm <-- WS_FTP32 /whirlygirl/www current.htm
99.09.16 08:18 B C:\My Documents\!whirlygirl.com\frame.htm <-- WS_FTP32 /whirlygirl/www frame.htm
99.09.16 08:18 B C:\My Documents\!whirlygirl.com\index.htm <-- WS_FTP32 /whirlygirl/www index.htm
99.09.16 08:18 B C:\My Documents\!whirlygirl.com\inmy.htm <-- WS_FTP32 /whirlygirl/www inmy.htm
99.09.16 08:18 B C:\My Documents\!whirlygirl.com\nav.htm <-- WS_FTP32 /whirlygirl/www nav.htm
99.09.16 08:18 B C:\My Documents\!whirlygirl.com\title.htm <-- WS_FTP32 /whirlygirl/www title.htm
99.09.21 10:18 B C:\My Documents\!whirlygirl.com\body.htm <-- WS_FTP32 /whirlygirl/www body.htm
99.09.21 10:18 B C:\My Documents\!whirlygirl.com\current.htm <-- WS_FTP32 /whirlygirl/www current.htm
99.09.21 10:18 B C:\My Documents\!whirlygirl.com\frame.htm <-- WS_FTP32 /whirlygirl/www frame.htm
99.09.21 10:18 B C:\My Documents\!whirlygirl.com\index.htm <-- WS_FTP32 /whirlygirl/www index.htm
99.09.21 10:18 B C:\My Documents\!whirlygirl.com\inmy.htm <-- WS_FTP32 /whirlygirl/www inmy.htm
99.09.21 10:18 B C:\My Documents\!whirlygirl.com\nav.htm <-- WS_FTP32 /whirlygirl/www nav.htm
99.09.21 10:18 B C:\My Documents\!whirlygirl.com\title.htm <-- WS_FTP32 /whirlygirl/www title.htm
99.09.22 08:01 B C:\My Documents\!whirlygirl.com\inmy.htm <-- WS_FTP32 /whirlygirl/www inmy.htm
99.10.05 07:43 B C:\My Documents\!whirlygirl.com\body.htm <-- WS_FTP32 /whirlygirl/www body.htm
99.10.05 07:43 B C:\My Documents\!whirlygirl.com\current.htm <-- WS_FTP32 /whirlygirl/www current.htm
99.10.05 07:43 B C:\My Documents\!whirlygirl.com\frame.htm <-- WS_FTP32 /whirlygirl/www frame.htm
99.10.05 07:43 B C:\My Documents\!whirlygirl.com\index.htm <-- WS_FTP32 /whirlygirl/www index.htm
99.10.05 07:43 B C:\My Documents\!whirlygirl.com\inmy.htm <-- WS_FTP32 /whirlygirl/www inmy.htm
99.10.05 07:43 B C:\My Documents\!whirlygirl.com\nav.htm <-- WS_FTP32 /whirlygirl/www nav.htm
99.10.05 07:43 B C:\My Documents\!whirlygirl.com\title.htm <-- WS_FTP32 /whirlygirl/www title.htm
99.10.05 09:13 B C:\My Documents\!whirlygirl.com\current.htm --> home.mindspring.com /whirlygirl/www current.htm
99.10.05 09:13 B C:\My Documents\!whirlygirl.com\inmy.htm --> home.mindspring.com /whirlygirl/www inmy.htm
99.10.05 09:45 B C:\My Documents\!whirlygirl.com\inmy.htm --> home.mindspring.com /whirlygirl/www inmy.htm
99.10.06 16:58 B C:\My Documents\!whirlygirl.com\frame.htm --> home.mindspring.com /whirlygirl/www frame.htm
99.10.06 17:01 B C:\My Documents\!whirlygirl.com\nav.htm --> home.mindspring.com /whirlygirl/www nav.htm
99.10.08 12:37 B C:\My Documents\!whirlygirl.com\body.htm --> home.mindspring.com /whirlygirl/www body.htm
99.10.08 12:37 B C:\My Documents\!whirlygirl.com\current.htm --> home.mindspring.com /whirlygirl/www current.htm
99.10.08 12:37 B C:\My Documents\!whirlygirl.com\frame.htm --> home.mindspring.com /whirlygirl/www frame.htm
99.10.08 12:37 B C:\My Documents\!whirlygirl.com\index.htm --> home.mindspring.com /whirlygirl/www index.htm
99.10.08 12:37 B C:\My Documents\!whirlygirl.com\inmy.htm --> home.mindspring.com /whirlygirl/www inmy.htm
99.10.08 12:37 B C:\My Documents\!whirlygirl.com\nav.htm --> home.mindspring.com /whirlygirl/www nav.htm
99.10.08 12:37 B C:\My Documents\!whirlygirl.com\title.htm --> home.mindspring.com /whirlygirl/www title.htm
99.11.01 10:51 B C:\My Documents\!whirlygirl.com\current.htm --> home.mindspring.com /whirlygirl/www current.htm
99.11.01 10:51 B C:\My Documents\!whirlygirl.com\inmy.htm --> home.mindspring.com /whirlygirl/www inmy.htm
99.11.01 11:02 B C:\My Documents\!whirlygirl.com\inmy.htm --> home.mindspring.com /whirlygirl/www inmy.htm
99.11.01 11:30 B C:\My Documents\!whirlygirl.com\inmy.htm --> home.mindspring.com /whirlygirl/www inmy.htm
99.11.08 10:30 B C:\My Documents\!whirlygirl.com\inmy.htm --> home.mindspring.com /whirlygirl/www inmy.htm
99.11.08 10:30 B C:\My Documents\!whirlygirl.com\current.htm --> home.mindspring.com /whirlygirl/www current.htm
99.11.12 12:11 B C:\My Documents\!whirlygirl.com\current.htm --> home.mindspring.com /whirlygirl/www current.htm
99.11.12 12:11 B C:\My Documents\!whirlygirl.com\inmy.htm --> home.mindspring.com /whirlygirl/www inmy.htm
99.11.12 12:12 B C:\My Documents\!whirlygirl.com\current.htm --> home.mindspring.com /whirlygirl/www current.htm
99.11.12 12:13 B C:\My Documents\!whirlygirl.com\current.htm --> home.mindspring.com /whirlygirl/www current.htm
99.11.12 12:15 B C:\My Documents\!whirlygirl.com\current.htm --> home.mindspring.com /whirlygirl/www current.htm
99.11.12 17:27 B C:\My Documents\!whirlygirl.com\current.htm --> home.mindspring.com /whirlygirl/www current.htm
99.11.16 17:55 B C:\!!whirlygirl.com\current.htm --> home.mindspring.com /whirlygirl/www current.htm
99.11.16 17:55 B C:\!!whirlygirl.com\inmy.htm --> home.mindspring.com /whirlygirl/www inmy.htm
99.11.16 17:55 B C:\!!whirlygirl.com\nav.htm --> home.mindspring.com /whirlygirl/www nav.htm
99.11.16 17:55 B C:\!!whirlygirl.com\frame.htm --> home.mindspring.com /whirlygirl/www frame.htm
99.11.16 17:55 B C:\!!whirlygirl.com\title.htm --> home.mindspring.com /whirlygirl/www title.htm
99.12.04 00:41 B C:\!!whirlygirl.com\index.htm --> home.mindspring.com /whirlygirl/www/recommends index.htm
99.12.04 00:41 B C:\!!whirlygirl.com\inmy.htm --> home.mindspring.com /whirlygirl/www inmy.htm
99.12.04 00:41 B C:\!!whirlygirl.com\current.htm --> home.mindspring.com /whirlygirl/www current.htm
99.12.04 00:41 B C:\!!whirlygirl.com\title.htm --> home.mindspring.com /whirlygirl/www title.htm
99.12.04 00:41 B C:\!!whirlygirl.com\nav.htm --> home.mindspring.com /whirlygirl/www nav.htm
99.12.04 00:49 B C:\!!whirlygirl.com\nav.htm --> home.mindspring.com /whirlygirl/www nav.htm
100.01.05 01:29 B C:\!!whirlygirl.com\body.htm <-- WS_FTP32 /whirlygirl/www body.htm
100.01.05 01:29 B C:\!!whirlygirl.com\current.htm <-- WS_FTP32 /whirlygirl/www current.htm
100.01.05 01:29 B C:\!!whirlygirl.com\frame.htm <-- WS_FTP32 /whirlygirl/www frame.htm
100.01.05 01:29 B C:\!!whirlygirl.com\index.htm <-- WS_FTP32 /whirlygirl/www index.htm
100.01.05 01:29 B C:\!!whirlygirl.com\inmy.htm <-- WS_FTP32 /whirlygirl/www inmy.htm
100.01.05 01:29 B C:\!!whirlygirl.com\nav.htm <-- WS_FTP32 /whirlygirl/www nav.htm
100.01.05 01:29 B C:\!!whirlygirl.com\title.htm <-- WS_FTP32 /whirlygirl/www title.htm
100.01.05 01:45 B C:\!!whirlygirl.com\current.htm --> ftp.mindspring.com /whirlygirl/www current.htm
100.01.10 01:11 B C:\!!whirlygirl.com\current.htm --> www.whirlygirl.com / current.htm
100.01.16 15:55 B C:\!!whirlygirl.com\current.htm <-- whirlygirl on HostSave / current.htm
100.01.16 15:55 B C:\!!whirlygirl.com\inmy.htm <-- whirlygirl on HostSave / inmy.htm
100.01.16 18:12 B C:\!!whirlygirl.com\current.htm --> www.whirlygirl.com / current.htm
100.01.16 18:13 B C:\!!whirlygirl.com\inmy.htm --> www.whirlygirl.com / inmy.htm
100.01.16 18:14 B C:\!!whirlygirl.com\current.htm --> www.whirlygirl.com / current.htm
100.08.29 02:00 B C:\!!!whirlygirl.com\1.0\index.htm --> www.whirlygirl.com /1.0 index.htm
