100.01.31 16:34 B C:\My Documents\!whirlygirl.com-NEW\enumerates\cds\1998-01.htm --> www.whirlygirl.com /2.0/enumerates/cds 1998-01.htm
100.01.31 16:34 B C:\My Documents\!whirlygirl.com-NEW\enumerates\cds\1998-02.htm --> www.whirlygirl.com /2.0/enumerates/cds 1998-02.htm
100.01.31 16:34 B C:\My Documents\!whirlygirl.com-NEW\enumerates\cds\1998-03.htm --> www.whirlygirl.com /2.0/enumerates/cds 1998-03.htm
100.01.31 16:34 B C:\My Documents\!whirlygirl.com-NEW\enumerates\cds\1998-04.htm --> www.whirlygirl.com /2.0/enumerates/cds 1998-04.htm
100.01.31 16:34 B C:\My Documents\!whirlygirl.com-NEW\enumerates\cds\1998-05.htm --> www.whirlygirl.com /2.0/enumerates/cds 1998-05.htm
100.01.31 16:34 B C:\My Documents\!whirlygirl.com-NEW\enumerates\cds\1998-06-index.htm --> www.whirlygirl.com /2.0/enumerates/cds 1998-06-index.htm
100.01.31 16:34 B C:\My Documents\!whirlygirl.com-NEW\enumerates\cds\1998-06.htm --> www.whirlygirl.com /2.0/enumerates/cds 1998-06.htm
100.01.31 16:34 B C:\My Documents\!whirlygirl.com-NEW\enumerates\cds\1998-07.htm --> www.whirlygirl.com /2.0/enumerates/cds 1998-07.htm
100.01.31 16:34 B C:\My Documents\!whirlygirl.com-NEW\enumerates\cds\1998-08.htm --> www.whirlygirl.com /2.0/enumerates/cds 1998-08.htm
100.01.31 16:34 B C:\My Documents\!whirlygirl.com-NEW\enumerates\cds\1998-09.htm --> www.whirlygirl.com /2.0/enumerates/cds 1998-09.htm
100.01.31 16:34 B C:\My Documents\!whirlygirl.com-NEW\enumerates\cds\1998-10.htm --> www.whirlygirl.com /2.0/enumerates/cds 1998-10.htm
100.01.31 16:34 B C:\My Documents\!whirlygirl.com-NEW\enumerates\cds\1998-11.htm --> www.whirlygirl.com /2.0/enumerates/cds 1998-11.htm
100.01.31 16:34 B C:\My Documents\!whirlygirl.com-NEW\enumerates\cds\1998-12.htm --> www.whirlygirl.com /2.0/enumerates/cds 1998-12.htm
100.01.31 16:34 B C:\My Documents\!whirlygirl.com-NEW\enumerates\cds\1998-13.htm --> www.whirlygirl.com /2.0/enumerates/cds 1998-13.htm
100.01.31 16:34 B C:\My Documents\!whirlygirl.com-NEW\enumerates\cds\1998-14-index.htm --> www.whirlygirl.com /2.0/enumerates/cds 1998-14-index.htm
100.01.31 16:34 B C:\My Documents\!whirlygirl.com-NEW\enumerates\cds\1998-14.htm --> www.whirlygirl.com /2.0/enumerates/cds 1998-14.htm
100.01.31 16:34 B C:\My Documents\!whirlygirl.com-NEW\enumerates\cds\1998-15.htm --> www.whirlygirl.com /2.0/enumerates/cds 1998-15.htm
100.01.31 16:34 B C:\My Documents\!whirlygirl.com-NEW\enumerates\cds\1998-16.htm --> www.whirlygirl.com /2.0/enumerates/cds 1998-16.htm
100.01.31 16:34 B C:\My Documents\!whirlygirl.com-NEW\enumerates\cds\1998-17.htm --> www.whirlygirl.com /2.0/enumerates/cds 1998-17.htm
100.01.31 16:34 B C:\My Documents\!whirlygirl.com-NEW\enumerates\cds\1998-18.htm --> www.whirlygirl.com /2.0/enumerates/cds 1998-18.htm
100.01.31 16:34 B C:\My Documents\!whirlygirl.com-NEW\enumerates\cds\1998-19.htm --> www.whirlygirl.com /2.0/enumerates/cds 1998-19.htm
100.01.31 16:34 B C:\My Documents\!whirlygirl.com-NEW\enumerates\cds\1998-20.htm --> www.whirlygirl.com /2.0/enumerates/cds 1998-20.htm
100.01.31 16:34 B C:\My Documents\!whirlygirl.com-NEW\enumerates\cds\1998-21.htm --> www.whirlygirl.com /2.0/enumerates/cds 1998-21.htm
100.01.31 16:34 B C:\My Documents\!whirlygirl.com-NEW\enumerates\cds\1998-22.htm --> www.whirlygirl.com /2.0/enumerates/cds 1998-22.htm
100.01.31 16:34 B C:\My Documents\!whirlygirl.com-NEW\enumerates\cds\1998-23.htm --> www.whirlygirl.com /2.0/enumerates/cds 1998-23.htm
100.01.31 16:34 B C:\My Documents\!whirlygirl.com-NEW\enumerates\cds\1998-24.htm --> www.whirlygirl.com /2.0/enumerates/cds 1998-24.htm
100.01.31 16:34 B C:\My Documents\!whirlygirl.com-NEW\enumerates\cds\1998-25.htm --> www.whirlygirl.com /2.0/enumerates/cds 1998-25.htm
100.01.31 16:34 B C:\My Documents\!whirlygirl.com-NEW\enumerates\cds\favoritecdsof1998-about.htm --> www.whirlygirl.com /2.0/enumerates/cds favoritecdsof1998-about.htm
100.01.31 16:34 B C:\My Documents\!whirlygirl.com-NEW\enumerates\cds\favoritecdsof1998-index.htm --> www.whirlygirl.com /2.0/enumerates/cds favoritecdsof1998-index.htm
100.01.31 16:34 B C:\My Documents\!whirlygirl.com-NEW\enumerates\cds\favoritecdsof1998-list.htm --> www.whirlygirl.com /2.0/enumerates/cds favoritecdsof1998-list.htm
100.01.31 16:35 B C:\My Documents\!whirlygirl.com-NEW\enumerates\cds\1998-01.htm --> www.whirlygirl.com /2.0/enumerates/cds 1998-01.htm
100.01.31 16:35 B C:\My Documents\!whirlygirl.com-NEW\enumerates\cds\1998-02.htm --> www.whirlygirl.com /2.0/enumerates/cds 1998-02.htm
100.01.31 16:35 B C:\My Documents\!whirlygirl.com-NEW\enumerates\cds\1998-03.htm --> www.whirlygirl.com /2.0/enumerates/cds 1998-03.htm
100.01.31 16:35 B C:\My Documents\!whirlygirl.com-NEW\enumerates\cds\1998-04.htm --> www.whirlygirl.com /2.0/enumerates/cds 1998-04.htm
100.01.31 16:35 B C:\My Documents\!whirlygirl.com-NEW\enumerates\cds\1998-05.htm --> www.whirlygirl.com /2.0/enumerates/cds 1998-05.htm
100.01.31 16:35 B C:\My Documents\!whirlygirl.com-NEW\enumerates\cds\1998-06-index.htm --> www.whirlygirl.com /2.0/enumerates/cds 1998-06-index.htm
100.01.31 16:35 B C:\My Documents\!whirlygirl.com-NEW\enumerates\cds\1998-06.htm --> www.whirlygirl.com /2.0/enumerates/cds 1998-06.htm
100.01.31 16:35 B C:\My Documents\!whirlygirl.com-NEW\enumerates\cds\1998-07.htm --> www.whirlygirl.com /2.0/enumerates/cds 1998-07.htm
100.01.31 16:35 B C:\My Documents\!whirlygirl.com-NEW\enumerates\cds\1998-08.htm --> www.whirlygirl.com /2.0/enumerates/cds 1998-08.htm
100.01.31 16:35 B C:\My Documents\!whirlygirl.com-NEW\enumerates\cds\1998-09.htm --> www.whirlygirl.com /2.0/enumerates/cds 1998-09.htm
100.01.31 16:35 B C:\My Documents\!whirlygirl.com-NEW\enumerates\cds\1998-10.htm --> www.whirlygirl.com /2.0/enumerates/cds 1998-10.htm
100.01.31 16:35 B C:\My Documents\!whirlygirl.com-NEW\enumerates\cds\1998-11.htm --> www.whirlygirl.com /2.0/enumerates/cds 1998-11.htm
100.01.31 16:35 B C:\My Documents\!whirlygirl.com-NEW\enumerates\cds\1998-12.htm --> www.whirlygirl.com /2.0/enumerates/cds 1998-12.htm
100.01.31 16:35 B C:\My Documents\!whirlygirl.com-NEW\enumerates\cds\1998-13.htm --> www.whirlygirl.com /2.0/enumerates/cds 1998-13.htm
100.01.31 16:35 B C:\My Documents\!whirlygirl.com-NEW\enumerates\cds\1998-14-index.htm --> www.whirlygirl.com /2.0/enumerates/cds 1998-14-index.htm
100.01.31 16:35 B C:\My Documents\!whirlygirl.com-NEW\enumerates\cds\1998-14.htm --> www.whirlygirl.com /2.0/enumerates/cds 1998-14.htm
100.01.31 16:35 B C:\My Documents\!whirlygirl.com-NEW\enumerates\cds\1998-15.htm --> www.whirlygirl.com /2.0/enumerates/cds 1998-15.htm
100.01.31 16:35 B C:\My Documents\!whirlygirl.com-NEW\enumerates\cds\1998-16.htm --> www.whirlygirl.com /2.0/enumerates/cds 1998-16.htm
100.01.31 16:35 B C:\My Documents\!whirlygirl.com-NEW\enumerates\cds\1998-17.htm --> www.whirlygirl.com /2.0/enumerates/cds 1998-17.htm
100.01.31 16:35 B C:\My Documents\!whirlygirl.com-NEW\enumerates\cds\1998-18.htm --> www.whirlygirl.com /2.0/enumerates/cds 1998-18.htm
100.01.31 16:35 B C:\My Documents\!whirlygirl.com-NEW\enumerates\cds\1998-19.htm --> www.whirlygirl.com /2.0/enumerates/cds 1998-19.htm
100.01.31 16:35 B C:\My Documents\!whirlygirl.com-NEW\enumerates\cds\1998-20.htm --> www.whirlygirl.com /2.0/enumerates/cds 1998-20.htm
100.01.31 16:35 B C:\My Documents\!whirlygirl.com-NEW\enumerates\cds\1998-21.htm --> www.whirlygirl.com /2.0/enumerates/cds 1998-21.htm
100.01.31 16:35 B C:\My Documents\!whirlygirl.com-NEW\enumerates\cds\1998-22.htm --> www.whirlygirl.com /2.0/enumerates/cds 1998-22.htm
100.01.31 16:35 B C:\My Documents\!whirlygirl.com-NEW\enumerates\cds\1998-23.htm --> www.whirlygirl.com /2.0/enumerates/cds 1998-23.htm
100.01.31 16:35 B C:\My Documents\!whirlygirl.com-NEW\enumerates\cds\1998-24.htm --> www.whirlygirl.com /2.0/enumerates/cds 1998-24.htm
100.01.31 16:35 B C:\My Documents\!whirlygirl.com-NEW\enumerates\cds\1998-25.htm --> www.whirlygirl.com /2.0/enumerates/cds 1998-25.htm
100.01.31 16:35 B C:\My Documents\!whirlygirl.com-NEW\enumerates\cds\favoritecdsof1998-about.htm --> www.whirlygirl.com /2.0/enumerates/cds favoritecdsof1998-about.htm
100.01.31 16:35 B C:\My Documents\!whirlygirl.com-NEW\enumerates\cds\favoritecdsof1998-index.htm --> www.whirlygirl.com /2.0/enumerates/cds favoritecdsof1998-index.htm
100.01.31 16:35 B C:\My Documents\!whirlygirl.com-NEW\enumerates\cds\favoritecdsof1998-list.htm --> www.whirlygirl.com /2.0/enumerates/cds favoritecdsof1998-list.htm
100.01.31 16:35 B C:\My Documents\!whirlygirl.com-NEW\enumerates\cds\WS_FTP.LOG --> www.whirlygirl.com /2.0/enumerates/cds WS_FTP.LOG
100.02.01 09:13 B C:\My Documents\!whirlygirl.com-NEW\enumerates\cds\1998-01.htm --> www.whirlygirl.com /2.0/enumerates/cds 1998-01.htm
100.02.01 09:13 B C:\My Documents\!whirlygirl.com-NEW\enumerates\cds\1998-02.htm --> www.whirlygirl.com /2.0/enumerates/cds 1998-02.htm
100.02.01 09:14 B C:\My Documents\!whirlygirl.com-NEW\enumerates\cds\1998-03.htm --> www.whirlygirl.com /2.0/enumerates/cds 1998-03.htm
100.02.01 09:14 B C:\My Documents\!whirlygirl.com-NEW\enumerates\cds\1998-04.htm --> www.whirlygirl.com /2.0/enumerates/cds 1998-04.htm
100.02.01 09:14 B C:\My Documents\!whirlygirl.com-NEW\enumerates\cds\1998-05.htm --> www.whirlygirl.com /2.0/enumerates/cds 1998-05.htm
100.02.01 09:14 B C:\My Documents\!whirlygirl.com-NEW\enumerates\cds\1998-06-index.htm --> www.whirlygirl.com /2.0/enumerates/cds 1998-06-index.htm
100.02.01 09:14 B C:\My Documents\!whirlygirl.com-NEW\enumerates\cds\1998-06.htm --> www.whirlygirl.com /2.0/enumerates/cds 1998-06.htm
100.02.01 09:14 B C:\My Documents\!whirlygirl.com-NEW\enumerates\cds\1998-07.htm --> www.whirlygirl.com /2.0/enumerates/cds 1998-07.htm
100.02.01 09:14 B C:\My Documents\!whirlygirl.com-NEW\enumerates\cds\1998-08.htm --> www.whirlygirl.com /2.0/enumerates/cds 1998-08.htm
100.02.01 09:14 B C:\My Documents\!whirlygirl.com-NEW\enumerates\cds\1998-09.htm --> www.whirlygirl.com /2.0/enumerates/cds 1998-09.htm
100.02.01 09:14 B C:\My Documents\!whirlygirl.com-NEW\enumerates\cds\1998-10.htm --> www.whirlygirl.com /2.0/enumerates/cds 1998-10.htm
100.02.01 09:14 B C:\My Documents\!whirlygirl.com-NEW\enumerates\cds\1998-11.htm --> www.whirlygirl.com /2.0/enumerates/cds 1998-11.htm
100.02.01 09:14 B C:\My Documents\!whirlygirl.com-NEW\enumerates\cds\1998-12.htm --> www.whirlygirl.com /2.0/enumerates/cds 1998-12.htm
100.02.01 09:16 B C:\My Documents\!whirlygirl.com-NEW\enumerates\cds\1998-01.htm --> www.whirlygirl.com /2.0/enumerates/cds 1998-01.htm
100.02.01 09:16 B C:\My Documents\!whirlygirl.com-NEW\enumerates\cds\1998-02.htm --> www.whirlygirl.com /2.0/enumerates/cds 1998-02.htm
100.02.01 09:16 B C:\My Documents\!whirlygirl.com-NEW\enumerates\cds\1998-03.htm --> www.whirlygirl.com /2.0/enumerates/cds 1998-03.htm
100.02.01 09:16 B C:\My Documents\!whirlygirl.com-NEW\enumerates\cds\1998-04.htm --> www.whirlygirl.com /2.0/enumerates/cds 1998-04.htm
100.02.01 09:16 B C:\My Documents\!whirlygirl.com-NEW\enumerates\cds\1998-05.htm --> www.whirlygirl.com /2.0/enumerates/cds 1998-05.htm
100.02.01 09:16 B C:\My Documents\!whirlygirl.com-NEW\enumerates\cds\1998-06-index.htm --> www.whirlygirl.com /2.0/enumerates/cds 1998-06-index.htm
100.02.01 09:16 B C:\My Documents\!whirlygirl.com-NEW\enumerates\cds\1998-06.htm --> www.whirlygirl.com /2.0/enumerates/cds 1998-06.htm
100.02.01 09:16 B C:\My Documents\!whirlygirl.com-NEW\enumerates\cds\1998-07.htm --> www.whirlygirl.com /2.0/enumerates/cds 1998-07.htm
100.02.01 09:16 B C:\My Documents\!whirlygirl.com-NEW\enumerates\cds\1998-08.htm --> www.whirlygirl.com /2.0/enumerates/cds 1998-08.htm
100.02.01 09:16 B C:\My Documents\!whirlygirl.com-NEW\enumerates\cds\1998-09.htm --> www.whirlygirl.com /2.0/enumerates/cds 1998-09.htm
100.02.01 09:16 B C:\My Documents\!whirlygirl.com-NEW\enumerates\cds\1998-10.htm --> www.whirlygirl.com /2.0/enumerates/cds 1998-10.htm
100.02.01 09:16 B C:\My Documents\!whirlygirl.com-NEW\enumerates\cds\1998-11.htm --> www.whirlygirl.com /2.0/enumerates/cds 1998-11.htm
100.02.01 09:16 B C:\My Documents\!whirlygirl.com-NEW\enumerates\cds\1998-12.htm --> www.whirlygirl.com /2.0/enumerates/cds 1998-12.htm
100.02.01 09:16 B C:\My Documents\!whirlygirl.com-NEW\enumerates\cds\1998-13.htm --> www.whirlygirl.com /2.0/enumerates/cds 1998-13.htm
100.02.01 09:16 B C:\My Documents\!whirlygirl.com-NEW\enumerates\cds\1998-14-index.htm --> www.whirlygirl.com /2.0/enumerates/cds 1998-14-index.htm
100.02.01 09:16 B C:\My Documents\!whirlygirl.com-NEW\enumerates\cds\1998-14.htm --> www.whirlygirl.com /2.0/enumerates/cds 1998-14.htm
100.02.01 09:16 B C:\My Documents\!whirlygirl.com-NEW\enumerates\cds\1998-15.htm --> www.whirlygirl.com /2.0/enumerates/cds 1998-15.htm
100.02.01 09:16 B C:\My Documents\!whirlygirl.com-NEW\enumerates\cds\1998-16.htm --> www.whirlygirl.com /2.0/enumerates/cds 1998-16.htm
100.02.01 09:16 B C:\My Documents\!whirlygirl.com-NEW\enumerates\cds\1998-17.htm --> www.whirlygirl.com /2.0/enumerates/cds 1998-17.htm
100.02.01 09:16 B C:\My Documents\!whirlygirl.com-NEW\enumerates\cds\1998-18.htm --> www.whirlygirl.com /2.0/enumerates/cds 1998-18.htm
100.02.01 09:16 B C:\My Documents\!whirlygirl.com-NEW\enumerates\cds\1998-19.htm --> www.whirlygirl.com /2.0/enumerates/cds 1998-19.htm
100.02.01 09:16 B C:\My Documents\!whirlygirl.com-NEW\enumerates\cds\1998-20.htm --> www.whirlygirl.com /2.0/enumerates/cds 1998-20.htm
100.02.01 09:16 B C:\My Documents\!whirlygirl.com-NEW\enumerates\cds\1998-21.htm --> www.whirlygirl.com /2.0/enumerates/cds 1998-21.htm
100.02.01 09:16 B C:\My Documents\!whirlygirl.com-NEW\enumerates\cds\1998-22.htm --> www.whirlygirl.com /2.0/enumerates/cds 1998-22.htm
100.02.01 09:16 B C:\My Documents\!whirlygirl.com-NEW\enumerates\cds\1998-23.htm --> www.whirlygirl.com /2.0/enumerates/cds 1998-23.htm
100.02.01 09:16 B C:\My Documents\!whirlygirl.com-NEW\enumerates\cds\1998-24.htm --> www.whirlygirl.com /2.0/enumerates/cds 1998-24.htm
100.02.01 09:16 B C:\My Documents\!whirlygirl.com-NEW\enumerates\cds\1998-25.htm --> www.whirlygirl.com /2.0/enumerates/cds 1998-25.htm
100.02.01 09:16 B C:\My Documents\!whirlygirl.com-NEW\enumerates\cds\favoritecdsof1998-about.htm --> www.whirlygirl.com /2.0/enumerates/cds favoritecdsof1998-about.htm
100.02.01 09:16 B C:\My Documents\!whirlygirl.com-NEW\enumerates\cds\favoritecdsof1998-index.htm --> www.whirlygirl.com /2.0/enumerates/cds favoritecdsof1998-index.htm
100.02.01 09:16 B C:\My Documents\!whirlygirl.com-NEW\enumerates\cds\favoritecdsof1998-list.htm --> www.whirlygirl.com /2.0/enumerates/cds favoritecdsof1998-list.htm
100.02.01 09:16 B C:\My Documents\!whirlygirl.com-NEW\enumerates\cds\WS_FTP.LOG --> www.whirlygirl.com /2.0/enumerates/cds WS_FTP.LOG
100.02.01 15:02 B C:\My Documents\!whirlygirl.com-NEW\enumerates\cds\1998-01.htm --> www.whirlygirl.com /enumerates/cds 1998-01.htm
100.02.01 15:02 B C:\My Documents\!whirlygirl.com-NEW\enumerates\cds\1998-02.htm --> www.whirlygirl.com /enumerates/cds 1998-02.htm
100.02.01 15:02 B C:\My Documents\!whirlygirl.com-NEW\enumerates\cds\1998-03.htm --> www.whirlygirl.com /enumerates/cds 1998-03.htm
100.02.01 15:02 B C:\My Documents\!whirlygirl.com-NEW\enumerates\cds\1998-04.htm --> www.whirlygirl.com /enumerates/cds 1998-04.htm
100.02.01 15:02 B C:\My Documents\!whirlygirl.com-NEW\enumerates\cds\1998-05.htm --> www.whirlygirl.com /enumerates/cds 1998-05.htm
100.02.01 15:02 B C:\My Documents\!whirlygirl.com-NEW\enumerates\cds\1998-06-index.htm --> www.whirlygirl.com /enumerates/cds 1998-06-index.htm
100.02.01 15:02 B C:\My Documents\!whirlygirl.com-NEW\enumerates\cds\1998-06.htm --> www.whirlygirl.com /enumerates/cds 1998-06.htm
100.02.01 15:02 B C:\My Documents\!whirlygirl.com-NEW\enumerates\cds\1998-07.htm --> www.whirlygirl.com /enumerates/cds 1998-07.htm
100.02.01 15:02 B C:\My Documents\!whirlygirl.com-NEW\enumerates\cds\1998-08.htm --> www.whirlygirl.com /enumerates/cds 1998-08.htm
100.02.01 15:02 B C:\My Documents\!whirlygirl.com-NEW\enumerates\cds\1998-09.htm --> www.whirlygirl.com /enumerates/cds 1998-09.htm
100.02.01 15:03 B C:\My Documents\!whirlygirl.com-NEW\enumerates\cds\1998-10.htm --> www.whirlygirl.com /enumerates/cds 1998-10.htm
100.02.01 15:03 B C:\My Documents\!whirlygirl.com-NEW\enumerates\cds\1998-11.htm --> www.whirlygirl.com /enumerates/cds 1998-11.htm
100.02.01 15:03 B C:\My Documents\!whirlygirl.com-NEW\enumerates\cds\1998-12.htm --> www.whirlygirl.com /enumerates/cds 1998-12.htm
100.02.01 15:03 B C:\My Documents\!whirlygirl.com-NEW\enumerates\cds\1998-13.htm --> www.whirlygirl.com /enumerates/cds 1998-13.htm
100.02.01 15:03 B C:\My Documents\!whirlygirl.com-NEW\enumerates\cds\1998-14-index.htm --> www.whirlygirl.com /enumerates/cds 1998-14-index.htm
100.02.01 15:03 B C:\My Documents\!whirlygirl.com-NEW\enumerates\cds\1998-14.htm --> www.whirlygirl.com /enumerates/cds 1998-14.htm
100.02.01 15:03 B C:\My Documents\!whirlygirl.com-NEW\enumerates\cds\1998-15.htm --> www.whirlygirl.com /enumerates/cds 1998-15.htm
100.02.01 15:03 B C:\My Documents\!whirlygirl.com-NEW\enumerates\cds\1998-16.htm --> www.whirlygirl.com /enumerates/cds 1998-16.htm
100.02.01 15:03 B C:\My Documents\!whirlygirl.com-NEW\enumerates\cds\1998-17.htm --> www.whirlygirl.com /enumerates/cds 1998-17.htm
100.02.01 15:03 B C:\My Documents\!whirlygirl.com-NEW\enumerates\cds\1998-18.htm --> www.whirlygirl.com /enumerates/cds 1998-18.htm
100.02.01 15:03 B C:\My Documents\!whirlygirl.com-NEW\enumerates\cds\1998-19.htm --> www.whirlygirl.com /enumerates/cds 1998-19.htm
100.02.01 15:03 B C:\My Documents\!whirlygirl.com-NEW\enumerates\cds\1998-20.htm --> www.whirlygirl.com /enumerates/cds 1998-20.htm
100.02.01 15:03 B C:\My Documents\!whirlygirl.com-NEW\enumerates\cds\1998-21.htm --> www.whirlygirl.com /enumerates/cds 1998-21.htm
100.02.01 15:03 B C:\My Documents\!whirlygirl.com-NEW\enumerates\cds\1998-22.htm --> www.whirlygirl.com /enumerates/cds 1998-22.htm
100.02.01 15:03 B C:\My Documents\!whirlygirl.com-NEW\enumerates\cds\1998-23.htm --> www.whirlygirl.com /enumerates/cds 1998-23.htm
100.02.01 15:03 B C:\My Documents\!whirlygirl.com-NEW\enumerates\cds\1998-24.htm --> www.whirlygirl.com /enumerates/cds 1998-24.htm
100.02.01 15:03 B C:\My Documents\!whirlygirl.com-NEW\enumerates\cds\1998-25.htm --> www.whirlygirl.com /enumerates/cds 1998-25.htm
100.02.01 15:03 B C:\My Documents\!whirlygirl.com-NEW\enumerates\cds\favoritecdsof1998-about.htm --> www.whirlygirl.com /enumerates/cds favoritecdsof1998-about.htm
100.02.01 15:03 B C:\My Documents\!whirlygirl.com-NEW\enumerates\cds\favoritecdsof1998-index.htm --> www.whirlygirl.com /enumerates/cds favoritecdsof1998-index.htm
100.02.01 15:03 B C:\My Documents\!whirlygirl.com-NEW\enumerates\cds\favoritecdsof1998-list.htm --> www.whirlygirl.com /enumerates/cds favoritecdsof1998-list.htm
