99.06.10 20:03 B C:\!whirlygirl.com\lists\index.htm --> home.mindspring.com /whirlygirl/www/lists index.htm
99.06.10 22:38 B C:\!whirlygirl.com\lists\books.htm --> home.mindspring.com /whirlygirl/www/lists books.htm
99.06.10 22:38 B C:\!whirlygirl.com\lists\fire.htm --> home.mindspring.com /whirlygirl/www/lists fire.htm
99.06.10 22:38 B C:\!whirlygirl.com\lists\index.htm --> home.mindspring.com /whirlygirl/www/lists index.htm
99.06.10 22:38 B C:\!whirlygirl.com\lists\jeopardy.htm --> home.mindspring.com /whirlygirl/www/lists jeopardy.htm
99.06.10 22:38 B C:\!whirlygirl.com\lists\jobs.htm --> home.mindspring.com /whirlygirl/www/lists jobs.htm
99.06.10 22:38 B C:\!whirlygirl.com\lists\meal.htm --> home.mindspring.com /whirlygirl/www/lists meal.htm
99.06.10 22:38 B C:\!whirlygirl.com\lists\toys.htm --> home.mindspring.com /whirlygirl/www/lists toys.htm
99.06.10 22:38 B C:\!whirlygirl.com\lists\tv.htm --> home.mindspring.com /whirlygirl/www/lists tv.htm
99.06.10 23:17 B C:\!whirlygirl.com\lists\fire.htm --> home.mindspring.com /whirlygirl/www/lists fire.htm
99.06.11 20:04 B C:\!whirlygirl.com\lists\books.htm <-- WS_FTP32 /whirlygirl/www/lists books.htm
99.06.11 20:04 B C:\!whirlygirl.com\lists\fire.htm <-- WS_FTP32 /whirlygirl/www/lists fire.htm
99.06.11 20:04 B C:\!whirlygirl.com\lists\index.htm <-- WS_FTP32 /whirlygirl/www/lists index.htm
99.06.11 20:04 B C:\!whirlygirl.com\lists\jeopardy.htm <-- WS_FTP32 /whirlygirl/www/lists jeopardy.htm
99.06.11 20:04 B C:\!whirlygirl.com\lists\jobs.htm <-- WS_FTP32 /whirlygirl/www/lists jobs.htm
99.06.11 20:04 B C:\!whirlygirl.com\lists\meal.htm <-- WS_FTP32 /whirlygirl/www/lists meal.htm
99.06.11 20:04 B C:\!whirlygirl.com\lists\toys.htm <-- WS_FTP32 /whirlygirl/www/lists toys.htm
99.06.11 20:04 B C:\!whirlygirl.com\lists\tv.htm <-- WS_FTP32 /whirlygirl/www/lists tv.htm
99.06.12 12:01 B C:\!whirlygirl.com\lists\books.htm --> home.mindspring.com /whirlygirl/www/lists books.htm
99.06.12 12:01 B C:\!whirlygirl.com\lists\fire.htm --> home.mindspring.com /whirlygirl/www/lists fire.htm
99.06.12 12:01 B C:\!whirlygirl.com\lists\index.htm --> home.mindspring.com /whirlygirl/www/lists index.htm
99.06.12 12:01 B C:\!whirlygirl.com\lists\jeopardy.htm --> home.mindspring.com /whirlygirl/www/lists jeopardy.htm
99.06.12 12:01 B C:\!whirlygirl.com\lists\jobs.htm --> home.mindspring.com /whirlygirl/www/lists jobs.htm
99.06.12 12:01 B C:\!whirlygirl.com\lists\meal.htm --> home.mindspring.com /whirlygirl/www/lists meal.htm
99.06.12 12:01 B C:\!whirlygirl.com\lists\toys.htm --> home.mindspring.com /whirlygirl/www/lists toys.htm
99.06.12 12:02 B C:\!whirlygirl.com\lists\tv.htm --> home.mindspring.com /whirlygirl/www/lists tv.htm
99.06.14 10:52 B C:\my documents\!whirlygirl.com\lists\WS_FTP.LOG <-- WS_FTP32 /whirlygirl/www/lists WS_FTP.LOG
99.06.14 17:25 B C:\my documents\!whirlygirl.com\lists\books.htm --> home.mindspring.com /whirlygirl/www/lists books.htm
99.06.14 17:40 B C:\my documents\!whirlygirl.com\lists\books.htm --> home.mindspring.com /whirlygirl/www/lists books.htm
99.06.14 17:40 B C:\my documents\!whirlygirl.com\lists\fire.htm --> home.mindspring.com /whirlygirl/www/lists fire.htm
99.06.14 17:40 B C:\my documents\!whirlygirl.com\lists\index.htm --> home.mindspring.com /whirlygirl/www/lists index.htm
99.06.14 17:40 B C:\my documents\!whirlygirl.com\lists\jeopardy.htm --> home.mindspring.com /whirlygirl/www/lists jeopardy.htm
99.06.14 17:40 B C:\my documents\!whirlygirl.com\lists\jobs.htm --> home.mindspring.com /whirlygirl/www/lists jobs.htm
99.06.14 17:40 B C:\my documents\!whirlygirl.com\lists\meal.htm --> home.mindspring.com /whirlygirl/www/lists meal.htm
99.06.14 17:40 B C:\my documents\!whirlygirl.com\lists\toys.htm --> home.mindspring.com /whirlygirl/www/lists toys.htm
99.06.14 17:40 B C:\my documents\!whirlygirl.com\lists\tv.htm --> home.mindspring.com /whirlygirl/www/lists tv.htm
99.06.16 15:07 B C:\My documents\!whirlygirl.com\lists\WS_FTP.LOG <-- WS_FTP32 /whirlygirl/www/lists WS_FTP.LOG
99.06.16 16:16 B C:\My Documents\!whirlygirl.com\lists\body.htm --> home.mindspring.com /whirlygirl/www/lists body.htm
99.06.16 16:16 B C:\My Documents\!whirlygirl.com\lists\books.htm --> home.mindspring.com /whirlygirl/www/lists books.htm
99.06.16 16:16 B C:\My Documents\!whirlygirl.com\lists\fire.htm --> home.mindspring.com /whirlygirl/www/lists fire.htm
99.06.16 16:17 B C:\My Documents\!whirlygirl.com\lists\index.htm --> home.mindspring.com /whirlygirl/www/lists index.htm
99.06.16 16:17 B C:\My Documents\!whirlygirl.com\lists\jeopardy.htm --> home.mindspring.com /whirlygirl/www/lists jeopardy.htm
99.06.16 16:17 B C:\My Documents\!whirlygirl.com\lists\jobs.htm --> home.mindspring.com /whirlygirl/www/lists jobs.htm
99.06.16 16:17 B C:\My Documents\!whirlygirl.com\lists\meal.htm --> home.mindspring.com /whirlygirl/www/lists meal.htm
99.06.16 16:17 B C:\My Documents\!whirlygirl.com\lists\toys.htm --> home.mindspring.com /whirlygirl/www/lists toys.htm
99.06.16 16:17 B C:\My Documents\!whirlygirl.com\lists\tv.htm --> home.mindspring.com /whirlygirl/www/lists tv.htm
99.07.06 23:00 B C:\!whirlygirl.com\lists\WS_FTP.LOG <-- WS_FTP32 /whirlygirl/www/lists WS_FTP.LOG
99.07.07 02:28 B C:\!whirlygirl.com\lists\index.htm --> home.mindspring.com /whirlygirl/www/lists index.htm
99.07.07 02:44 B C:\!whirlygirl.com\lists\990618-todd-topten.htm --> home.mindspring.com /whirlygirl/www/lists 990618-todd-topten.htm
99.07.07 02:44 B C:\!whirlygirl.com\lists\body.htm --> home.mindspring.com /whirlygirl/www/lists body.htm
99.07.07 02:44 B C:\!whirlygirl.com\lists\books.htm --> home.mindspring.com /whirlygirl/www/lists books.htm
99.07.07 02:44 B C:\!whirlygirl.com\lists\fire.htm --> home.mindspring.com /whirlygirl/www/lists fire.htm
99.07.07 02:44 B C:\!whirlygirl.com\lists\index.htm --> home.mindspring.com /whirlygirl/www/lists index.htm
99.07.07 02:44 B C:\!whirlygirl.com\lists\jeopardy.htm --> home.mindspring.com /whirlygirl/www/lists jeopardy.htm
99.07.07 02:44 B C:\!whirlygirl.com\lists\jobs.htm --> home.mindspring.com /whirlygirl/www/lists jobs.htm
99.07.07 02:44 B C:\!whirlygirl.com\lists\meal.htm --> home.mindspring.com /whirlygirl/www/lists meal.htm
99.07.07 02:44 B C:\!whirlygirl.com\lists\toys.htm --> home.mindspring.com /whirlygirl/www/lists toys.htm
99.07.07 02:44 B C:\!whirlygirl.com\lists\tv.htm --> home.mindspring.com /whirlygirl/www/lists tv.htm
99.07.07 02:44 B C:\!whirlygirl.com\lists\WS_FTP.LOG --> home.mindspring.com /whirlygirl/www/lists WS_FTP.LOG
99.07.11 23:58 B C:\!whirlygirl.com\lists\990618-todd-topten.htm --> home.mindspring.com /whirlygirl/www/lists 990618-todd-topten.htm
99.07.11 23:58 B C:\!whirlygirl.com\lists\990711-janet-birthdaywishes.htm --> home.mindspring.com /whirlygirl/www/lists 990711-janet-birthdaywishes.htm
99.07.11 23:58 B C:\!whirlygirl.com\lists\body.htm --> home.mindspring.com /whirlygirl/www/lists body.htm
99.07.11 23:58 B C:\!whirlygirl.com\lists\books.htm --> home.mindspring.com /whirlygirl/www/lists books.htm
99.07.11 23:58 B C:\!whirlygirl.com\lists\fire.htm --> home.mindspring.com /whirlygirl/www/lists fire.htm
99.07.11 23:58 B C:\!whirlygirl.com\lists\index.htm --> home.mindspring.com /whirlygirl/www/lists index.htm
99.07.11 23:58 B C:\!whirlygirl.com\lists\jeopardy.htm --> home.mindspring.com /whirlygirl/www/lists jeopardy.htm
99.07.11 23:58 B C:\!whirlygirl.com\lists\jobs.htm --> home.mindspring.com /whirlygirl/www/lists jobs.htm
99.07.11 23:59 B C:\!whirlygirl.com\lists\meal.htm --> home.mindspring.com /whirlygirl/www/lists meal.htm
99.07.11 23:59 B C:\!whirlygirl.com\lists\toys.htm --> home.mindspring.com /whirlygirl/www/lists toys.htm
99.07.11 23:59 B C:\!whirlygirl.com\lists\tv.htm --> home.mindspring.com /whirlygirl/www/lists tv.htm
99.08.30 19:27 B C:\My Documents\!whirlygirl.com\lists\WS_FTP.LOG <-- WS_FTP32 /whirlygirl/www/lists WS_FTP.LOG
99.09.02 02:02 B C:\!!whirlygirl.com\lists\1998bestmovies.htm --> home.mindspring.com /whirlygirl/www/lists 1998bestmovies.htm
99.09.02 02:02 B C:\!!whirlygirl.com\lists\990618-todd-topten.htm --> home.mindspring.com /whirlygirl/www/lists 990618-todd-topten.htm
99.09.02 02:02 B C:\!!whirlygirl.com\lists\990711-janet-birthdaywishes.htm --> home.mindspring.com /whirlygirl/www/lists 990711-janet-birthdaywishes.htm
99.09.02 02:02 B C:\!!whirlygirl.com\lists\body.htm --> home.mindspring.com /whirlygirl/www/lists body.htm
99.09.02 02:02 B C:\!!whirlygirl.com\lists\books.htm --> home.mindspring.com /whirlygirl/www/lists books.htm
99.09.02 02:02 B C:\!!whirlygirl.com\lists\fire.htm --> home.mindspring.com /whirlygirl/www/lists fire.htm
99.09.02 02:02 B C:\!!whirlygirl.com\lists\index.htm --> home.mindspring.com /whirlygirl/www/lists index.htm
99.09.02 02:02 B C:\!!whirlygirl.com\lists\jeopardy.htm --> home.mindspring.com /whirlygirl/www/lists jeopardy.htm
99.09.02 02:02 B C:\!!whirlygirl.com\lists\jobs.htm --> home.mindspring.com /whirlygirl/www/lists jobs.htm
99.09.02 02:02 B C:\!!whirlygirl.com\lists\likablethingsaboutboston.htm --> home.mindspring.com /whirlygirl/www/lists likablethingsaboutboston.htm
99.09.02 02:02 B C:\!!whirlygirl.com\lists\meal.htm --> home.mindspring.com /whirlygirl/www/lists meal.htm
99.09.02 02:02 B C:\!!whirlygirl.com\lists\toddslist.htm --> home.mindspring.com /whirlygirl/www/lists toddslist.htm
99.09.02 02:02 B C:\!!whirlygirl.com\lists\toys.htm --> home.mindspring.com /whirlygirl/www/lists toys.htm
99.09.02 02:02 B C:\!!whirlygirl.com\lists\tv.htm --> home.mindspring.com /whirlygirl/www/lists tv.htm
99.10.05 07:42 B C:\My Documents\!whirlygirl.com\lists\WS_FTP.LOG <-- WS_FTP32 /whirlygirl/www/lists WS_FTP.LOG
99.10.05 09:13 B C:\My Documents\!whirlygirl.com\lists\1998bestmovies.htm --> home.mindspring.com /whirlygirl/www/lists 1998bestmovies.htm
99.10.05 09:13 B C:\My Documents\!whirlygirl.com\lists\990618-todd-topten.htm --> home.mindspring.com /whirlygirl/www/lists 990618-todd-topten.htm
99.10.05 09:13 B C:\My Documents\!whirlygirl.com\lists\990711-janet-birthdaywishes.htm --> home.mindspring.com /whirlygirl/www/lists 990711-janet-birthdaywishes.htm
99.10.05 09:13 B C:\My Documents\!whirlygirl.com\lists\body.htm --> home.mindspring.com /whirlygirl/www/lists body.htm
99.10.05 09:13 B C:\My Documents\!whirlygirl.com\lists\books.htm --> home.mindspring.com /whirlygirl/www/lists books.htm
99.10.05 09:13 B C:\My Documents\!whirlygirl.com\lists\fire.htm --> home.mindspring.com /whirlygirl/www/lists fire.htm
99.10.05 09:13 B C:\My Documents\!whirlygirl.com\lists\index.htm --> home.mindspring.com /whirlygirl/www/lists index.htm
99.10.05 09:13 B C:\My Documents\!whirlygirl.com\lists\jeopardy.htm --> home.mindspring.com /whirlygirl/www/lists jeopardy.htm
99.10.05 09:13 B C:\My Documents\!whirlygirl.com\lists\jobs.htm --> home.mindspring.com /whirlygirl/www/lists jobs.htm
99.10.05 09:13 B C:\My Documents\!whirlygirl.com\lists\likablethingsaboutboston.htm --> home.mindspring.com /whirlygirl/www/lists likablethingsaboutboston.htm
99.10.05 09:13 B C:\My Documents\!whirlygirl.com\lists\meal.htm --> home.mindspring.com /whirlygirl/www/lists meal.htm
99.10.05 09:13 B C:\My Documents\!whirlygirl.com\lists\toddslist.htm --> home.mindspring.com /whirlygirl/www/lists toddslist.htm
99.10.05 09:13 B C:\My Documents\!whirlygirl.com\lists\toys.htm --> home.mindspring.com /whirlygirl/www/lists toys.htm
99.10.05 09:13 B C:\My Documents\!whirlygirl.com\lists\tv.htm --> home.mindspring.com /whirlygirl/www/lists tv.htm
99.10.05 09:13 B C:\My Documents\!whirlygirl.com\lists\WS_FTP.LOG --> home.mindspring.com /whirlygirl/www/lists WS_FTP.LOG
99.10.08 12:36 B C:\My Documents\!whirlygirl.com\recommends\991005-feverpitch.htm --> home.mindspring.com /whirlygirl/www/recommends 991005-feverpitch.htm
99.10.08 12:36 B C:\My Documents\!whirlygirl.com\recommends\body.htm --> home.mindspring.com /whirlygirl/www/recommends body.htm
99.10.08 12:36 B C:\My Documents\!whirlygirl.com\recommends\index.htm --> home.mindspring.com /whirlygirl/www/recommends index.htm
99.10.08 12:36 B C:\My Documents\!whirlygirl.com\recommends\WS_FTP.LOG --> home.mindspring.com /whirlygirl/www/recommends WS_FTP.LOG
99.10.12 21:24 B C:\!!whirlygirl.com\recommends\991005-feverpitch.htm --> home.mindspring.com /whirlygirl/www/recommends 991005-feverpitch.htm
99.10.12 21:24 B C:\!!whirlygirl.com\recommends\body.htm --> home.mindspring.com /whirlygirl/www/recommends body.htm
99.10.12 21:24 B C:\!!whirlygirl.com\recommends\index.htm --> home.mindspring.com /whirlygirl/www/recommends index.htm
99.11.19 07:55 B C:\My Documents\!whirlygirl.com\recommends\WS_FTP.LOG <-- WS_FTP32 /whirlygirl/www/recommends WS_FTP.LOG
99.12.04 00:41 B C:\!!whirlygirl.com\recommends\991202-madison.htm --> home.mindspring.com /whirlygirl/www/recommends 991202-madison.htm
99.12.04 00:41 B C:\!!whirlygirl.com\recommends\991127-slcpunk.htm --> home.mindspring.com /whirlygirl/www/recommends 991127-slcpunk.htm
99.12.04 00:46 B C:\!!whirlygirl.com\recommends\body.htm --> home.mindspring.com /whirlygirl/www/recommends body.htm
100.01.04 13:02 B C:\My Documents\!whirlygirl.com\recommends\WS_FTP.LOG <-- WS_FTP32 /whirlygirl/www/recommends WS_FTP.LOG
100.01.04 15:30 B C:\My Documents\!whirlygirl.com\recommends\991005-feverpitch.htm --> home.mindspring.com /whirlygirl/www/recommends 991005-feverpitch.htm
100.01.04 15:30 B C:\My Documents\!whirlygirl.com\recommends\991106-fightclub.htm --> home.mindspring.com /whirlygirl/www/recommends 991106-fightclub.htm
100.01.04 15:30 B C:\My Documents\!whirlygirl.com\recommends\991127-slcpunk.htm --> home.mindspring.com /whirlygirl/www/recommends 991127-slcpunk.htm
100.01.04 15:30 B C:\My Documents\!whirlygirl.com\recommends\991202-madison.htm --> home.mindspring.com /whirlygirl/www/recommends 991202-madison.htm
100.01.04 15:30 B C:\My Documents\!whirlygirl.com\recommends\body.htm --> home.mindspring.com /whirlygirl/www/recommends body.htm
100.01.04 15:30 B C:\My Documents\!whirlygirl.com\recommends\index.htm --> home.mindspring.com /whirlygirl/www/recommends index.htm
100.01.04 15:30 B C:\My Documents\!whirlygirl.com\recommends\WS_FTP.LOG --> home.mindspring.com /whirlygirl/www/recommends WS_FTP.LOG
100.01.06 18:28 B C:\My Documents\!whirlygirl.com\recommends\991005-feverpitch.htm --> www.whirlygirl.com /recommends 991005-feverpitch.htm
100.01.06 18:28 B C:\My Documents\!whirlygirl.com\recommends\991106-fightclub.htm --> www.whirlygirl.com /recommends 991106-fightclub.htm
100.01.06 18:28 B C:\My Documents\!whirlygirl.com\recommends\991127-slcpunk.htm --> www.whirlygirl.com /recommends 991127-slcpunk.htm
100.01.06 18:28 B C:\My Documents\!whirlygirl.com\recommends\991202-madison.htm --> www.whirlygirl.com /recommends 991202-madison.htm
100.01.06 18:28 B C:\My Documents\!whirlygirl.com\recommends\body.htm --> www.whirlygirl.com /recommends body.htm
100.01.06 18:28 B C:\My Documents\!whirlygirl.com\recommends\index.htm --> www.whirlygirl.com /recommends index.htm
100.01.06 18:28 B C:\My Documents\!whirlygirl.com\recommends\WS_FTP.LOG --> www.whirlygirl.com /recommends WS_FTP.LOG
100.01.06 18:30 B C:\My Documents\!whirlygirl.com\recommends\991005-feverpitch.htm --> www.whirlygirl.com /whirlygirl2.0/recommends 991005-feverpitch.htm
100.01.06 18:30 B C:\My Documents\!whirlygirl.com\recommends\991106-fightclub.htm --> www.whirlygirl.com /whirlygirl2.0/recommends 991106-fightclub.htm
100.01.06 18:30 B C:\My Documents\!whirlygirl.com\recommends\991127-slcpunk.htm --> www.whirlygirl.com /whirlygirl2.0/recommends 991127-slcpunk.htm
100.01.06 18:30 B C:\My Documents\!whirlygirl.com\recommends\991202-madison.htm --> www.whirlygirl.com /whirlygirl2.0/recommends 991202-madison.htm
100.01.06 18:30 B C:\My Documents\!whirlygirl.com\recommends\body.htm --> www.whirlygirl.com /whirlygirl2.0/recommends body.htm
100.01.06 18:30 B C:\My Documents\!whirlygirl.com\recommends\index.htm --> www.whirlygirl.com /whirlygirl2.0/recommends index.htm
100.01.06 18:30 B C:\My Documents\!whirlygirl.com\recommends\WS_FTP.LOG --> www.whirlygirl.com /whirlygirl2.0/recommends WS_FTP.LOG
100.01.31 16:41 B C:\My Documents\!whirlygirl.com\recommends\991005-feverpitch.htm --> www.whirlygirl.com /recommends 991005-feverpitch.htm
100.01.31 16:41 B C:\My Documents\!whirlygirl.com\recommends\991106-fightclub.htm --> www.whirlygirl.com /recommends 991106-fightclub.htm
100.01.31 16:41 B C:\My Documents\!whirlygirl.com\recommends\991127-slcpunk.htm --> www.whirlygirl.com /recommends 991127-slcpunk.htm
100.01.31 16:41 B C:\My Documents\!whirlygirl.com\recommends\991202-madison.htm --> www.whirlygirl.com /recommends 991202-madison.htm
100.01.31 16:41 B C:\My Documents\!whirlygirl.com\recommends\body.htm --> www.whirlygirl.com /recommends body.htm
100.01.31 16:41 B C:\My Documents\!whirlygirl.com\recommends\index.htm --> www.whirlygirl.com /recommends index.htm
100.01.31 16:41 B C:\My Documents\!whirlygirl.com\recommends\WS_FTP.LOG --> www.whirlygirl.com /recommends WS_FTP.LOG
100.01.31 16:59 B C:\My Documents\!whirlygirl.com\recommends\991005-feverpitch.htm --> www.whirlygirl.com /1.0/recommends 991005-feverpitch.htm
100.01.31 16:59 B C:\My Documents\!whirlygirl.com\recommends\991106-fightclub.htm --> www.whirlygirl.com /1.0/recommends 991106-fightclub.htm
100.01.31 16:59 B C:\My Documents\!whirlygirl.com\recommends\991127-slcpunk.htm --> www.whirlygirl.com /1.0/recommends 991127-slcpunk.htm
100.01.31 16:59 B C:\My Documents\!whirlygirl.com\recommends\991202-madison.htm --> www.whirlygirl.com /1.0/recommends 991202-madison.htm
100.01.31 16:59 B C:\My Documents\!whirlygirl.com\recommends\body.htm --> www.whirlygirl.com /1.0/recommends body.htm
100.01.31 16:59 B C:\My Documents\!whirlygirl.com\recommends\index.htm --> www.whirlygirl.com /1.0/recommends index.htm
