100.01.31 16:34 B C:\My Documents\!whirlygirl.com-NEW\enumerates\19980417-favoritebooks.htm --> www.whirlygirl.com /2.0/enumerates 19980417-favoritebooks.htm
100.01.31 16:34 B C:\My Documents\!whirlygirl.com-NEW\enumerates\19980428-thingsidrescuefromafire.htm --> www.whirlygirl.com /2.0/enumerates 19980428-thingsidrescuefromafire.htm
100.01.31 16:34 B C:\My Documents\!whirlygirl.com-NEW\enumerates\19980513-dreamjeopardycategories.htm --> www.whirlygirl.com /2.0/enumerates 19980513-dreamjeopardycategories.htm
100.01.31 16:34 B C:\My Documents\!whirlygirl.com-NEW\enumerates\19980601-dreamjobs.htm --> www.whirlygirl.com /2.0/enumerates 19980601-dreamjobs.htm
100.01.31 16:34 B C:\My Documents\!whirlygirl.com-NEW\enumerates\19980617-favoritechildhoodtoys.htm --> www.whirlygirl.com /2.0/enumerates 19980617-favoritechildhoodtoys.htm
100.01.31 16:34 B C:\My Documents\!whirlygirl.com-NEW\enumerates\19980925-besttelevisionshowsever.htm --> www.whirlygirl.com /2.0/enumerates 19980925-besttelevisionshowsever.htm
100.01.31 16:34 B C:\My Documents\!whirlygirl.com-NEW\enumerates\19981228-thingsidwantasmylastmeal.htm --> www.whirlygirl.com /2.0/enumerates 19981228-thingsidwantasmylastmeal.htm
100.01.31 16:34 B C:\My Documents\!whirlygirl.com-NEW\enumerates\19990226-favoritemoviesof1998-index.htm --> www.whirlygirl.com /2.0/enumerates 19990226-favoritemoviesof1998-index.htm
100.01.31 16:34 B C:\My Documents\!whirlygirl.com-NEW\enumerates\19990226-favoritemoviesof1998.htm --> www.whirlygirl.com /2.0/enumerates 19990226-favoritemoviesof1998.htm
100.01.31 16:34 B C:\My Documents\!whirlygirl.com-NEW\enumerates\19990812-thingstoddhastalkedtodeath-index.htm --> www.whirlygirl.com /2.0/enumerates 19990812-thingstoddhastalkedtodeath-index.htm
100.01.31 16:34 B C:\My Documents\!whirlygirl.com-NEW\enumerates\19990812-thingstoddhastalkedtodeath.htm --> www.whirlygirl.com /2.0/enumerates 19990812-thingstoddhastalkedtodeath.htm
100.01.31 16:34 B C:\My Documents\!whirlygirl.com-NEW\enumerates\19991005-thingsillmissmostwhenileaveboston-index.htm --> www.whirlygirl.com /2.0/enumerates 19991005-thingsillmissmostwhenileaveboston-index.htm
100.01.31 16:34 B C:\My Documents\!whirlygirl.com-NEW\enumerates\19991005-thingsillmissmostwhenileaveboston.htm --> www.whirlygirl.com /2.0/enumerates 19991005-thingsillmissmostwhenileaveboston.htm
100.01.31 16:34 B C:\My Documents\!whirlygirl.com-NEW\enumerates\19991119-thingsidontwanttotalkabout-index.htm --> www.whirlygirl.com /2.0/enumerates 19991119-thingsidontwanttotalkabout-index.htm
100.01.31 16:34 B C:\My Documents\!whirlygirl.com-NEW\enumerates\19991119-thingsidontwanttotalkabout.htm --> www.whirlygirl.com /2.0/enumerates 19991119-thingsidontwanttotalkabout.htm
100.01.31 16:34 B C:\My Documents\!whirlygirl.com-NEW\enumerates\19991206-thingsiwouldputinatimecapsuletobeopenedintheyear3000-index.htm --> www.whirlygirl.com /2.0/enumerates 19991206-thingsiwouldputinatimecapsuletobeopenedintheyear3000-index.htm
100.01.31 16:34 B C:\My Documents\!whirlygirl.com-NEW\enumerates\19991206-thingsiwouldputinatimecapsuletobeopenedintheyear3000.htm --> www.whirlygirl.com /2.0/enumerates 19991206-thingsiwouldputinatimecapsuletobeopenedintheyear3000.htm
100.01.31 16:34 B C:\My Documents\!whirlygirl.com-NEW\enumerates\20000101-favoritesof1999-index.htm --> www.whirlygirl.com /2.0/enumerates 20000101-favoritesof1999-index.htm
100.01.31 16:34 B C:\My Documents\!whirlygirl.com-NEW\enumerates\20000101-favoritesof1999.htm --> www.whirlygirl.com /2.0/enumerates 20000101-favoritesof1999.htm
100.01.31 16:35 B C:\My Documents\!whirlygirl.com-NEW\enumerates\19980417-favoritebooks.htm --> www.whirlygirl.com /2.0/enumerates 19980417-favoritebooks.htm
100.01.31 16:35 B C:\My Documents\!whirlygirl.com-NEW\enumerates\19980428-thingsidrescuefromafire.htm --> www.whirlygirl.com /2.0/enumerates 19980428-thingsidrescuefromafire.htm
100.01.31 16:35 B C:\My Documents\!whirlygirl.com-NEW\enumerates\19980513-dreamjeopardycategories.htm --> www.whirlygirl.com /2.0/enumerates 19980513-dreamjeopardycategories.htm
100.01.31 16:35 B C:\My Documents\!whirlygirl.com-NEW\enumerates\19980601-dreamjobs.htm --> www.whirlygirl.com /2.0/enumerates 19980601-dreamjobs.htm
100.01.31 16:35 B C:\My Documents\!whirlygirl.com-NEW\enumerates\19980617-favoritechildhoodtoys.htm --> www.whirlygirl.com /2.0/enumerates 19980617-favoritechildhoodtoys.htm
100.01.31 16:35 B C:\My Documents\!whirlygirl.com-NEW\enumerates\19980925-besttelevisionshowsever.htm --> www.whirlygirl.com /2.0/enumerates 19980925-besttelevisionshowsever.htm
100.01.31 16:35 B C:\My Documents\!whirlygirl.com-NEW\enumerates\19981228-thingsidwantasmylastmeal.htm --> www.whirlygirl.com /2.0/enumerates 19981228-thingsidwantasmylastmeal.htm
100.01.31 16:35 B C:\My Documents\!whirlygirl.com-NEW\enumerates\19990226-favoritemoviesof1998-index.htm --> www.whirlygirl.com /2.0/enumerates 19990226-favoritemoviesof1998-index.htm
100.01.31 16:35 B C:\My Documents\!whirlygirl.com-NEW\enumerates\19990226-favoritemoviesof1998.htm --> www.whirlygirl.com /2.0/enumerates 19990226-favoritemoviesof1998.htm
100.01.31 16:35 B C:\My Documents\!whirlygirl.com-NEW\enumerates\19990812-thingstoddhastalkedtodeath-index.htm --> www.whirlygirl.com /2.0/enumerates 19990812-thingstoddhastalkedtodeath-index.htm
100.01.31 16:35 B C:\My Documents\!whirlygirl.com-NEW\enumerates\19990812-thingstoddhastalkedtodeath.htm --> www.whirlygirl.com /2.0/enumerates 19990812-thingstoddhastalkedtodeath.htm
100.01.31 16:35 B C:\My Documents\!whirlygirl.com-NEW\enumerates\19991005-thingsillmissmostwhenileaveboston-index.htm --> www.whirlygirl.com /2.0/enumerates 19991005-thingsillmissmostwhenileaveboston-index.htm
100.01.31 16:35 B C:\My Documents\!whirlygirl.com-NEW\enumerates\19991005-thingsillmissmostwhenileaveboston.htm --> www.whirlygirl.com /2.0/enumerates 19991005-thingsillmissmostwhenileaveboston.htm
100.01.31 16:35 B C:\My Documents\!whirlygirl.com-NEW\enumerates\19991119-thingsidontwanttotalkabout-index.htm --> www.whirlygirl.com /2.0/enumerates 19991119-thingsidontwanttotalkabout-index.htm
100.01.31 16:35 B C:\My Documents\!whirlygirl.com-NEW\enumerates\19991119-thingsidontwanttotalkabout.htm --> www.whirlygirl.com /2.0/enumerates 19991119-thingsidontwanttotalkabout.htm
100.01.31 16:35 B C:\My Documents\!whirlygirl.com-NEW\enumerates\19991206-thingsiwouldputinatimecapsuletobeopenedintheyear3000-index.htm --> www.whirlygirl.com /2.0/enumerates 19991206-thingsiwouldputinatimecapsuletobeopenedintheyear3000-index.htm
100.01.31 16:35 B C:\My Documents\!whirlygirl.com-NEW\enumerates\19991206-thingsiwouldputinatimecapsuletobeopenedintheyear3000.htm --> www.whirlygirl.com /2.0/enumerates 19991206-thingsiwouldputinatimecapsuletobeopenedintheyear3000.htm
100.01.31 16:35 B C:\My Documents\!whirlygirl.com-NEW\enumerates\20000101-favoritesof1999-index.htm --> www.whirlygirl.com /2.0/enumerates 20000101-favoritesof1999-index.htm
100.01.31 16:35 B C:\My Documents\!whirlygirl.com-NEW\enumerates\20000101-favoritesof1999.htm --> www.whirlygirl.com /2.0/enumerates 20000101-favoritesof1999.htm
100.01.31 16:35 B C:\My Documents\!whirlygirl.com-NEW\enumerates\about.htm --> www.whirlygirl.com /2.0/enumerates about.htm
100.01.31 16:35 B C:\My Documents\!whirlygirl.com-NEW\enumerates\index.htm --> www.whirlygirl.com /2.0/enumerates index.htm
100.01.31 16:35 B C:\My Documents\!whirlygirl.com-NEW\enumerates\list.htm --> www.whirlygirl.com /2.0/enumerates list.htm
100.01.31 16:35 B C:\My Documents\!whirlygirl.com-NEW\enumerates\WS_FTP.LOG --> www.whirlygirl.com /2.0/enumerates WS_FTP.LOG
100.02.01 09:16 B C:\My Documents\!whirlygirl.com-NEW\enumerates\19980417-favoritebooks.htm --> www.whirlygirl.com /2.0/enumerates 19980417-favoritebooks.htm
100.02.01 09:16 B C:\My Documents\!whirlygirl.com-NEW\enumerates\19980428-thingsidrescuefromafire.htm --> www.whirlygirl.com /2.0/enumerates 19980428-thingsidrescuefromafire.htm
100.02.01 09:16 B C:\My Documents\!whirlygirl.com-NEW\enumerates\19980513-dreamjeopardycategories.htm --> www.whirlygirl.com /2.0/enumerates 19980513-dreamjeopardycategories.htm
100.02.01 09:17 B C:\My Documents\!whirlygirl.com-NEW\enumerates\19980601-dreamjobs.htm --> www.whirlygirl.com /2.0/enumerates 19980601-dreamjobs.htm
100.02.01 09:17 B C:\My Documents\!whirlygirl.com-NEW\enumerates\19980617-favoritechildhoodtoys.htm --> www.whirlygirl.com /2.0/enumerates 19980617-favoritechildhoodtoys.htm
100.02.01 09:17 B C:\My Documents\!whirlygirl.com-NEW\enumerates\19980925-besttelevisionshowsever.htm --> www.whirlygirl.com /2.0/enumerates 19980925-besttelevisionshowsever.htm
100.02.01 09:17 B C:\My Documents\!whirlygirl.com-NEW\enumerates\19981228-thingsidwantasmylastmeal.htm --> www.whirlygirl.com /2.0/enumerates 19981228-thingsidwantasmylastmeal.htm
100.02.01 09:17 B C:\My Documents\!whirlygirl.com-NEW\enumerates\19990226-favoritemoviesof1998-index.htm --> www.whirlygirl.com /2.0/enumerates 19990226-favoritemoviesof1998-index.htm
100.02.01 09:17 B C:\My Documents\!whirlygirl.com-NEW\enumerates\19990226-favoritemoviesof1998.htm --> www.whirlygirl.com /2.0/enumerates 19990226-favoritemoviesof1998.htm
100.02.01 09:17 B C:\My Documents\!whirlygirl.com-NEW\enumerates\19990812-thingstoddhastalkedtodeath-index.htm --> www.whirlygirl.com /2.0/enumerates 19990812-thingstoddhastalkedtodeath-index.htm
100.02.01 09:17 B C:\My Documents\!whirlygirl.com-NEW\enumerates\19990812-thingstoddhastalkedtodeath.htm --> www.whirlygirl.com /2.0/enumerates 19990812-thingstoddhastalkedtodeath.htm
100.02.01 09:17 B C:\My Documents\!whirlygirl.com-NEW\enumerates\19991005-thingsillmissmostwhenileaveboston-index.htm --> www.whirlygirl.com /2.0/enumerates 19991005-thingsillmissmostwhenileaveboston-index.htm
100.02.01 09:17 B C:\My Documents\!whirlygirl.com-NEW\enumerates\19991005-thingsillmissmostwhenileaveboston.htm --> www.whirlygirl.com /2.0/enumerates 19991005-thingsillmissmostwhenileaveboston.htm
100.02.01 09:17 B C:\My Documents\!whirlygirl.com-NEW\enumerates\19991119-thingsidontwanttotalkabout-index.htm --> www.whirlygirl.com /2.0/enumerates 19991119-thingsidontwanttotalkabout-index.htm
100.02.01 09:17 B C:\My Documents\!whirlygirl.com-NEW\enumerates\19991119-thingsidontwanttotalkabout.htm --> www.whirlygirl.com /2.0/enumerates 19991119-thingsidontwanttotalkabout.htm
100.02.01 09:17 B C:\My Documents\!whirlygirl.com-NEW\enumerates\19991206-thingsiwouldputinatimecapsuletobeopenedintheyear3000-index.htm --> www.whirlygirl.com /2.0/enumerates 19991206-thingsiwouldputinatimecapsuletobeopenedintheyear3000-index.htm
100.02.01 09:17 B C:\My Documents\!whirlygirl.com-NEW\enumerates\19991206-thingsiwouldputinatimecapsuletobeopenedintheyear3000.htm --> www.whirlygirl.com /2.0/enumerates 19991206-thingsiwouldputinatimecapsuletobeopenedintheyear3000.htm
100.02.01 09:17 B C:\My Documents\!whirlygirl.com-NEW\enumerates\20000101-favoritesof1999-index.htm --> www.whirlygirl.com /2.0/enumerates 20000101-favoritesof1999-index.htm
100.02.01 09:17 B C:\My Documents\!whirlygirl.com-NEW\enumerates\20000101-favoritesof1999.htm --> www.whirlygirl.com /2.0/enumerates 20000101-favoritesof1999.htm
100.02.01 09:17 B C:\My Documents\!whirlygirl.com-NEW\enumerates\about.htm --> www.whirlygirl.com /2.0/enumerates about.htm
100.02.01 09:17 B C:\My Documents\!whirlygirl.com-NEW\enumerates\index.htm --> www.whirlygirl.com /2.0/enumerates index.htm
100.02.01 09:17 B C:\My Documents\!whirlygirl.com-NEW\enumerates\list.htm --> www.whirlygirl.com /2.0/enumerates list.htm
100.02.01 09:17 B C:\My Documents\!whirlygirl.com-NEW\enumerates\WS_FTP.LOG --> www.whirlygirl.com /2.0/enumerates WS_FTP.LOG
100.02.01 09:18 B C:\My Documents\!whirlygirl.com-NEW\enumerates\19980417-favoritebooks.htm --> www.whirlygirl.com /2.0/enumerates 19980417-favoritebooks.htm
100.02.01 09:18 B C:\My Documents\!whirlygirl.com-NEW\enumerates\19980428-thingsidrescuefromafire.htm --> www.whirlygirl.com /2.0/enumerates 19980428-thingsidrescuefromafire.htm
100.02.01 09:18 B C:\My Documents\!whirlygirl.com-NEW\enumerates\19980513-dreamjeopardycategories.htm --> www.whirlygirl.com /2.0/enumerates 19980513-dreamjeopardycategories.htm
100.02.01 09:18 B C:\My Documents\!whirlygirl.com-NEW\enumerates\19980601-dreamjobs.htm --> www.whirlygirl.com /2.0/enumerates 19980601-dreamjobs.htm
100.02.01 09:18 B C:\My Documents\!whirlygirl.com-NEW\enumerates\19980617-favoritechildhoodtoys.htm --> www.whirlygirl.com /2.0/enumerates 19980617-favoritechildhoodtoys.htm
100.02.01 09:18 B C:\My Documents\!whirlygirl.com-NEW\enumerates\19980925-besttelevisionshowsever.htm --> www.whirlygirl.com /2.0/enumerates 19980925-besttelevisionshowsever.htm
100.02.01 09:18 B C:\My Documents\!whirlygirl.com-NEW\enumerates\19981228-thingsidwantasmylastmeal.htm --> www.whirlygirl.com /2.0/enumerates 19981228-thingsidwantasmylastmeal.htm
100.02.01 09:18 B C:\My Documents\!whirlygirl.com-NEW\enumerates\19990226-favoritemoviesof1998-index.htm --> www.whirlygirl.com /2.0/enumerates 19990226-favoritemoviesof1998-index.htm
100.02.01 09:18 B C:\My Documents\!whirlygirl.com-NEW\enumerates\19990226-favoritemoviesof1998.htm --> www.whirlygirl.com /2.0/enumerates 19990226-favoritemoviesof1998.htm
100.02.01 09:18 B C:\My Documents\!whirlygirl.com-NEW\enumerates\19990812-thingstoddhastalkedtodeath-index.htm --> www.whirlygirl.com /2.0/enumerates 19990812-thingstoddhastalkedtodeath-index.htm
100.02.01 09:18 B C:\My Documents\!whirlygirl.com-NEW\enumerates\19990812-thingstoddhastalkedtodeath.htm --> www.whirlygirl.com /2.0/enumerates 19990812-thingstoddhastalkedtodeath.htm
100.02.01 09:18 B C:\My Documents\!whirlygirl.com-NEW\enumerates\19991005-thingsillmissmostwhenileaveboston-index.htm --> www.whirlygirl.com /2.0/enumerates 19991005-thingsillmissmostwhenileaveboston-index.htm
100.02.01 09:18 B C:\My Documents\!whirlygirl.com-NEW\enumerates\19991005-thingsillmissmostwhenileaveboston.htm --> www.whirlygirl.com /2.0/enumerates 19991005-thingsillmissmostwhenileaveboston.htm
100.02.01 09:18 B C:\My Documents\!whirlygirl.com-NEW\enumerates\19991119-thingsidontwanttotalkabout-index.htm --> www.whirlygirl.com /2.0/enumerates 19991119-thingsidontwanttotalkabout-index.htm
100.02.01 09:18 B C:\My Documents\!whirlygirl.com-NEW\enumerates\19991119-thingsidontwanttotalkabout.htm --> www.whirlygirl.com /2.0/enumerates 19991119-thingsidontwanttotalkabout.htm
100.02.01 09:18 B C:\My Documents\!whirlygirl.com-NEW\enumerates\19991206-thingsiwouldputinatimecapsuletobeopenedintheyear3000-index.htm --> www.whirlygirl.com /2.0/enumerates 19991206-thingsiwouldputinatimecapsuletobeopenedintheyear3000-index.htm
100.02.01 09:18 B C:\My Documents\!whirlygirl.com-NEW\enumerates\19991206-thingsiwouldputinatimecapsuletobeopenedintheyear3000.htm --> www.whirlygirl.com /2.0/enumerates 19991206-thingsiwouldputinatimecapsuletobeopenedintheyear3000.htm
100.02.01 09:18 B C:\My Documents\!whirlygirl.com-NEW\enumerates\20000101-favoritesof1999-index.htm --> www.whirlygirl.com /2.0/enumerates 20000101-favoritesof1999-index.htm
100.02.01 09:18 B C:\My Documents\!whirlygirl.com-NEW\enumerates\20000101-favoritesof1999.htm --> www.whirlygirl.com /2.0/enumerates 20000101-favoritesof1999.htm
100.02.01 09:18 B C:\My Documents\!whirlygirl.com-NEW\enumerates\about.htm --> www.whirlygirl.com /2.0/enumerates about.htm
100.02.01 09:18 B C:\My Documents\!whirlygirl.com-NEW\enumerates\index.htm --> www.whirlygirl.com /2.0/enumerates index.htm
100.02.01 09:18 B C:\My Documents\!whirlygirl.com-NEW\enumerates\list.htm --> www.whirlygirl.com /2.0/enumerates list.htm
100.02.01 15:03 B C:\My Documents\!whirlygirl.com-NEW\enumerates\19980417-favoritebooks.htm --> www.whirlygirl.com /enumerates 19980417-favoritebooks.htm
100.02.01 15:03 B C:\My Documents\!whirlygirl.com-NEW\enumerates\19980428-thingsidrescuefromafire.htm --> www.whirlygirl.com /enumerates 19980428-thingsidrescuefromafire.htm
100.02.01 15:03 B C:\My Documents\!whirlygirl.com-NEW\enumerates\19980513-dreamjeopardycategories.htm --> www.whirlygirl.com /enumerates 19980513-dreamjeopardycategories.htm
100.02.01 15:03 B C:\My Documents\!whirlygirl.com-NEW\enumerates\19980601-dreamjobs.htm --> www.whirlygirl.com /enumerates 19980601-dreamjobs.htm
100.02.01 15:03 B C:\My Documents\!whirlygirl.com-NEW\enumerates\19980617-favoritechildhoodtoys.htm --> www.whirlygirl.com /enumerates 19980617-favoritechildhoodtoys.htm
100.02.01 15:03 B C:\My Documents\!whirlygirl.com-NEW\enumerates\19980925-besttelevisionshowsever.htm --> www.whirlygirl.com /enumerates 19980925-besttelevisionshowsever.htm
100.02.01 15:03 B C:\My Documents\!whirlygirl.com-NEW\enumerates\19981228-thingsidwantasmylastmeal.htm --> www.whirlygirl.com /enumerates 19981228-thingsidwantasmylastmeal.htm
100.02.01 15:03 B C:\My Documents\!whirlygirl.com-NEW\enumerates\19990226-favoritemoviesof1998-index.htm --> www.whirlygirl.com /enumerates 19990226-favoritemoviesof1998-index.htm
100.02.01 15:03 B C:\My Documents\!whirlygirl.com-NEW\enumerates\19990226-favoritemoviesof1998.htm --> www.whirlygirl.com /enumerates 19990226-favoritemoviesof1998.htm
100.02.01 15:03 B C:\My Documents\!whirlygirl.com-NEW\enumerates\19990812-thingstoddhastalkedtodeath-index.htm --> www.whirlygirl.com /enumerates 19990812-thingstoddhastalkedtodeath-index.htm
100.02.01 15:03 B C:\My Documents\!whirlygirl.com-NEW\enumerates\19990812-thingstoddhastalkedtodeath.htm --> www.whirlygirl.com /enumerates 19990812-thingstoddhastalkedtodeath.htm
100.02.01 15:03 B C:\My Documents\!whirlygirl.com-NEW\enumerates\19991005-thingsillmissmostwhenileaveboston-index.htm --> www.whirlygirl.com /enumerates 19991005-thingsillmissmostwhenileaveboston-index.htm
100.02.01 15:03 B C:\My Documents\!whirlygirl.com-NEW\enumerates\19991005-thingsillmissmostwhenileaveboston.htm --> www.whirlygirl.com /enumerates 19991005-thingsillmissmostwhenileaveboston.htm
100.02.01 15:03 B C:\My Documents\!whirlygirl.com-NEW\enumerates\19991119-thingsidontwanttotalkabout-index.htm --> www.whirlygirl.com /enumerates 19991119-thingsidontwanttotalkabout-index.htm
100.02.01 15:03 B C:\My Documents\!whirlygirl.com-NEW\enumerates\19991119-thingsidontwanttotalkabout.htm --> www.whirlygirl.com /enumerates 19991119-thingsidontwanttotalkabout.htm
100.02.01 15:03 B C:\My Documents\!whirlygirl.com-NEW\enumerates\19991206-thingsiwouldputinatimecapsuletobeopenedintheyear3000-index.htm --> www.whirlygirl.com /enumerates 19991206-thingsiwouldputinatimecapsuletobeopenedintheyear3000-index.htm
100.02.01 15:03 B C:\My Documents\!whirlygirl.com-NEW\enumerates\19991206-thingsiwouldputinatimecapsuletobeopenedintheyear3000.htm --> www.whirlygirl.com /enumerates 19991206-thingsiwouldputinatimecapsuletobeopenedintheyear3000.htm
100.02.01 15:03 B C:\My Documents\!whirlygirl.com-NEW\enumerates\20000101-favoritesof1999-index.htm --> www.whirlygirl.com /enumerates 20000101-favoritesof1999-index.htm
100.02.01 15:03 B C:\My Documents\!whirlygirl.com-NEW\enumerates\20000101-favoritesof1999.htm --> www.whirlygirl.com /enumerates 20000101-favoritesof1999.htm
100.02.01 15:03 B C:\My Documents\!whirlygirl.com-NEW\enumerates\about.htm --> www.whirlygirl.com /enumerates about.htm
100.02.01 15:03 B C:\My Documents\!whirlygirl.com-NEW\enumerates\index.htm --> www.whirlygirl.com /enumerates index.htm
100.02.01 15:03 B C:\My Documents\!whirlygirl.com-NEW\enumerates\list.htm --> www.whirlygirl.com /enumerates list.htm
