99.06.10 20:03 B C:\!whirlygirl.com\lists\CDs\reviews\01.htm --> home.mindspring.com /whirlygirl/www/lists/CDs/reviews 01.htm
99.06.10 20:03 B C:\!whirlygirl.com\lists\CDs\reviews\02.htm --> home.mindspring.com /whirlygirl/www/lists/CDs/reviews 02.htm
99.06.10 20:03 B C:\!whirlygirl.com\lists\CDs\reviews\03.htm --> home.mindspring.com /whirlygirl/www/lists/CDs/reviews 03.htm
99.06.10 20:03 B C:\!whirlygirl.com\lists\CDs\reviews\04.htm --> home.mindspring.com /whirlygirl/www/lists/CDs/reviews 04.htm
99.06.10 20:03 B C:\!whirlygirl.com\lists\CDs\reviews\05.htm --> home.mindspring.com /whirlygirl/www/lists/CDs/reviews 05.htm
99.06.10 20:03 B C:\!whirlygirl.com\lists\CDs\reviews\06.htm --> home.mindspring.com /whirlygirl/www/lists/CDs/reviews 06.htm
99.06.10 20:03 B C:\!whirlygirl.com\lists\CDs\reviews\07.htm --> home.mindspring.com /whirlygirl/www/lists/CDs/reviews 07.htm
99.06.10 20:03 B C:\!whirlygirl.com\lists\CDs\reviews\08.htm --> home.mindspring.com /whirlygirl/www/lists/CDs/reviews 08.htm
99.06.10 20:03 B C:\!whirlygirl.com\lists\CDs\reviews\09.htm --> home.mindspring.com /whirlygirl/www/lists/CDs/reviews 09.htm
99.06.10 20:03 B C:\!whirlygirl.com\lists\CDs\reviews\10.htm --> home.mindspring.com /whirlygirl/www/lists/CDs/reviews 10.htm
99.06.10 20:03 B C:\!whirlygirl.com\lists\CDs\reviews\11.htm --> home.mindspring.com /whirlygirl/www/lists/CDs/reviews 11.htm
99.06.10 20:03 B C:\!whirlygirl.com\lists\CDs\reviews\12.htm --> home.mindspring.com /whirlygirl/www/lists/CDs/reviews 12.htm
99.06.10 20:03 B C:\!whirlygirl.com\lists\CDs\reviews\13.htm --> home.mindspring.com /whirlygirl/www/lists/CDs/reviews 13.htm
99.06.10 20:03 B C:\!whirlygirl.com\lists\CDs\reviews\14.htm --> home.mindspring.com /whirlygirl/www/lists/CDs/reviews 14.htm
99.06.10 20:03 B C:\!whirlygirl.com\lists\CDs\reviews\15.htm --> home.mindspring.com /whirlygirl/www/lists/CDs/reviews 15.htm
99.06.10 20:03 B C:\!whirlygirl.com\lists\CDs\reviews\16.htm --> home.mindspring.com /whirlygirl/www/lists/CDs/reviews 16.htm
99.06.10 20:03 B C:\!whirlygirl.com\lists\CDs\reviews\17.htm --> home.mindspring.com /whirlygirl/www/lists/CDs/reviews 17.htm
99.06.10 20:03 B C:\!whirlygirl.com\lists\CDs\reviews\18.htm --> home.mindspring.com /whirlygirl/www/lists/CDs/reviews 18.htm
99.06.10 20:03 B C:\!whirlygirl.com\lists\CDs\reviews\19.htm --> home.mindspring.com /whirlygirl/www/lists/CDs/reviews 19.htm
99.06.10 20:03 B C:\!whirlygirl.com\lists\CDs\reviews\20.htm --> home.mindspring.com /whirlygirl/www/lists/CDs/reviews 20.htm
99.06.10 20:03 B C:\!whirlygirl.com\lists\CDs\reviews\21.htm --> home.mindspring.com /whirlygirl/www/lists/CDs/reviews 21.htm
99.06.10 20:03 B C:\!whirlygirl.com\lists\CDs\reviews\22.htm --> home.mindspring.com /whirlygirl/www/lists/CDs/reviews 22.htm
99.06.10 20:03 B C:\!whirlygirl.com\lists\CDs\reviews\23.htm --> home.mindspring.com /whirlygirl/www/lists/CDs/reviews 23.htm
99.06.10 20:03 B C:\!whirlygirl.com\lists\CDs\reviews\24.htm --> home.mindspring.com /whirlygirl/www/lists/CDs/reviews 24.htm
99.06.10 20:03 B C:\!whirlygirl.com\lists\CDs\reviews\25.htm --> home.mindspring.com /whirlygirl/www/lists/CDs/reviews 25.htm
99.06.11 20:04 B C:\!whirlygirl.com\lists\CDs\reviews\01.htm <-- WS_FTP32 /whirlygirl/www/lists/CDs/reviews 01.htm
99.06.11 20:04 B C:\!whirlygirl.com\lists\CDs\reviews\02.htm <-- WS_FTP32 /whirlygirl/www/lists/CDs/reviews 02.htm
99.06.11 20:04 B C:\!whirlygirl.com\lists\CDs\reviews\03.htm <-- WS_FTP32 /whirlygirl/www/lists/CDs/reviews 03.htm
99.06.11 20:04 B C:\!whirlygirl.com\lists\CDs\reviews\04.htm <-- WS_FTP32 /whirlygirl/www/lists/CDs/reviews 04.htm
99.06.11 20:04 B C:\!whirlygirl.com\lists\CDs\reviews\05.htm <-- WS_FTP32 /whirlygirl/www/lists/CDs/reviews 05.htm
99.06.11 20:04 B C:\!whirlygirl.com\lists\CDs\reviews\06.htm <-- WS_FTP32 /whirlygirl/www/lists/CDs/reviews 06.htm
99.06.11 20:04 B C:\!whirlygirl.com\lists\CDs\reviews\07.htm <-- WS_FTP32 /whirlygirl/www/lists/CDs/reviews 07.htm
99.06.11 20:04 B C:\!whirlygirl.com\lists\CDs\reviews\08.htm <-- WS_FTP32 /whirlygirl/www/lists/CDs/reviews 08.htm
99.06.11 20:04 B C:\!whirlygirl.com\lists\CDs\reviews\09.htm <-- WS_FTP32 /whirlygirl/www/lists/CDs/reviews 09.htm
99.06.11 20:04 B C:\!whirlygirl.com\lists\CDs\reviews\10.htm <-- WS_FTP32 /whirlygirl/www/lists/CDs/reviews 10.htm
99.06.11 20:04 B C:\!whirlygirl.com\lists\CDs\reviews\11.htm <-- WS_FTP32 /whirlygirl/www/lists/CDs/reviews 11.htm
99.06.11 20:04 B C:\!whirlygirl.com\lists\CDs\reviews\12.htm <-- WS_FTP32 /whirlygirl/www/lists/CDs/reviews 12.htm
99.06.11 20:04 B C:\!whirlygirl.com\lists\CDs\reviews\13.htm <-- WS_FTP32 /whirlygirl/www/lists/CDs/reviews 13.htm
99.06.11 20:04 B C:\!whirlygirl.com\lists\CDs\reviews\14.htm <-- WS_FTP32 /whirlygirl/www/lists/CDs/reviews 14.htm
99.06.11 20:04 B C:\!whirlygirl.com\lists\CDs\reviews\15.htm <-- WS_FTP32 /whirlygirl/www/lists/CDs/reviews 15.htm
99.06.11 20:04 B C:\!whirlygirl.com\lists\CDs\reviews\16.htm <-- WS_FTP32 /whirlygirl/www/lists/CDs/reviews 16.htm
99.06.11 20:04 B C:\!whirlygirl.com\lists\CDs\reviews\17.htm <-- WS_FTP32 /whirlygirl/www/lists/CDs/reviews 17.htm
99.06.11 20:04 B C:\!whirlygirl.com\lists\CDs\reviews\18.htm <-- WS_FTP32 /whirlygirl/www/lists/CDs/reviews 18.htm
99.06.11 20:04 B C:\!whirlygirl.com\lists\CDs\reviews\19.htm <-- WS_FTP32 /whirlygirl/www/lists/CDs/reviews 19.htm
99.06.11 20:04 B C:\!whirlygirl.com\lists\CDs\reviews\20.htm <-- WS_FTP32 /whirlygirl/www/lists/CDs/reviews 20.htm
99.06.11 20:04 B C:\!whirlygirl.com\lists\CDs\reviews\21.htm <-- WS_FTP32 /whirlygirl/www/lists/CDs/reviews 21.htm
99.06.11 20:04 B C:\!whirlygirl.com\lists\CDs\reviews\22.htm <-- WS_FTP32 /whirlygirl/www/lists/CDs/reviews 22.htm
99.06.11 20:04 B C:\!whirlygirl.com\lists\CDs\reviews\23.htm <-- WS_FTP32 /whirlygirl/www/lists/CDs/reviews 23.htm
99.06.11 20:04 B C:\!whirlygirl.com\lists\CDs\reviews\24.htm <-- WS_FTP32 /whirlygirl/www/lists/CDs/reviews 24.htm
99.06.11 20:04 B C:\!whirlygirl.com\lists\CDs\reviews\25.htm <-- WS_FTP32 /whirlygirl/www/lists/CDs/reviews 25.htm
99.06.12 11:12 B C:\!whirlygirl.com\lists\CDs\reviews\01.htm --> home.mindspring.com /whirlygirl/www/lists/CDs/reviews 01.htm
99.06.12 11:12 B C:\!whirlygirl.com\lists\CDs\reviews\02.htm --> home.mindspring.com /whirlygirl/www/lists/CDs/reviews 02.htm
99.06.12 11:12 B C:\!whirlygirl.com\lists\CDs\reviews\03.htm --> home.mindspring.com /whirlygirl/www/lists/CDs/reviews 03.htm
99.06.12 11:12 B C:\!whirlygirl.com\lists\CDs\reviews\04.htm --> home.mindspring.com /whirlygirl/www/lists/CDs/reviews 04.htm
99.06.12 11:12 B C:\!whirlygirl.com\lists\CDs\reviews\05.htm --> home.mindspring.com /whirlygirl/www/lists/CDs/reviews 05.htm
99.06.12 11:12 B C:\!whirlygirl.com\lists\CDs\reviews\06.htm --> home.mindspring.com /whirlygirl/www/lists/CDs/reviews 06.htm
99.06.12 11:12 B C:\!whirlygirl.com\lists\CDs\reviews\07.htm --> home.mindspring.com /whirlygirl/www/lists/CDs/reviews 07.htm
99.06.12 11:12 B C:\!whirlygirl.com\lists\CDs\reviews\08.htm --> home.mindspring.com /whirlygirl/www/lists/CDs/reviews 08.htm
99.06.12 11:12 B C:\!whirlygirl.com\lists\CDs\reviews\09.htm --> home.mindspring.com /whirlygirl/www/lists/CDs/reviews 09.htm
99.06.12 11:12 B C:\!whirlygirl.com\lists\CDs\reviews\10.htm --> home.mindspring.com /whirlygirl/www/lists/CDs/reviews 10.htm
99.06.12 11:12 B C:\!whirlygirl.com\lists\CDs\reviews\11.htm --> home.mindspring.com /whirlygirl/www/lists/CDs/reviews 11.htm
99.06.12 11:12 B C:\!whirlygirl.com\lists\CDs\reviews\12.htm --> home.mindspring.com /whirlygirl/www/lists/CDs/reviews 12.htm
99.06.12 11:12 B C:\!whirlygirl.com\lists\CDs\reviews\13.htm --> home.mindspring.com /whirlygirl/www/lists/CDs/reviews 13.htm
99.06.12 11:12 B C:\!whirlygirl.com\lists\CDs\reviews\14.htm --> home.mindspring.com /whirlygirl/www/lists/CDs/reviews 14.htm
99.06.12 11:12 B C:\!whirlygirl.com\lists\CDs\reviews\15.htm --> home.mindspring.com /whirlygirl/www/lists/CDs/reviews 15.htm
99.06.12 11:12 B C:\!whirlygirl.com\lists\CDs\reviews\16.htm --> home.mindspring.com /whirlygirl/www/lists/CDs/reviews 16.htm
99.06.12 11:12 B C:\!whirlygirl.com\lists\CDs\reviews\17.htm --> home.mindspring.com /whirlygirl/www/lists/CDs/reviews 17.htm
99.06.12 11:12 B C:\!whirlygirl.com\lists\CDs\reviews\18.htm --> home.mindspring.com /whirlygirl/www/lists/CDs/reviews 18.htm
99.06.12 11:12 B C:\!whirlygirl.com\lists\CDs\reviews\19.htm --> home.mindspring.com /whirlygirl/www/lists/CDs/reviews 19.htm
99.06.12 11:12 B C:\!whirlygirl.com\lists\CDs\reviews\20.htm --> home.mindspring.com /whirlygirl/www/lists/CDs/reviews 20.htm
99.06.12 11:12 B C:\!whirlygirl.com\lists\CDs\reviews\21.htm --> home.mindspring.com /whirlygirl/www/lists/CDs/reviews 21.htm
99.06.12 11:12 B C:\!whirlygirl.com\lists\CDs\reviews\22.htm --> home.mindspring.com /whirlygirl/www/lists/CDs/reviews 22.htm
99.06.12 11:12 B C:\!whirlygirl.com\lists\CDs\reviews\23.htm --> home.mindspring.com /whirlygirl/www/lists/CDs/reviews 23.htm
99.06.12 11:12 B C:\!whirlygirl.com\lists\CDs\reviews\24.htm --> home.mindspring.com /whirlygirl/www/lists/CDs/reviews 24.htm
99.06.12 11:13 B C:\!whirlygirl.com\lists\CDs\reviews\25.htm --> home.mindspring.com /whirlygirl/www/lists/CDs/reviews 25.htm
99.06.12 11:13 B C:\!whirlygirl.com\lists\CDs\reviews\WS_FTP.LOG --> home.mindspring.com /whirlygirl/www/lists/CDs/reviews WS_FTP.LOG
99.06.12 12:00 B C:\!whirlygirl.com\lists\CDs\reviews\01.htm --> home.mindspring.com /whirlygirl/www/lists/CDs/reviews 01.htm
99.06.12 12:00 B C:\!whirlygirl.com\lists\CDs\reviews\02.htm --> home.mindspring.com /whirlygirl/www/lists/CDs/reviews 02.htm
99.06.12 12:00 B C:\!whirlygirl.com\lists\CDs\reviews\03.htm --> home.mindspring.com /whirlygirl/www/lists/CDs/reviews 03.htm
99.06.12 12:01 B C:\!whirlygirl.com\lists\CDs\reviews\04.htm --> home.mindspring.com /whirlygirl/www/lists/CDs/reviews 04.htm
99.06.12 12:01 B C:\!whirlygirl.com\lists\CDs\reviews\05.htm --> home.mindspring.com /whirlygirl/www/lists/CDs/reviews 05.htm
99.06.12 12:01 B C:\!whirlygirl.com\lists\CDs\reviews\06.htm --> home.mindspring.com /whirlygirl/www/lists/CDs/reviews 06.htm
99.06.12 12:01 B C:\!whirlygirl.com\lists\CDs\reviews\07.htm --> home.mindspring.com /whirlygirl/www/lists/CDs/reviews 07.htm
99.06.12 12:01 B C:\!whirlygirl.com\lists\CDs\reviews\08.htm --> home.mindspring.com /whirlygirl/www/lists/CDs/reviews 08.htm
99.06.12 12:01 B C:\!whirlygirl.com\lists\CDs\reviews\09.htm --> home.mindspring.com /whirlygirl/www/lists/CDs/reviews 09.htm
99.06.12 12:01 B C:\!whirlygirl.com\lists\CDs\reviews\10.htm --> home.mindspring.com /whirlygirl/www/lists/CDs/reviews 10.htm
99.06.12 12:01 B C:\!whirlygirl.com\lists\CDs\reviews\11.htm --> home.mindspring.com /whirlygirl/www/lists/CDs/reviews 11.htm
99.06.12 12:01 B C:\!whirlygirl.com\lists\CDs\reviews\12.htm --> home.mindspring.com /whirlygirl/www/lists/CDs/reviews 12.htm
99.06.12 12:01 B C:\!whirlygirl.com\lists\CDs\reviews\13.htm --> home.mindspring.com /whirlygirl/www/lists/CDs/reviews 13.htm
99.06.12 12:01 B C:\!whirlygirl.com\lists\CDs\reviews\14.htm --> home.mindspring.com /whirlygirl/www/lists/CDs/reviews 14.htm
99.06.12 12:01 B C:\!whirlygirl.com\lists\CDs\reviews\15.htm --> home.mindspring.com /whirlygirl/www/lists/CDs/reviews 15.htm
99.06.12 12:01 B C:\!whirlygirl.com\lists\CDs\reviews\16.htm --> home.mindspring.com /whirlygirl/www/lists/CDs/reviews 16.htm
99.06.12 12:01 B C:\!whirlygirl.com\lists\CDs\reviews\17.htm --> home.mindspring.com /whirlygirl/www/lists/CDs/reviews 17.htm
99.06.12 12:01 B C:\!whirlygirl.com\lists\CDs\reviews\18.htm --> home.mindspring.com /whirlygirl/www/lists/CDs/reviews 18.htm
99.06.12 12:01 B C:\!whirlygirl.com\lists\CDs\reviews\19.htm --> home.mindspring.com /whirlygirl/www/lists/CDs/reviews 19.htm
99.06.12 12:01 B C:\!whirlygirl.com\lists\CDs\reviews\20.htm --> home.mindspring.com /whirlygirl/www/lists/CDs/reviews 20.htm
99.06.12 12:01 B C:\!whirlygirl.com\lists\CDs\reviews\21.htm --> home.mindspring.com /whirlygirl/www/lists/CDs/reviews 21.htm
99.06.12 12:01 B C:\!whirlygirl.com\lists\CDs\reviews\22.htm --> home.mindspring.com /whirlygirl/www/lists/CDs/reviews 22.htm
99.06.12 12:01 B C:\!whirlygirl.com\lists\CDs\reviews\23.htm --> home.mindspring.com /whirlygirl/www/lists/CDs/reviews 23.htm
99.06.12 12:01 B C:\!whirlygirl.com\lists\CDs\reviews\24.htm --> home.mindspring.com /whirlygirl/www/lists/CDs/reviews 24.htm
99.06.12 12:01 B C:\!whirlygirl.com\lists\CDs\reviews\25.htm --> home.mindspring.com /whirlygirl/www/lists/CDs/reviews 25.htm
99.06.14 10:52 B C:\my documents\!whirlygirl.com\lists\CDs\reviews\WS_FTP.LOG <-- WS_FTP32 /whirlygirl/www/lists/CDs/reviews WS_FTP.LOG
99.06.14 17:28 B C:\my documents\!whirlygirl.com\lists\CDs\reviews\01.htm --> home.mindspring.com /whirlygirl/www/lists/CDs/reviews 01.htm
99.06.14 17:39 B C:\my documents\!whirlygirl.com\lists\CDs\reviews\01.htm --> home.mindspring.com /whirlygirl/www/lists/CDs/reviews 01.htm
99.06.14 17:39 B C:\my documents\!whirlygirl.com\lists\CDs\reviews\02.htm --> home.mindspring.com /whirlygirl/www/lists/CDs/reviews 02.htm
99.06.14 17:39 B C:\my documents\!whirlygirl.com\lists\CDs\reviews\03.htm --> home.mindspring.com /whirlygirl/www/lists/CDs/reviews 03.htm
99.06.14 17:39 B C:\my documents\!whirlygirl.com\lists\CDs\reviews\04.htm --> home.mindspring.com /whirlygirl/www/lists/CDs/reviews 04.htm
99.06.14 17:39 B C:\my documents\!whirlygirl.com\lists\CDs\reviews\05.htm --> home.mindspring.com /whirlygirl/www/lists/CDs/reviews 05.htm
99.06.14 17:39 B C:\my documents\!whirlygirl.com\lists\CDs\reviews\06.htm --> home.mindspring.com /whirlygirl/www/lists/CDs/reviews 06.htm
99.06.14 17:39 B C:\my documents\!whirlygirl.com\lists\CDs\reviews\07.htm --> home.mindspring.com /whirlygirl/www/lists/CDs/reviews 07.htm
99.06.14 17:39 B C:\my documents\!whirlygirl.com\lists\CDs\reviews\08.htm --> home.mindspring.com /whirlygirl/www/lists/CDs/reviews 08.htm
99.06.14 17:39 B C:\my documents\!whirlygirl.com\lists\CDs\reviews\09.htm --> home.mindspring.com /whirlygirl/www/lists/CDs/reviews 09.htm
99.06.14 17:39 B C:\my documents\!whirlygirl.com\lists\CDs\reviews\10.htm --> home.mindspring.com /whirlygirl/www/lists/CDs/reviews 10.htm
99.06.14 17:39 B C:\my documents\!whirlygirl.com\lists\CDs\reviews\11.htm --> home.mindspring.com /whirlygirl/www/lists/CDs/reviews 11.htm
99.06.14 17:39 B C:\my documents\!whirlygirl.com\lists\CDs\reviews\12.htm --> home.mindspring.com /whirlygirl/www/lists/CDs/reviews 12.htm
99.06.14 17:39 B C:\my documents\!whirlygirl.com\lists\CDs\reviews\13.htm --> home.mindspring.com /whirlygirl/www/lists/CDs/reviews 13.htm
99.06.14 17:39 B C:\my documents\!whirlygirl.com\lists\CDs\reviews\14.htm --> home.mindspring.com /whirlygirl/www/lists/CDs/reviews 14.htm
99.06.14 17:39 B C:\my documents\!whirlygirl.com\lists\CDs\reviews\15.htm --> home.mindspring.com /whirlygirl/www/lists/CDs/reviews 15.htm
99.06.14 17:39 B C:\my documents\!whirlygirl.com\lists\CDs\reviews\16.htm --> home.mindspring.com /whirlygirl/www/lists/CDs/reviews 16.htm
99.06.14 17:39 B C:\my documents\!whirlygirl.com\lists\CDs\reviews\17.htm --> home.mindspring.com /whirlygirl/www/lists/CDs/reviews 17.htm
99.06.14 17:39 B C:\my documents\!whirlygirl.com\lists\CDs\reviews\18.htm --> home.mindspring.com /whirlygirl/www/lists/CDs/reviews 18.htm
99.06.14 17:39 B C:\my documents\!whirlygirl.com\lists\CDs\reviews\19.htm --> home.mindspring.com /whirlygirl/www/lists/CDs/reviews 19.htm
99.06.14 17:39 B C:\my documents\!whirlygirl.com\lists\CDs\reviews\20.htm --> home.mindspring.com /whirlygirl/www/lists/CDs/reviews 20.htm
99.06.14 17:39 B C:\my documents\!whirlygirl.com\lists\CDs\reviews\21.htm --> home.mindspring.com /whirlygirl/www/lists/CDs/reviews 21.htm
99.06.14 17:39 B C:\my documents\!whirlygirl.com\lists\CDs\reviews\22.htm --> home.mindspring.com /whirlygirl/www/lists/CDs/reviews 22.htm
99.06.14 17:39 B C:\my documents\!whirlygirl.com\lists\CDs\reviews\23.htm --> home.mindspring.com /whirlygirl/www/lists/CDs/reviews 23.htm
99.06.14 17:39 B C:\my documents\!whirlygirl.com\lists\CDs\reviews\24.htm --> home.mindspring.com /whirlygirl/www/lists/CDs/reviews 24.htm
99.06.14 17:39 B C:\my documents\!whirlygirl.com\lists\CDs\reviews\25.htm --> home.mindspring.com /whirlygirl/www/lists/CDs/reviews 25.htm
99.06.16 15:07 B C:\My documents\!whirlygirl.com\lists\CDs\reviews\WS_FTP.LOG <-- WS_FTP32 /whirlygirl/www/lists/CDs/reviews WS_FTP.LOG
99.06.16 15:48 B C:\My documents\!whirlygirl.com\lists\CDs\reviews\01.htm --> home.mindspring.com /whirlygirl/www/lists/CDs/reviews 01.htm
99.06.16 15:48 B C:\My documents\!whirlygirl.com\lists\CDs\reviews\02.htm --> home.mindspring.com /whirlygirl/www/lists/CDs/reviews 02.htm
99.06.16 15:48 B C:\My documents\!whirlygirl.com\lists\CDs\reviews\03.htm --> home.mindspring.com /whirlygirl/www/lists/CDs/reviews 03.htm
99.06.16 15:48 B C:\My documents\!whirlygirl.com\lists\CDs\reviews\04.htm --> home.mindspring.com /whirlygirl/www/lists/CDs/reviews 04.htm
99.06.16 15:49 B C:\My documents\!whirlygirl.com\lists\CDs\reviews\05.htm --> home.mindspring.com /whirlygirl/www/lists/CDs/reviews 05.htm
99.06.16 15:49 B C:\My documents\!whirlygirl.com\lists\CDs\reviews\06.htm --> home.mindspring.com /whirlygirl/www/lists/CDs/reviews 06.htm
99.06.16 16:13 B C:\My Documents\!whirlygirl.com\lists\CDs\reviews\01.htm --> home.mindspring.com /whirlygirl/www/lists/CDs/reviews 01.htm
99.06.16 16:13 B C:\My Documents\!whirlygirl.com\lists\CDs\reviews\02.htm --> home.mindspring.com /whirlygirl/www/lists/CDs/reviews 02.htm
99.06.16 16:13 B C:\My Documents\!whirlygirl.com\lists\CDs\reviews\03.htm --> home.mindspring.com /whirlygirl/www/lists/CDs/reviews 03.htm
99.06.16 16:14 B C:\My Documents\!whirlygirl.com\lists\CDs\reviews\04.htm --> home.mindspring.com /whirlygirl/www/lists/CDs/reviews 04.htm
99.06.16 16:14 B C:\My Documents\!whirlygirl.com\lists\CDs\reviews\05.htm --> home.mindspring.com /whirlygirl/www/lists/CDs/reviews 05.htm
99.06.16 16:14 B C:\My Documents\!whirlygirl.com\lists\CDs\reviews\06.htm --> home.mindspring.com /whirlygirl/www/lists/CDs/reviews 06.htm
99.06.16 16:14 B C:\My Documents\!whirlygirl.com\lists\CDs\reviews\07.htm --> home.mindspring.com /whirlygirl/www/lists/CDs/reviews 07.htm
99.06.16 16:14 B C:\My Documents\!whirlygirl.com\lists\CDs\reviews\08.htm --> home.mindspring.com /whirlygirl/www/lists/CDs/reviews 08.htm
99.06.16 16:14 B C:\My Documents\!whirlygirl.com\lists\CDs\reviews\09.htm --> home.mindspring.com /whirlygirl/www/lists/CDs/reviews 09.htm
99.06.16 16:14 B C:\My Documents\!whirlygirl.com\lists\CDs\reviews\10.htm --> home.mindspring.com /whirlygirl/www/lists/CDs/reviews 10.htm
99.06.16 16:14 B C:\My Documents\!whirlygirl.com\lists\CDs\reviews\11.htm --> home.mindspring.com /whirlygirl/www/lists/CDs/reviews 11.htm
99.06.16 16:14 B C:\My Documents\!whirlygirl.com\lists\CDs\reviews\12.htm --> home.mindspring.com /whirlygirl/www/lists/CDs/reviews 12.htm
99.06.16 16:14 B C:\My Documents\!whirlygirl.com\lists\CDs\reviews\13.htm --> home.mindspring.com /whirlygirl/www/lists/CDs/reviews 13.htm
99.06.16 16:15 B C:\My Documents\!whirlygirl.com\lists\CDs\reviews\14.htm --> home.mindspring.com /whirlygirl/www/lists/CDs/reviews 14.htm
99.06.16 16:15 B C:\My Documents\!whirlygirl.com\lists\CDs\reviews\15.htm --> home.mindspring.com /whirlygirl/www/lists/CDs/reviews 15.htm
99.06.16 16:15 B C:\My Documents\!whirlygirl.com\lists\CDs\reviews\16.htm --> home.mindspring.com /whirlygirl/www/lists/CDs/reviews 16.htm
99.06.16 16:15 B C:\My Documents\!whirlygirl.com\lists\CDs\reviews\17.htm --> home.mindspring.com /whirlygirl/www/lists/CDs/reviews 17.htm
99.06.16 16:15 B C:\My Documents\!whirlygirl.com\lists\CDs\reviews\18.htm --> home.mindspring.com /whirlygirl/www/lists/CDs/reviews 18.htm
99.06.16 16:15 B C:\My Documents\!whirlygirl.com\lists\CDs\reviews\19.htm --> home.mindspring.com /whirlygirl/www/lists/CDs/reviews 19.htm
99.06.16 16:15 B C:\My Documents\!whirlygirl.com\lists\CDs\reviews\20.htm --> home.mindspring.com /whirlygirl/www/lists/CDs/reviews 20.htm
99.06.16 16:15 B C:\My Documents\!whirlygirl.com\lists\CDs\reviews\21.htm --> home.mindspring.com /whirlygirl/www/lists/CDs/reviews 21.htm
99.06.16 16:15 B C:\My Documents\!whirlygirl.com\lists\CDs\reviews\22.htm --> home.mindspring.com /whirlygirl/www/lists/CDs/reviews 22.htm
99.06.16 16:15 B C:\My Documents\!whirlygirl.com\lists\CDs\reviews\23.htm --> home.mindspring.com /whirlygirl/www/lists/CDs/reviews 23.htm
99.06.16 16:15 B C:\My Documents\!whirlygirl.com\lists\CDs\reviews\24.htm --> home.mindspring.com /whirlygirl/www/lists/CDs/reviews 24.htm
99.06.16 16:15 B C:\My Documents\!whirlygirl.com\lists\CDs\reviews\25.htm --> home.mindspring.com /whirlygirl/www/lists/CDs/reviews 25.htm
99.07.06 23:00 B C:\!whirlygirl.com\lists\CDs\reviews\WS_FTP.LOG <-- WS_FTP32 /whirlygirl/www/lists/CDs/reviews WS_FTP.LOG
99.07.07 02:43 B C:\!whirlygirl.com\lists\CDs\reviews\01.htm --> home.mindspring.com /whirlygirl/www/lists/CDs/reviews 01.htm
99.07.07 02:43 B C:\!whirlygirl.com\lists\CDs\reviews\02.htm --> home.mindspring.com /whirlygirl/www/lists/CDs/reviews 02.htm
99.07.07 02:43 B C:\!whirlygirl.com\lists\CDs\reviews\03.htm --> home.mindspring.com /whirlygirl/www/lists/CDs/reviews 03.htm
99.07.07 02:43 B C:\!whirlygirl.com\lists\CDs\reviews\04.htm --> home.mindspring.com /whirlygirl/www/lists/CDs/reviews 04.htm
99.07.07 02:43 B C:\!whirlygirl.com\lists\CDs\reviews\05.htm --> home.mindspring.com /whirlygirl/www/lists/CDs/reviews 05.htm
99.07.07 02:43 B C:\!whirlygirl.com\lists\CDs\reviews\06.htm --> home.mindspring.com /whirlygirl/www/lists/CDs/reviews 06.htm
99.07.07 02:43 B C:\!whirlygirl.com\lists\CDs\reviews\07.htm --> home.mindspring.com /whirlygirl/www/lists/CDs/reviews 07.htm
99.07.07 02:43 B C:\!whirlygirl.com\lists\CDs\reviews\08.htm --> home.mindspring.com /whirlygirl/www/lists/CDs/reviews 08.htm
99.07.07 02:43 B C:\!whirlygirl.com\lists\CDs\reviews\09.htm --> home.mindspring.com /whirlygirl/www/lists/CDs/reviews 09.htm
99.07.07 02:43 B C:\!whirlygirl.com\lists\CDs\reviews\10.htm --> home.mindspring.com /whirlygirl/www/lists/CDs/reviews 10.htm
99.07.07 02:43 B C:\!whirlygirl.com\lists\CDs\reviews\11.htm --> home.mindspring.com /whirlygirl/www/lists/CDs/reviews 11.htm
99.07.07 02:43 B C:\!whirlygirl.com\lists\CDs\reviews\12.htm --> home.mindspring.com /whirlygirl/www/lists/CDs/reviews 12.htm
99.07.07 02:43 B C:\!whirlygirl.com\lists\CDs\reviews\13.htm --> home.mindspring.com /whirlygirl/www/lists/CDs/reviews 13.htm
99.07.07 02:43 B C:\!whirlygirl.com\lists\CDs\reviews\14.htm --> home.mindspring.com /whirlygirl/www/lists/CDs/reviews 14.htm
99.07.07 02:43 B C:\!whirlygirl.com\lists\CDs\reviews\15.htm --> home.mindspring.com /whirlygirl/www/lists/CDs/reviews 15.htm
99.07.07 02:43 B C:\!whirlygirl.com\lists\CDs\reviews\16.htm --> home.mindspring.com /whirlygirl/www/lists/CDs/reviews 16.htm
99.07.07 02:43 B C:\!whirlygirl.com\lists\CDs\reviews\17.htm --> home.mindspring.com /whirlygirl/www/lists/CDs/reviews 17.htm
99.07.07 02:43 B C:\!whirlygirl.com\lists\CDs\reviews\18.htm --> home.mindspring.com /whirlygirl/www/lists/CDs/reviews 18.htm
99.07.07 02:43 B C:\!whirlygirl.com\lists\CDs\reviews\19.htm --> home.mindspring.com /whirlygirl/www/lists/CDs/reviews 19.htm
99.07.07 02:43 B C:\!whirlygirl.com\lists\CDs\reviews\20.htm --> home.mindspring.com /whirlygirl/www/lists/CDs/reviews 20.htm
99.07.07 02:43 B C:\!whirlygirl.com\lists\CDs\reviews\21.htm --> home.mindspring.com /whirlygirl/www/lists/CDs/reviews 21.htm
99.07.07 02:44 B C:\!whirlygirl.com\lists\CDs\reviews\22.htm --> home.mindspring.com /whirlygirl/www/lists/CDs/reviews 22.htm
99.07.07 02:44 B C:\!whirlygirl.com\lists\CDs\reviews\23.htm --> home.mindspring.com /whirlygirl/www/lists/CDs/reviews 23.htm
99.07.07 02:44 B C:\!whirlygirl.com\lists\CDs\reviews\24.htm --> home.mindspring.com /whirlygirl/www/lists/CDs/reviews 24.htm
99.07.07 02:44 B C:\!whirlygirl.com\lists\CDs\reviews\25.htm --> home.mindspring.com /whirlygirl/www/lists/CDs/reviews 25.htm
99.07.07 02:44 B C:\!whirlygirl.com\lists\CDs\reviews\WS_FTP.LOG --> home.mindspring.com /whirlygirl/www/lists/CDs/reviews WS_FTP.LOG
99.07.11 23:58 B C:\!whirlygirl.com\lists\CDs\reviews\01.htm --> home.mindspring.com /whirlygirl/www/lists/CDs/reviews 01.htm
99.07.11 23:58 B C:\!whirlygirl.com\lists\CDs\reviews\02.htm --> home.mindspring.com /whirlygirl/www/lists/CDs/reviews 02.htm
99.07.11 23:58 B C:\!whirlygirl.com\lists\CDs\reviews\03.htm --> home.mindspring.com /whirlygirl/www/lists/CDs/reviews 03.htm
99.07.11 23:58 B C:\!whirlygirl.com\lists\CDs\reviews\04.htm --> home.mindspring.com /whirlygirl/www/lists/CDs/reviews 04.htm
99.07.11 23:58 B C:\!whirlygirl.com\lists\CDs\reviews\05.htm --> home.mindspring.com /whirlygirl/www/lists/CDs/reviews 05.htm
99.07.11 23:58 B C:\!whirlygirl.com\lists\CDs\reviews\06.htm --> home.mindspring.com /whirlygirl/www/lists/CDs/reviews 06.htm
99.07.11 23:58 B C:\!whirlygirl.com\lists\CDs\reviews\07.htm --> home.mindspring.com /whirlygirl/www/lists/CDs/reviews 07.htm
99.07.11 23:58 B C:\!whirlygirl.com\lists\CDs\reviews\08.htm --> home.mindspring.com /whirlygirl/www/lists/CDs/reviews 08.htm
99.07.11 23:58 B C:\!whirlygirl.com\lists\CDs\reviews\09.htm --> home.mindspring.com /whirlygirl/www/lists/CDs/reviews 09.htm
99.07.11 23:58 B C:\!whirlygirl.com\lists\CDs\reviews\10.htm --> home.mindspring.com /whirlygirl/www/lists/CDs/reviews 10.htm
99.07.11 23:58 B C:\!whirlygirl.com\lists\CDs\reviews\11.htm --> home.mindspring.com /whirlygirl/www/lists/CDs/reviews 11.htm
99.07.11 23:58 B C:\!whirlygirl.com\lists\CDs\reviews\12.htm --> home.mindspring.com /whirlygirl/www/lists/CDs/reviews 12.htm
99.07.11 23:58 B C:\!whirlygirl.com\lists\CDs\reviews\13.htm --> home.mindspring.com /whirlygirl/www/lists/CDs/reviews 13.htm
99.07.11 23:58 B C:\!whirlygirl.com\lists\CDs\reviews\14.htm --> home.mindspring.com /whirlygirl/www/lists/CDs/reviews 14.htm
99.07.11 23:58 B C:\!whirlygirl.com\lists\CDs\reviews\15.htm --> home.mindspring.com /whirlygirl/www/lists/CDs/reviews 15.htm
99.07.11 23:58 B C:\!whirlygirl.com\lists\CDs\reviews\16.htm --> home.mindspring.com /whirlygirl/www/lists/CDs/reviews 16.htm
99.07.11 23:58 B C:\!whirlygirl.com\lists\CDs\reviews\17.htm --> home.mindspring.com /whirlygirl/www/lists/CDs/reviews 17.htm
99.07.11 23:58 B C:\!whirlygirl.com\lists\CDs\reviews\18.htm --> home.mindspring.com /whirlygirl/www/lists/CDs/reviews 18.htm
99.07.11 23:58 B C:\!whirlygirl.com\lists\CDs\reviews\19.htm --> home.mindspring.com /whirlygirl/www/lists/CDs/reviews 19.htm
99.07.11 23:58 B C:\!whirlygirl.com\lists\CDs\reviews\20.htm --> home.mindspring.com /whirlygirl/www/lists/CDs/reviews 20.htm
99.07.11 23:58 B C:\!whirlygirl.com\lists\CDs\reviews\21.htm --> home.mindspring.com /whirlygirl/www/lists/CDs/reviews 21.htm
99.07.11 23:58 B C:\!whirlygirl.com\lists\CDs\reviews\22.htm --> home.mindspring.com /whirlygirl/www/lists/CDs/reviews 22.htm
99.07.11 23:58 B C:\!whirlygirl.com\lists\CDs\reviews\23.htm --> home.mindspring.com /whirlygirl/www/lists/CDs/reviews 23.htm
99.07.11 23:58 B C:\!whirlygirl.com\lists\CDs\reviews\24.htm --> home.mindspring.com /whirlygirl/www/lists/CDs/reviews 24.htm
99.07.11 23:58 B C:\!whirlygirl.com\lists\CDs\reviews\25.htm --> home.mindspring.com /whirlygirl/www/lists/CDs/reviews 25.htm
99.08.30 19:26 B C:\My Documents\!whirlygirl.com\lists\CDs\reviews\WS_FTP.LOG <-- WS_FTP32 /whirlygirl/www/lists/CDs/reviews WS_FTP.LOG
99.09.02 02:01 B C:\!!whirlygirl.com\lists\CDs\reviews\01.htm --> home.mindspring.com /whirlygirl/www/lists/CDs/reviews 01.htm
99.09.02 02:01 B C:\!!whirlygirl.com\lists\CDs\reviews\02.htm --> home.mindspring.com /whirlygirl/www/lists/CDs/reviews 02.htm
99.09.02 02:01 B C:\!!whirlygirl.com\lists\CDs\reviews\03.htm --> home.mindspring.com /whirlygirl/www/lists/CDs/reviews 03.htm
99.09.02 02:01 B C:\!!whirlygirl.com\lists\CDs\reviews\04.htm --> home.mindspring.com /whirlygirl/www/lists/CDs/reviews 04.htm
99.09.02 02:01 B C:\!!whirlygirl.com\lists\CDs\reviews\05.htm --> home.mindspring.com /whirlygirl/www/lists/CDs/reviews 05.htm
99.09.02 02:01 B C:\!!whirlygirl.com\lists\CDs\reviews\06.htm --> home.mindspring.com /whirlygirl/www/lists/CDs/reviews 06.htm
99.09.02 02:01 B C:\!!whirlygirl.com\lists\CDs\reviews\07.htm --> home.mindspring.com /whirlygirl/www/lists/CDs/reviews 07.htm
99.09.02 02:01 B C:\!!whirlygirl.com\lists\CDs\reviews\08.htm --> home.mindspring.com /whirlygirl/www/lists/CDs/reviews 08.htm
99.09.02 02:01 B C:\!!whirlygirl.com\lists\CDs\reviews\09.htm --> home.mindspring.com /whirlygirl/www/lists/CDs/reviews 09.htm
99.09.02 02:01 B C:\!!whirlygirl.com\lists\CDs\reviews\10.htm --> home.mindspring.com /whirlygirl/www/lists/CDs/reviews 10.htm
99.09.02 02:01 B C:\!!whirlygirl.com\lists\CDs\reviews\11.htm --> home.mindspring.com /whirlygirl/www/lists/CDs/reviews 11.htm
99.09.02 02:01 B C:\!!whirlygirl.com\lists\CDs\reviews\12.htm --> home.mindspring.com /whirlygirl/www/lists/CDs/reviews 12.htm
99.09.02 02:01 B C:\!!whirlygirl.com\lists\CDs\reviews\13.htm --> home.mindspring.com /whirlygirl/www/lists/CDs/reviews 13.htm
99.09.02 02:01 B C:\!!whirlygirl.com\lists\CDs\reviews\14.htm --> home.mindspring.com /whirlygirl/www/lists/CDs/reviews 14.htm
99.09.02 02:01 B C:\!!whirlygirl.com\lists\CDs\reviews\15.htm --> home.mindspring.com /whirlygirl/www/lists/CDs/reviews 15.htm
99.09.02 02:01 B C:\!!whirlygirl.com\lists\CDs\reviews\16.htm --> home.mindspring.com /whirlygirl/www/lists/CDs/reviews 16.htm
99.09.02 02:01 B C:\!!whirlygirl.com\lists\CDs\reviews\17.htm --> home.mindspring.com /whirlygirl/www/lists/CDs/reviews 17.htm
99.09.02 02:01 B C:\!!whirlygirl.com\lists\CDs\reviews\18.htm --> home.mindspring.com /whirlygirl/www/lists/CDs/reviews 18.htm
99.09.02 02:01 B C:\!!whirlygirl.com\lists\CDs\reviews\19.htm --> home.mindspring.com /whirlygirl/www/lists/CDs/reviews 19.htm
99.09.02 02:01 B C:\!!whirlygirl.com\lists\CDs\reviews\20.htm --> home.mindspring.com /whirlygirl/www/lists/CDs/reviews 20.htm
99.09.02 02:01 B C:\!!whirlygirl.com\lists\CDs\reviews\21.htm --> home.mindspring.com /whirlygirl/www/lists/CDs/reviews 21.htm
99.09.02 02:01 B C:\!!whirlygirl.com\lists\CDs\reviews\22.htm --> home.mindspring.com /whirlygirl/www/lists/CDs/reviews 22.htm
99.09.02 02:01 B C:\!!whirlygirl.com\lists\CDs\reviews\23.htm --> home.mindspring.com /whirlygirl/www/lists/CDs/reviews 23.htm
99.09.02 02:01 B C:\!!whirlygirl.com\lists\CDs\reviews\24.htm --> home.mindspring.com /whirlygirl/www/lists/CDs/reviews 24.htm
99.09.02 02:01 B C:\!!whirlygirl.com\lists\CDs\reviews\25.htm --> home.mindspring.com /whirlygirl/www/lists/CDs/reviews 25.htm
99.10.05 07:42 B C:\My Documents\!whirlygirl.com\lists\CDs\reviews\WS_FTP.LOG <-- WS_FTP32 /whirlygirl/www/lists/CDs/reviews WS_FTP.LOG
99.10.05 09:13 B C:\My Documents\!whirlygirl.com\lists\CDs\reviews\01.htm --> home.mindspring.com /whirlygirl/www/lists/CDs/reviews 01.htm
99.10.05 09:13 B C:\My Documents\!whirlygirl.com\lists\CDs\reviews\02.htm --> home.mindspring.com /whirlygirl/www/lists/CDs/reviews 02.htm
99.10.05 09:13 B C:\My Documents\!whirlygirl.com\lists\CDs\reviews\03.htm --> home.mindspring.com /whirlygirl/www/lists/CDs/reviews 03.htm
99.10.05 09:13 B C:\My Documents\!whirlygirl.com\lists\CDs\reviews\04.htm --> home.mindspring.com /whirlygirl/www/lists/CDs/reviews 04.htm
99.10.05 09:13 B C:\My Documents\!whirlygirl.com\lists\CDs\reviews\05.htm --> home.mindspring.com /whirlygirl/www/lists/CDs/reviews 05.htm
99.10.05 09:13 B C:\My Documents\!whirlygirl.com\lists\CDs\reviews\06.htm --> home.mindspring.com /whirlygirl/www/lists/CDs/reviews 06.htm
99.10.05 09:13 B C:\My Documents\!whirlygirl.com\lists\CDs\reviews\07.htm --> home.mindspring.com /whirlygirl/www/lists/CDs/reviews 07.htm
99.10.05 09:13 B C:\My Documents\!whirlygirl.com\lists\CDs\reviews\08.htm --> home.mindspring.com /whirlygirl/www/lists/CDs/reviews 08.htm
99.10.05 09:13 B C:\My Documents\!whirlygirl.com\lists\CDs\reviews\09.htm --> home.mindspring.com /whirlygirl/www/lists/CDs/reviews 09.htm
99.10.05 09:13 B C:\My Documents\!whirlygirl.com\lists\CDs\reviews\10.htm --> home.mindspring.com /whirlygirl/www/lists/CDs/reviews 10.htm
99.10.05 09:13 B C:\My Documents\!whirlygirl.com\lists\CDs\reviews\11.htm --> home.mindspring.com /whirlygirl/www/lists/CDs/reviews 11.htm
99.10.05 09:13 B C:\My Documents\!whirlygirl.com\lists\CDs\reviews\12.htm --> home.mindspring.com /whirlygirl/www/lists/CDs/reviews 12.htm
99.10.05 09:13 B C:\My Documents\!whirlygirl.com\lists\CDs\reviews\13.htm --> home.mindspring.com /whirlygirl/www/lists/CDs/reviews 13.htm
99.10.05 09:13 B C:\My Documents\!whirlygirl.com\lists\CDs\reviews\14.htm --> home.mindspring.com /whirlygirl/www/lists/CDs/reviews 14.htm
99.10.05 09:13 B C:\My Documents\!whirlygirl.com\lists\CDs\reviews\15.htm --> home.mindspring.com /whirlygirl/www/lists/CDs/reviews 15.htm
99.10.05 09:13 B C:\My Documents\!whirlygirl.com\lists\CDs\reviews\16.htm --> home.mindspring.com /whirlygirl/www/lists/CDs/reviews 16.htm
99.10.05 09:13 B C:\My Documents\!whirlygirl.com\lists\CDs\reviews\17.htm --> home.mindspring.com /whirlygirl/www/lists/CDs/reviews 17.htm
99.10.05 09:13 B C:\My Documents\!whirlygirl.com\lists\CDs\reviews\18.htm --> home.mindspring.com /whirlygirl/www/lists/CDs/reviews 18.htm
99.10.05 09:13 B C:\My Documents\!whirlygirl.com\lists\CDs\reviews\19.htm --> home.mindspring.com /whirlygirl/www/lists/CDs/reviews 19.htm
99.10.05 09:13 B C:\My Documents\!whirlygirl.com\lists\CDs\reviews\20.htm --> home.mindspring.com /whirlygirl/www/lists/CDs/reviews 20.htm
99.10.05 09:13 B C:\My Documents\!whirlygirl.com\lists\CDs\reviews\21.htm --> home.mindspring.com /whirlygirl/www/lists/CDs/reviews 21.htm
99.10.05 09:13 B C:\My Documents\!whirlygirl.com\lists\CDs\reviews\22.htm --> home.mindspring.com /whirlygirl/www/lists/CDs/reviews 22.htm
99.10.05 09:13 B C:\My Documents\!whirlygirl.com\lists\CDs\reviews\23.htm --> home.mindspring.com /whirlygirl/www/lists/CDs/reviews 23.htm
99.10.05 09:13 B C:\My Documents\!whirlygirl.com\lists\CDs\reviews\24.htm --> home.mindspring.com /whirlygirl/www/lists/CDs/reviews 24.htm
99.10.05 09:13 B C:\My Documents\!whirlygirl.com\lists\CDs\reviews\25.htm --> home.mindspring.com /whirlygirl/www/lists/CDs/reviews 25.htm
99.10.05 09:13 B C:\My Documents\!whirlygirl.com\lists\CDs\reviews\WS_FTP.LOG --> home.mindspring.com /whirlygirl/www/lists/CDs/reviews WS_FTP.LOG
99.10.08 12:34 B C:\My Documents\!whirlygirl.com\lists\CDs\reviews\01.htm --> home.mindspring.com /whirlygirl/www/lists/CDs/reviews 01.htm
99.10.08 12:34 B C:\My Documents\!whirlygirl.com\lists\CDs\reviews\02.htm --> home.mindspring.com /whirlygirl/www/lists/CDs/reviews 02.htm
99.10.08 12:34 B C:\My Documents\!whirlygirl.com\lists\CDs\reviews\03.htm --> home.mindspring.com /whirlygirl/www/lists/CDs/reviews 03.htm
99.10.08 12:34 B C:\My Documents\!whirlygirl.com\lists\CDs\reviews\04.htm --> home.mindspring.com /whirlygirl/www/lists/CDs/reviews 04.htm
99.10.08 12:34 B C:\My Documents\!whirlygirl.com\lists\CDs\reviews\05.htm --> home.mindspring.com /whirlygirl/www/lists/CDs/reviews 05.htm
99.10.08 12:34 B C:\My Documents\!whirlygirl.com\lists\CDs\reviews\06.htm --> home.mindspring.com /whirlygirl/www/lists/CDs/reviews 06.htm
99.10.08 12:34 B C:\My Documents\!whirlygirl.com\lists\CDs\reviews\07.htm --> home.mindspring.com /whirlygirl/www/lists/CDs/reviews 07.htm
99.10.08 12:34 B C:\My Documents\!whirlygirl.com\lists\CDs\reviews\08.htm --> home.mindspring.com /whirlygirl/www/lists/CDs/reviews 08.htm
99.10.08 12:34 B C:\My Documents\!whirlygirl.com\lists\CDs\reviews\09.htm --> home.mindspring.com /whirlygirl/www/lists/CDs/reviews 09.htm
99.10.08 12:34 B C:\My Documents\!whirlygirl.com\lists\CDs\reviews\10.htm --> home.mindspring.com /whirlygirl/www/lists/CDs/reviews 10.htm
99.10.08 12:34 B C:\My Documents\!whirlygirl.com\lists\CDs\reviews\11.htm --> home.mindspring.com /whirlygirl/www/lists/CDs/reviews 11.htm
99.10.08 12:34 B C:\My Documents\!whirlygirl.com\lists\CDs\reviews\12.htm --> home.mindspring.com /whirlygirl/www/lists/CDs/reviews 12.htm
99.10.08 12:34 B C:\My Documents\!whirlygirl.com\lists\CDs\reviews\13.htm --> home.mindspring.com /whirlygirl/www/lists/CDs/reviews 13.htm
99.10.08 12:34 B C:\My Documents\!whirlygirl.com\lists\CDs\reviews\14.htm --> home.mindspring.com /whirlygirl/www/lists/CDs/reviews 14.htm
99.10.08 12:34 B C:\My Documents\!whirlygirl.com\lists\CDs\reviews\15.htm --> home.mindspring.com /whirlygirl/www/lists/CDs/reviews 15.htm
99.10.08 12:34 B C:\My Documents\!whirlygirl.com\lists\CDs\reviews\16.htm --> home.mindspring.com /whirlygirl/www/lists/CDs/reviews 16.htm
99.10.08 12:34 B C:\My Documents\!whirlygirl.com\lists\CDs\reviews\17.htm --> home.mindspring.com /whirlygirl/www/lists/CDs/reviews 17.htm
99.10.08 12:34 B C:\My Documents\!whirlygirl.com\lists\CDs\reviews\18.htm --> home.mindspring.com /whirlygirl/www/lists/CDs/reviews 18.htm
99.10.08 12:34 B C:\My Documents\!whirlygirl.com\lists\CDs\reviews\19.htm --> home.mindspring.com /whirlygirl/www/lists/CDs/reviews 19.htm
99.10.08 12:34 B C:\My Documents\!whirlygirl.com\lists\CDs\reviews\20.htm --> home.mindspring.com /whirlygirl/www/lists/CDs/reviews 20.htm
99.10.08 12:34 B C:\My Documents\!whirlygirl.com\lists\CDs\reviews\21.htm --> home.mindspring.com /whirlygirl/www/lists/CDs/reviews 21.htm
99.10.08 12:34 B C:\My Documents\!whirlygirl.com\lists\CDs\reviews\22.htm --> home.mindspring.com /whirlygirl/www/lists/CDs/reviews 22.htm
99.10.08 12:34 B C:\My Documents\!whirlygirl.com\lists\CDs\reviews\23.htm --> home.mindspring.com /whirlygirl/www/lists/CDs/reviews 23.htm
99.10.08 12:34 B C:\My Documents\!whirlygirl.com\lists\CDs\reviews\24.htm --> home.mindspring.com /whirlygirl/www/lists/CDs/reviews 24.htm
99.10.08 12:34 B C:\My Documents\!whirlygirl.com\lists\CDs\reviews\25.htm --> home.mindspring.com /whirlygirl/www/lists/CDs/reviews 25.htm
99.10.08 12:34 B C:\My Documents\!whirlygirl.com\lists\CDs\reviews\WS_FTP.LOG --> home.mindspring.com /whirlygirl/www/lists/CDs/reviews WS_FTP.LOG
99.10.12 12:52 B C:\My Documents\!whirlygirl.com\lists\CDs\reviews\01.htm --> home.mindspring.com /whirlygirl/www/lists/CDs/reviews 01.htm
99.10.12 12:52 B C:\My Documents\!whirlygirl.com\lists\CDs\reviews\02.htm --> home.mindspring.com /whirlygirl/www/lists/CDs/reviews 02.htm
99.10.12 12:52 B C:\My Documents\!whirlygirl.com\lists\CDs\reviews\03.htm --> home.mindspring.com /whirlygirl/www/lists/CDs/reviews 03.htm
99.10.12 12:52 B C:\My Documents\!whirlygirl.com\lists\CDs\reviews\04.htm --> home.mindspring.com /whirlygirl/www/lists/CDs/reviews 04.htm
99.10.12 12:52 B C:\My Documents\!whirlygirl.com\lists\CDs\reviews\05.htm --> home.mindspring.com /whirlygirl/www/lists/CDs/reviews 05.htm
99.10.12 12:52 B C:\My Documents\!whirlygirl.com\lists\CDs\reviews\06.htm --> home.mindspring.com /whirlygirl/www/lists/CDs/reviews 06.htm
99.10.12 12:52 B C:\My Documents\!whirlygirl.com\lists\CDs\reviews\07.htm --> home.mindspring.com /whirlygirl/www/lists/CDs/reviews 07.htm
99.10.12 12:52 B C:\My Documents\!whirlygirl.com\lists\CDs\reviews\08.htm --> home.mindspring.com /whirlygirl/www/lists/CDs/reviews 08.htm
99.10.12 12:52 B C:\My Documents\!whirlygirl.com\lists\CDs\reviews\09.htm --> home.mindspring.com /whirlygirl/www/lists/CDs/reviews 09.htm
99.10.12 12:52 B C:\My Documents\!whirlygirl.com\lists\CDs\reviews\10.htm --> home.mindspring.com /whirlygirl/www/lists/CDs/reviews 10.htm
99.10.12 12:52 B C:\My Documents\!whirlygirl.com\lists\CDs\reviews\11.htm --> home.mindspring.com /whirlygirl/www/lists/CDs/reviews 11.htm
99.10.12 12:52 B C:\My Documents\!whirlygirl.com\lists\CDs\reviews\12.htm --> home.mindspring.com /whirlygirl/www/lists/CDs/reviews 12.htm
99.10.12 12:52 B C:\My Documents\!whirlygirl.com\lists\CDs\reviews\13.htm --> home.mindspring.com /whirlygirl/www/lists/CDs/reviews 13.htm
99.10.12 12:52 B C:\My Documents\!whirlygirl.com\lists\CDs\reviews\14.htm --> home.mindspring.com /whirlygirl/www/lists/CDs/reviews 14.htm
99.10.12 12:52 B C:\My Documents\!whirlygirl.com\lists\CDs\reviews\15.htm --> home.mindspring.com /whirlygirl/www/lists/CDs/reviews 15.htm
99.10.12 12:52 B C:\My Documents\!whirlygirl.com\lists\CDs\reviews\16.htm --> home.mindspring.com /whirlygirl/www/lists/CDs/reviews 16.htm
99.10.12 12:52 B C:\My Documents\!whirlygirl.com\lists\CDs\reviews\17.htm --> home.mindspring.com /whirlygirl/www/lists/CDs/reviews 17.htm
99.10.12 12:52 B C:\My Documents\!whirlygirl.com\lists\CDs\reviews\18.htm --> home.mindspring.com /whirlygirl/www/lists/CDs/reviews 18.htm
99.10.12 12:52 B C:\My Documents\!whirlygirl.com\lists\CDs\reviews\19.htm --> home.mindspring.com /whirlygirl/www/lists/CDs/reviews 19.htm
99.10.12 12:52 B C:\My Documents\!whirlygirl.com\lists\CDs\reviews\20.htm --> home.mindspring.com /whirlygirl/www/lists/CDs/reviews 20.htm
99.10.12 12:52 B C:\My Documents\!whirlygirl.com\lists\CDs\reviews\21.htm --> home.mindspring.com /whirlygirl/www/lists/CDs/reviews 21.htm
99.10.12 12:52 B C:\My Documents\!whirlygirl.com\lists\CDs\reviews\22.htm --> home.mindspring.com /whirlygirl/www/lists/CDs/reviews 22.htm
99.10.12 12:52 B C:\My Documents\!whirlygirl.com\lists\CDs\reviews\23.htm --> home.mindspring.com /whirlygirl/www/lists/CDs/reviews 23.htm
99.10.12 12:52 B C:\My Documents\!whirlygirl.com\lists\CDs\reviews\24.htm --> home.mindspring.com /whirlygirl/www/lists/CDs/reviews 24.htm
99.10.12 12:52 B C:\My Documents\!whirlygirl.com\lists\CDs\reviews\25.htm --> home.mindspring.com /whirlygirl/www/lists/CDs/reviews 25.htm
100.01.04 12:57 B C:\My Documents\!whirlygirl.com\lists\CDs\reviews\WS_FTP.LOG <-- WS_FTP32 /whirlygirl/www/lists/CDs/reviews WS_FTP.LOG
100.01.04 15:28 B C:\My Documents\!whirlygirl.com\lists\CDs\reviews\01.htm --> home.mindspring.com /whirlygirl/www/lists/CDs/reviews 01.htm
100.01.04 15:28 B C:\My Documents\!whirlygirl.com\lists\CDs\reviews\02.htm --> home.mindspring.com /whirlygirl/www/lists/CDs/reviews 02.htm
100.01.04 15:28 B C:\My Documents\!whirlygirl.com\lists\CDs\reviews\03.htm --> home.mindspring.com /whirlygirl/www/lists/CDs/reviews 03.htm
100.01.04 15:28 B C:\My Documents\!whirlygirl.com\lists\CDs\reviews\04.htm --> home.mindspring.com /whirlygirl/www/lists/CDs/reviews 04.htm
100.01.04 15:28 B C:\My Documents\!whirlygirl.com\lists\CDs\reviews\05.htm --> home.mindspring.com /whirlygirl/www/lists/CDs/reviews 05.htm
100.01.04 15:28 B C:\My Documents\!whirlygirl.com\lists\CDs\reviews\06.htm --> home.mindspring.com /whirlygirl/www/lists/CDs/reviews 06.htm
100.01.04 15:28 B C:\My Documents\!whirlygirl.com\lists\CDs\reviews\07.htm --> home.mindspring.com /whirlygirl/www/lists/CDs/reviews 07.htm
100.01.04 15:28 B C:\My Documents\!whirlygirl.com\lists\CDs\reviews\08.htm --> home.mindspring.com /whirlygirl/www/lists/CDs/reviews 08.htm
100.01.04 15:28 B C:\My Documents\!whirlygirl.com\lists\CDs\reviews\09.htm --> home.mindspring.com /whirlygirl/www/lists/CDs/reviews 09.htm
100.01.04 15:28 B C:\My Documents\!whirlygirl.com\lists\CDs\reviews\10.htm --> home.mindspring.com /whirlygirl/www/lists/CDs/reviews 10.htm
100.01.04 15:28 B C:\My Documents\!whirlygirl.com\lists\CDs\reviews\11.htm --> home.mindspring.com /whirlygirl/www/lists/CDs/reviews 11.htm
100.01.04 15:28 B C:\My Documents\!whirlygirl.com\lists\CDs\reviews\12.htm --> home.mindspring.com /whirlygirl/www/lists/CDs/reviews 12.htm
100.01.04 15:29 B C:\My Documents\!whirlygirl.com\lists\CDs\reviews\13.htm --> home.mindspring.com /whirlygirl/www/lists/CDs/reviews 13.htm
100.01.04 15:29 B C:\My Documents\!whirlygirl.com\lists\CDs\reviews\14.htm --> home.mindspring.com /whirlygirl/www/lists/CDs/reviews 14.htm
100.01.04 15:29 B C:\My Documents\!whirlygirl.com\lists\CDs\reviews\15.htm --> home.mindspring.com /whirlygirl/www/lists/CDs/reviews 15.htm
100.01.04 15:29 B C:\My Documents\!whirlygirl.com\lists\CDs\reviews\16.htm --> home.mindspring.com /whirlygirl/www/lists/CDs/reviews 16.htm
100.01.04 15:29 B C:\My Documents\!whirlygirl.com\lists\CDs\reviews\17.htm --> home.mindspring.com /whirlygirl/www/lists/CDs/reviews 17.htm
100.01.04 15:29 B C:\My Documents\!whirlygirl.com\lists\CDs\reviews\18.htm --> home.mindspring.com /whirlygirl/www/lists/CDs/reviews 18.htm
100.01.04 15:29 B C:\My Documents\!whirlygirl.com\lists\CDs\reviews\19.htm --> home.mindspring.com /whirlygirl/www/lists/CDs/reviews 19.htm
100.01.04 15:29 B C:\My Documents\!whirlygirl.com\lists\CDs\reviews\20.htm --> home.mindspring.com /whirlygirl/www/lists/CDs/reviews 20.htm
100.01.04 15:29 B C:\My Documents\!whirlygirl.com\lists\CDs\reviews\21.htm --> home.mindspring.com /whirlygirl/www/lists/CDs/reviews 21.htm
100.01.04 15:29 B C:\My Documents\!whirlygirl.com\lists\CDs\reviews\22.htm --> home.mindspring.com /whirlygirl/www/lists/CDs/reviews 22.htm
100.01.04 15:29 B C:\My Documents\!whirlygirl.com\lists\CDs\reviews\23.htm --> home.mindspring.com /whirlygirl/www/lists/CDs/reviews 23.htm
100.01.04 15:29 B C:\My Documents\!whirlygirl.com\lists\CDs\reviews\24.htm --> home.mindspring.com /whirlygirl/www/lists/CDs/reviews 24.htm
100.01.04 15:29 B C:\My Documents\!whirlygirl.com\lists\CDs\reviews\25.htm --> home.mindspring.com /whirlygirl/www/lists/CDs/reviews 25.htm
100.01.04 15:29 B C:\My Documents\!whirlygirl.com\lists\CDs\reviews\WS_FTP.LOG --> home.mindspring.com /whirlygirl/www/lists/CDs/reviews WS_FTP.LOG
100.01.06 18:16 B C:\My Documents\!whirlygirl.com\lists\CDs\reviews\01.htm --> www.whirlygirl.com /whirlygirl2.0/lists/CDs/reviews 01.htm
100.01.06 18:16 B C:\My Documents\!whirlygirl.com\lists\CDs\reviews\02.htm --> www.whirlygirl.com /whirlygirl2.0/lists/CDs/reviews 02.htm
100.01.06 18:16 B C:\My Documents\!whirlygirl.com\lists\CDs\reviews\03.htm --> www.whirlygirl.com /whirlygirl2.0/lists/CDs/reviews 03.htm
100.01.06 18:17 B C:\My Documents\!whirlygirl.com\lists\CDs\reviews\04.htm --> www.whirlygirl.com /whirlygirl2.0/lists/CDs/reviews 04.htm
100.01.06 18:17 B C:\My Documents\!whirlygirl.com\lists\CDs\reviews\05.htm --> www.whirlygirl.com /whirlygirl2.0/lists/CDs/reviews 05.htm
100.01.06 18:17 B C:\My Documents\!whirlygirl.com\lists\CDs\reviews\06.htm --> www.whirlygirl.com /whirlygirl2.0/lists/CDs/reviews 06.htm
100.01.06 18:17 B C:\My Documents\!whirlygirl.com\lists\CDs\reviews\07.htm --> www.whirlygirl.com /whirlygirl2.0/lists/CDs/reviews 07.htm
100.01.06 18:17 B C:\My Documents\!whirlygirl.com\lists\CDs\reviews\08.htm --> www.whirlygirl.com /whirlygirl2.0/lists/CDs/reviews 08.htm
100.01.06 18:17 B C:\My Documents\!whirlygirl.com\lists\CDs\reviews\09.htm --> www.whirlygirl.com /whirlygirl2.0/lists/CDs/reviews 09.htm
100.01.06 18:17 B C:\My Documents\!whirlygirl.com\lists\CDs\reviews\10.htm --> www.whirlygirl.com /whirlygirl2.0/lists/CDs/reviews 10.htm
100.01.06 18:17 B C:\My Documents\!whirlygirl.com\lists\CDs\reviews\11.htm --> www.whirlygirl.com /whirlygirl2.0/lists/CDs/reviews 11.htm
100.01.06 18:17 B C:\My Documents\!whirlygirl.com\lists\CDs\reviews\12.htm --> www.whirlygirl.com /whirlygirl2.0/lists/CDs/reviews 12.htm
100.01.06 18:18 B C:\My Documents\!whirlygirl.com\lists\CDs\reviews\13.htm --> www.whirlygirl.com /whirlygirl2.0/lists/CDs/reviews 13.htm
100.01.06 18:18 B C:\My Documents\!whirlygirl.com\lists\CDs\reviews\14.htm --> www.whirlygirl.com /whirlygirl2.0/lists/CDs/reviews 14.htm
100.01.06 18:18 B C:\My Documents\!whirlygirl.com\lists\CDs\reviews\15.htm --> www.whirlygirl.com /whirlygirl2.0/lists/CDs/reviews 15.htm
100.01.06 18:18 B C:\My Documents\!whirlygirl.com\lists\CDs\reviews\16.htm --> www.whirlygirl.com /whirlygirl2.0/lists/CDs/reviews 16.htm
100.01.06 18:18 B C:\My Documents\!whirlygirl.com\lists\CDs\reviews\17.htm --> www.whirlygirl.com /whirlygirl2.0/lists/CDs/reviews 17.htm
100.01.06 18:18 B C:\My Documents\!whirlygirl.com\lists\CDs\reviews\18.htm --> www.whirlygirl.com /whirlygirl2.0/lists/CDs/reviews 18.htm
100.01.06 18:18 B C:\My Documents\!whirlygirl.com\lists\CDs\reviews\19.htm --> www.whirlygirl.com /whirlygirl2.0/lists/CDs/reviews 19.htm
100.01.06 18:18 B C:\My Documents\!whirlygirl.com\lists\CDs\reviews\20.htm --> www.whirlygirl.com /whirlygirl2.0/lists/CDs/reviews 20.htm
100.01.06 18:19 B C:\My Documents\!whirlygirl.com\lists\CDs\reviews\21.htm --> www.whirlygirl.com /whirlygirl2.0/lists/CDs/reviews 21.htm
100.01.06 18:19 B C:\My Documents\!whirlygirl.com\lists\CDs\reviews\22.htm --> www.whirlygirl.com /whirlygirl2.0/lists/CDs/reviews 22.htm
100.01.06 18:19 B C:\My Documents\!whirlygirl.com\lists\CDs\reviews\23.htm --> www.whirlygirl.com /whirlygirl2.0/lists/CDs/reviews 23.htm
100.01.06 18:19 B C:\My Documents\!whirlygirl.com\lists\CDs\reviews\24.htm --> www.whirlygirl.com /whirlygirl2.0/lists/CDs/reviews 24.htm
100.01.06 18:19 B C:\My Documents\!whirlygirl.com\lists\CDs\reviews\25.htm --> www.whirlygirl.com /whirlygirl2.0/lists/CDs/reviews 25.htm
100.01.06 18:20 B C:\My Documents\!whirlygirl.com\lists\CDs\reviews\WS_FTP.LOG --> www.whirlygirl.com /whirlygirl2.0/lists/CDs/reviews WS_FTP.LOG
100.01.31 16:56 B C:\My Documents\!whirlygirl.com\lists\CDs\reviews\01.htm --> www.whirlygirl.com /1.0/lists/CDs/reviews 01.htm
100.01.31 16:56 B C:\My Documents\!whirlygirl.com\lists\CDs\reviews\02.htm --> www.whirlygirl.com /1.0/lists/CDs/reviews 02.htm
100.01.31 16:56 B C:\My Documents\!whirlygirl.com\lists\CDs\reviews\03.htm --> www.whirlygirl.com /1.0/lists/CDs/reviews 03.htm
100.01.31 16:56 B C:\My Documents\!whirlygirl.com\lists\CDs\reviews\04.htm --> www.whirlygirl.com /1.0/lists/CDs/reviews 04.htm
100.01.31 16:56 B C:\My Documents\!whirlygirl.com\lists\CDs\reviews\05.htm --> www.whirlygirl.com /1.0/lists/CDs/reviews 05.htm
100.01.31 16:56 B C:\My Documents\!whirlygirl.com\lists\CDs\reviews\06.htm --> www.whirlygirl.com /1.0/lists/CDs/reviews 06.htm
100.01.31 16:56 B C:\My Documents\!whirlygirl.com\lists\CDs\reviews\07.htm --> www.whirlygirl.com /1.0/lists/CDs/reviews 07.htm
100.01.31 16:56 B C:\My Documents\!whirlygirl.com\lists\CDs\reviews\08.htm --> www.whirlygirl.com /1.0/lists/CDs/reviews 08.htm
100.01.31 16:56 B C:\My Documents\!whirlygirl.com\lists\CDs\reviews\09.htm --> www.whirlygirl.com /1.0/lists/CDs/reviews 09.htm
100.01.31 16:56 B C:\My Documents\!whirlygirl.com\lists\CDs\reviews\10.htm --> www.whirlygirl.com /1.0/lists/CDs/reviews 10.htm
100.01.31 16:56 B C:\My Documents\!whirlygirl.com\lists\CDs\reviews\11.htm --> www.whirlygirl.com /1.0/lists/CDs/reviews 11.htm
100.01.31 16:56 B C:\My Documents\!whirlygirl.com\lists\CDs\reviews\12.htm --> www.whirlygirl.com /1.0/lists/CDs/reviews 12.htm
100.01.31 16:56 B C:\My Documents\!whirlygirl.com\lists\CDs\reviews\13.htm --> www.whirlygirl.com /1.0/lists/CDs/reviews 13.htm
100.01.31 16:56 B C:\My Documents\!whirlygirl.com\lists\CDs\reviews\14.htm --> www.whirlygirl.com /1.0/lists/CDs/reviews 14.htm
100.01.31 16:56 B C:\My Documents\!whirlygirl.com\lists\CDs\reviews\15.htm --> www.whirlygirl.com /1.0/lists/CDs/reviews 15.htm
100.01.31 16:56 B C:\My Documents\!whirlygirl.com\lists\CDs\reviews\16.htm --> www.whirlygirl.com /1.0/lists/CDs/reviews 16.htm
100.01.31 16:56 B C:\My Documents\!whirlygirl.com\lists\CDs\reviews\17.htm --> www.whirlygirl.com /1.0/lists/CDs/reviews 17.htm
100.01.31 16:56 B C:\My Documents\!whirlygirl.com\lists\CDs\reviews\18.htm --> www.whirlygirl.com /1.0/lists/CDs/reviews 18.htm
100.01.31 16:56 B C:\My Documents\!whirlygirl.com\lists\CDs\reviews\19.htm --> www.whirlygirl.com /1.0/lists/CDs/reviews 19.htm
100.01.31 16:56 B C:\My Documents\!whirlygirl.com\lists\CDs\reviews\20.htm --> www.whirlygirl.com /1.0/lists/CDs/reviews 20.htm
100.01.31 16:56 B C:\My Documents\!whirlygirl.com\lists\CDs\reviews\21.htm --> www.whirlygirl.com /1.0/lists/CDs/reviews 21.htm
100.01.31 16:56 B C:\My Documents\!whirlygirl.com\lists\CDs\reviews\22.htm --> www.whirlygirl.com /1.0/lists/CDs/reviews 22.htm
100.01.31 16:56 B C:\My Documents\!whirlygirl.com\lists\CDs\reviews\23.htm --> www.whirlygirl.com /1.0/lists/CDs/reviews 23.htm
100.01.31 16:56 B C:\My Documents\!whirlygirl.com\lists\CDs\reviews\24.htm --> www.whirlygirl.com /1.0/lists/CDs/reviews 24.htm
100.01.31 16:56 B C:\My Documents\!whirlygirl.com\lists\CDs\reviews\25.htm --> www.whirlygirl.com /1.0/lists/CDs/reviews 25.htm
