100.01.06 17:44 B C:\My Documents\!whirlygirl.com\graphics\brave.htm --> www.whirlygirl.com /whirlygirl2.0/graphics brave.htm
100.01.06 17:44 B C:\My Documents\!whirlygirl.com\graphics\Brave.jpg --> www.whirlygirl.com /whirlygirl2.0/graphics Brave.jpg
100.01.06 17:44 B C:\My Documents\!whirlygirl.com\graphics\cameosoff.gif --> www.whirlygirl.com /whirlygirl2.0/graphics cameosoff.gif
100.01.06 17:44 B C:\My Documents\!whirlygirl.com\graphics\cameoson.gif --> www.whirlygirl.com /whirlygirl2.0/graphics cameoson.gif
100.01.06 17:44 B C:\My Documents\!whirlygirl.com\graphics\dressin.gif --> www.whirlygirl.com /whirlygirl2.0/graphics dressin.gif
100.01.06 17:49 B C:\My Documents\!whirlygirl.com\graphics\dressoff.gif --> www.whirlygirl.com /whirlygirl2.0/graphics dressoff.gif
100.01.06 17:49 B C:\My Documents\!whirlygirl.com\graphics\dresson.gif --> www.whirlygirl.com /whirlygirl2.0/graphics dresson.gif
100.01.06 17:49 B C:\My Documents\!whirlygirl.com\graphics\geneticmutation.htm --> www.whirlygirl.com /whirlygirl2.0/graphics geneticmutation.htm
100.01.06 17:49 B C:\My Documents\!whirlygirl.com\graphics\geneticmutation.jpg --> www.whirlygirl.com /whirlygirl2.0/graphics geneticmutation.jpg
100.01.06 17:50 B C:\My Documents\!whirlygirl.com\graphics\HAL.gif --> www.whirlygirl.com /whirlygirl2.0/graphics HAL.gif
100.01.06 17:50 B C:\My Documents\!whirlygirl.com\graphics\HAL.htm --> www.whirlygirl.com /whirlygirl2.0/graphics HAL.htm
100.01.06 17:50 B C:\My Documents\!whirlygirl.com\graphics\huntingfishing.gif --> www.whirlygirl.com /whirlygirl2.0/graphics huntingfishing.gif
100.01.06 17:50 B C:\My Documents\!whirlygirl.com\graphics\huntingfishing.htm --> www.whirlygirl.com /whirlygirl2.0/graphics huntingfishing.htm
100.01.06 17:50 B C:\My Documents\!whirlygirl.com\graphics\illy.htm --> www.whirlygirl.com /whirlygirl2.0/graphics illy.htm
100.01.06 17:50 B C:\My Documents\!whirlygirl.com\graphics\illy.jpg --> www.whirlygirl.com /whirlygirl2.0/graphics illy.jpg
100.01.06 17:50 B C:\My Documents\!whirlygirl.com\graphics\kristen.htm --> www.whirlygirl.com /whirlygirl2.0/graphics kristen.htm
100.01.06 17:50 B C:\My Documents\!whirlygirl.com\graphics\kristen.jpg --> www.whirlygirl.com /whirlygirl2.0/graphics kristen.jpg
100.01.06 17:50 B C:\My Documents\!whirlygirl.com\graphics\laine.jpg --> www.whirlygirl.com /whirlygirl2.0/graphics laine.jpg
100.01.06 17:50 B C:\My Documents\!whirlygirl.com\graphics\listoff.gif --> www.whirlygirl.com /whirlygirl2.0/graphics listoff.gif
100.01.06 17:50 B C:\My Documents\!whirlygirl.com\graphics\liston.gif --> www.whirlygirl.com /whirlygirl2.0/graphics liston.gif
100.01.06 17:50 B C:\My Documents\!whirlygirl.com\graphics\littlewhirloff.jpg --> www.whirlygirl.com /whirlygirl2.0/graphics littlewhirloff.jpg
100.01.06 17:51 B C:\My Documents\!whirlygirl.com\graphics\littlewhirlon.jpg --> www.whirlygirl.com /whirlygirl2.0/graphics littlewhirlon.jpg
100.01.06 17:51 B C:\My Documents\!whirlygirl.com\graphics\nostalgiaoff.gif --> www.whirlygirl.com /whirlygirl2.0/graphics nostalgiaoff.gif
100.01.06 17:51 B C:\My Documents\!whirlygirl.com\graphics\nostalgiaon.gif --> www.whirlygirl.com /whirlygirl2.0/graphics nostalgiaon.gif
100.01.06 17:51 B C:\My Documents\!whirlygirl.com\graphics\postcardoff.gif --> www.whirlygirl.com /whirlygirl2.0/graphics postcardoff.gif
100.01.06 17:51 B C:\My Documents\!whirlygirl.com\graphics\postcardon.gif --> www.whirlygirl.com /whirlygirl2.0/graphics postcardon.gif
100.01.06 17:51 B C:\My Documents\!whirlygirl.com\graphics\recommendsoff.gif --> www.whirlygirl.com /whirlygirl2.0/graphics recommendsoff.gif
100.01.06 17:51 B C:\My Documents\!whirlygirl.com\graphics\recommendson.gif --> www.whirlygirl.com /whirlygirl2.0/graphics recommendson.gif
100.01.06 17:51 B C:\My Documents\!whirlygirl.com\graphics\soap.htm --> www.whirlygirl.com /whirlygirl2.0/graphics soap.htm
100.01.06 17:51 B C:\My Documents\!whirlygirl.com\graphics\soap.jpg --> www.whirlygirl.com /whirlygirl2.0/graphics soap.jpg
100.01.06 17:51 B C:\My Documents\!whirlygirl.com\graphics\tbwp.htm --> www.whirlygirl.com /whirlygirl2.0/graphics tbwp.htm
100.01.06 17:51 B C:\My Documents\!whirlygirl.com\graphics\tbwp.jpg --> www.whirlygirl.com /whirlygirl2.0/graphics tbwp.jpg
100.01.06 17:51 B C:\My Documents\!whirlygirl.com\graphics\titleoff.gif --> www.whirlygirl.com /whirlygirl2.0/graphics titleoff.gif
100.01.06 17:52 B C:\My Documents\!whirlygirl.com\graphics\titleon.gif --> www.whirlygirl.com /whirlygirl2.0/graphics titleon.gif
100.01.06 17:52 B C:\My Documents\!whirlygirl.com\graphics\vineyard.htm --> www.whirlygirl.com /whirlygirl2.0/graphics vineyard.htm
100.01.06 17:52 B C:\My Documents\!whirlygirl.com\graphics\vineyard.jpg --> www.whirlygirl.com /whirlygirl2.0/graphics vineyard.jpg
100.01.06 17:52 B C:\My Documents\!whirlygirl.com\graphics\VinyardBetter.jpg --> www.whirlygirl.com /whirlygirl2.0/graphics VinyardBetter.jpg
100.01.06 17:52 B C:\My Documents\!whirlygirl.com\graphics\westlowereighties.htm --> www.whirlygirl.com /whirlygirl2.0/graphics westlowereighties.htm
100.01.06 17:52 B C:\My Documents\!whirlygirl.com\graphics\westlowereighties.jpg --> www.whirlygirl.com /whirlygirl2.0/graphics westlowereighties.jpg
100.01.06 17:52 B C:\My Documents\!whirlygirl.com\graphics\whirlhatoff.jpg --> www.whirlygirl.com /whirlygirl2.0/graphics whirlhatoff.jpg
100.01.06 17:52 B C:\My Documents\!whirlygirl.com\graphics\whirlhaton.jpg --> www.whirlygirl.com /whirlygirl2.0/graphics whirlhaton.jpg
100.01.06 17:52 B C:\My Documents\!whirlygirl.com\graphics\whirlhatwhirl.gif --> www.whirlygirl.com /whirlygirl2.0/graphics whirlhatwhirl.gif
100.01.06 17:52 B C:\My Documents\!whirlygirl.com\graphics\whirlyhatwhirling.htm --> www.whirlygirl.com /whirlygirl2.0/graphics whirlyhatwhirling.htm
100.01.18 11:35 B C:\My Documents\!whirlygirl.com\graphics\hijacking.htm <-- HostSave /graphics hijacking.htm
100.01.18 11:35 B C:\My Documents\!whirlygirl.com\graphics\hijacking.jpg <-- HostSave /graphics hijacking.jpg
100.01.31 16:52 B C:\My Documents\!whirlygirl.com\graphics\brave.htm --> www.whirlygirl.com /1.0/graphics brave.htm
100.01.31 16:52 B C:\My Documents\!whirlygirl.com\graphics\Brave.jpg --> www.whirlygirl.com /1.0/graphics Brave.jpg
100.01.31 16:52 B C:\My Documents\!whirlygirl.com\graphics\cameosoff.gif --> www.whirlygirl.com /1.0/graphics cameosoff.gif
100.01.31 16:52 B C:\My Documents\!whirlygirl.com\graphics\cameoson.gif --> www.whirlygirl.com /1.0/graphics cameoson.gif
100.01.31 16:52 B C:\My Documents\!whirlygirl.com\graphics\dressin.gif --> www.whirlygirl.com /1.0/graphics dressin.gif
100.01.31 16:52 B C:\My Documents\!whirlygirl.com\graphics\dressoff.gif --> www.whirlygirl.com /1.0/graphics dressoff.gif
100.01.31 16:52 B C:\My Documents\!whirlygirl.com\graphics\dresson.gif --> www.whirlygirl.com /1.0/graphics dresson.gif
100.01.31 16:52 B C:\My Documents\!whirlygirl.com\graphics\geneticmutation.htm --> www.whirlygirl.com /1.0/graphics geneticmutation.htm
100.01.31 16:52 B C:\My Documents\!whirlygirl.com\graphics\geneticmutation.jpg --> www.whirlygirl.com /1.0/graphics geneticmutation.jpg
100.01.31 16:52 B C:\My Documents\!whirlygirl.com\graphics\HAL.gif --> www.whirlygirl.com /1.0/graphics HAL.gif
100.01.31 16:52 B C:\My Documents\!whirlygirl.com\graphics\HAL.htm --> www.whirlygirl.com /1.0/graphics HAL.htm
100.01.31 16:52 B C:\My Documents\!whirlygirl.com\graphics\hijacking.htm --> www.whirlygirl.com /1.0/graphics hijacking.htm
100.01.31 16:52 B C:\My Documents\!whirlygirl.com\graphics\hijacking.jpg --> www.whirlygirl.com /1.0/graphics hijacking.jpg
100.01.31 16:52 B C:\My Documents\!whirlygirl.com\graphics\huntingfishing.gif --> www.whirlygirl.com /1.0/graphics huntingfishing.gif
100.01.31 16:52 B C:\My Documents\!whirlygirl.com\graphics\brave.htm --> www.whirlygirl.com /1.0/graphics brave.htm
100.01.31 16:53 B C:\My Documents\!whirlygirl.com\graphics\Brave.jpg --> www.whirlygirl.com /1.0/graphics Brave.jpg
100.01.31 16:53 B C:\My Documents\!whirlygirl.com\graphics\cameosoff.gif --> www.whirlygirl.com /1.0/graphics cameosoff.gif
100.01.31 16:53 B C:\My Documents\!whirlygirl.com\graphics\cameoson.gif --> www.whirlygirl.com /1.0/graphics cameoson.gif
100.01.31 16:53 B C:\My Documents\!whirlygirl.com\graphics\dressin.gif --> www.whirlygirl.com /1.0/graphics dressin.gif
100.01.31 16:53 B C:\My Documents\!whirlygirl.com\graphics\dressoff.gif --> www.whirlygirl.com /1.0/graphics dressoff.gif
100.01.31 16:53 B C:\My Documents\!whirlygirl.com\graphics\dresson.gif --> www.whirlygirl.com /1.0/graphics dresson.gif
100.01.31 16:53 B C:\My Documents\!whirlygirl.com\graphics\geneticmutation.htm --> www.whirlygirl.com /1.0/graphics geneticmutation.htm
100.01.31 16:53 B C:\My Documents\!whirlygirl.com\graphics\geneticmutation.jpg --> www.whirlygirl.com /1.0/graphics geneticmutation.jpg
100.01.31 16:53 B C:\My Documents\!whirlygirl.com\graphics\HAL.gif --> www.whirlygirl.com /1.0/graphics HAL.gif
100.01.31 16:53 B C:\My Documents\!whirlygirl.com\graphics\HAL.htm --> www.whirlygirl.com /1.0/graphics HAL.htm
100.01.31 16:53 B C:\My Documents\!whirlygirl.com\graphics\hijacking.htm --> www.whirlygirl.com /1.0/graphics hijacking.htm
100.01.31 16:53 B C:\My Documents\!whirlygirl.com\graphics\hijacking.jpg --> www.whirlygirl.com /1.0/graphics hijacking.jpg
100.01.31 16:53 B C:\My Documents\!whirlygirl.com\graphics\huntingfishing.gif --> www.whirlygirl.com /1.0/graphics huntingfishing.gif
100.01.31 16:53 B C:\My Documents\!whirlygirl.com\graphics\huntingfishing.htm --> www.whirlygirl.com /1.0/graphics huntingfishing.htm
100.01.31 16:53 B C:\My Documents\!whirlygirl.com\graphics\illy.htm --> www.whirlygirl.com /1.0/graphics illy.htm
100.01.31 16:53 B C:\My Documents\!whirlygirl.com\graphics\illy.jpg --> www.whirlygirl.com /1.0/graphics illy.jpg
100.01.31 16:53 B C:\My Documents\!whirlygirl.com\graphics\kristen.htm --> www.whirlygirl.com /1.0/graphics kristen.htm
100.01.31 16:53 B C:\My Documents\!whirlygirl.com\graphics\kristen.jpg --> www.whirlygirl.com /1.0/graphics kristen.jpg
100.01.31 16:53 B C:\My Documents\!whirlygirl.com\graphics\laine.jpg --> www.whirlygirl.com /1.0/graphics laine.jpg
100.01.31 16:53 B C:\My Documents\!whirlygirl.com\graphics\listoff.gif --> www.whirlygirl.com /1.0/graphics listoff.gif
100.01.31 16:53 B C:\My Documents\!whirlygirl.com\graphics\liston.gif --> www.whirlygirl.com /1.0/graphics liston.gif
100.01.31 16:53 B C:\My Documents\!whirlygirl.com\graphics\littlewhirloff.jpg --> www.whirlygirl.com /1.0/graphics littlewhirloff.jpg
100.01.31 16:53 B C:\My Documents\!whirlygirl.com\graphics\littlewhirlon.jpg --> www.whirlygirl.com /1.0/graphics littlewhirlon.jpg
100.01.31 16:53 B C:\My Documents\!whirlygirl.com\graphics\nostalgiaoff.gif --> www.whirlygirl.com /1.0/graphics nostalgiaoff.gif
100.01.31 16:53 B C:\My Documents\!whirlygirl.com\graphics\nostalgiaon.gif --> www.whirlygirl.com /1.0/graphics nostalgiaon.gif
100.01.31 16:53 B C:\My Documents\!whirlygirl.com\graphics\postcardoff.gif --> www.whirlygirl.com /1.0/graphics postcardoff.gif
100.01.31 16:53 B C:\My Documents\!whirlygirl.com\graphics\postcardon.gif --> www.whirlygirl.com /1.0/graphics postcardon.gif
100.01.31 16:53 B C:\My Documents\!whirlygirl.com\graphics\recommendsoff.gif --> www.whirlygirl.com /1.0/graphics recommendsoff.gif
100.01.31 16:53 B C:\My Documents\!whirlygirl.com\graphics\recommendson.gif --> www.whirlygirl.com /1.0/graphics recommendson.gif
100.01.31 16:53 B C:\My Documents\!whirlygirl.com\graphics\soap.htm --> www.whirlygirl.com /1.0/graphics soap.htm
100.01.31 16:53 B C:\My Documents\!whirlygirl.com\graphics\soap.jpg --> www.whirlygirl.com /1.0/graphics soap.jpg
100.01.31 16:53 B C:\My Documents\!whirlygirl.com\graphics\tbwp.htm --> www.whirlygirl.com /1.0/graphics tbwp.htm
100.01.31 16:53 B C:\My Documents\!whirlygirl.com\graphics\tbwp.jpg --> www.whirlygirl.com /1.0/graphics tbwp.jpg
100.01.31 16:53 B C:\My Documents\!whirlygirl.com\graphics\titleoff.gif --> www.whirlygirl.com /1.0/graphics titleoff.gif
100.01.31 16:53 B C:\My Documents\!whirlygirl.com\graphics\titleon.gif --> www.whirlygirl.com /1.0/graphics titleon.gif
100.01.31 16:53 B C:\My Documents\!whirlygirl.com\graphics\vineyard.htm --> www.whirlygirl.com /1.0/graphics vineyard.htm
100.01.31 16:53 B C:\My Documents\!whirlygirl.com\graphics\vineyard.jpg --> www.whirlygirl.com /1.0/graphics vineyard.jpg
100.01.31 16:53 B C:\My Documents\!whirlygirl.com\graphics\VinyardBetter.jpg --> www.whirlygirl.com /1.0/graphics VinyardBetter.jpg
100.01.31 16:53 B C:\My Documents\!whirlygirl.com\graphics\westlowereighties.htm --> www.whirlygirl.com /1.0/graphics westlowereighties.htm
100.01.31 16:53 B C:\My Documents\!whirlygirl.com\graphics\westlowereighties.jpg --> www.whirlygirl.com /1.0/graphics westlowereighties.jpg
100.01.31 16:53 B C:\My Documents\!whirlygirl.com\graphics\whirlhatoff.jpg --> www.whirlygirl.com /1.0/graphics whirlhatoff.jpg
100.01.31 16:53 B C:\My Documents\!whirlygirl.com\graphics\whirlhaton.jpg --> www.whirlygirl.com /1.0/graphics whirlhaton.jpg
100.01.31 16:54 B C:\My Documents\!whirlygirl.com\graphics\brave.htm --> www.whirlygirl.com /1.0/graphics brave.htm
100.01.31 16:54 B C:\My Documents\!whirlygirl.com\graphics\Brave.jpg --> www.whirlygirl.com /1.0/graphics Brave.jpg
100.01.31 16:54 B C:\My Documents\!whirlygirl.com\graphics\cameosoff.gif --> www.whirlygirl.com /1.0/graphics cameosoff.gif
100.01.31 16:54 B C:\My Documents\!whirlygirl.com\graphics\cameoson.gif --> www.whirlygirl.com /1.0/graphics cameoson.gif
100.01.31 16:54 B C:\My Documents\!whirlygirl.com\graphics\dressin.gif --> www.whirlygirl.com /1.0/graphics dressin.gif
100.01.31 16:54 B C:\My Documents\!whirlygirl.com\graphics\dressoff.gif --> www.whirlygirl.com /1.0/graphics dressoff.gif
100.01.31 16:54 B C:\My Documents\!whirlygirl.com\graphics\dresson.gif --> www.whirlygirl.com /1.0/graphics dresson.gif
100.01.31 16:54 B C:\My Documents\!whirlygirl.com\graphics\geneticmutation.htm --> www.whirlygirl.com /1.0/graphics geneticmutation.htm
100.01.31 16:54 B C:\My Documents\!whirlygirl.com\graphics\geneticmutation.jpg --> www.whirlygirl.com /1.0/graphics geneticmutation.jpg
100.01.31 16:54 B C:\My Documents\!whirlygirl.com\graphics\HAL.gif --> www.whirlygirl.com /1.0/graphics HAL.gif
100.01.31 16:54 B C:\My Documents\!whirlygirl.com\graphics\HAL.htm --> www.whirlygirl.com /1.0/graphics HAL.htm
100.01.31 16:54 B C:\My Documents\!whirlygirl.com\graphics\hijacking.htm --> www.whirlygirl.com /1.0/graphics hijacking.htm
100.01.31 16:54 B C:\My Documents\!whirlygirl.com\graphics\hijacking.jpg --> www.whirlygirl.com /1.0/graphics hijacking.jpg
100.01.31 16:54 B C:\My Documents\!whirlygirl.com\graphics\huntingfishing.gif --> www.whirlygirl.com /1.0/graphics huntingfishing.gif
100.01.31 16:54 B C:\My Documents\!whirlygirl.com\graphics\huntingfishing.htm --> www.whirlygirl.com /1.0/graphics huntingfishing.htm
100.01.31 16:54 B C:\My Documents\!whirlygirl.com\graphics\illy.htm --> www.whirlygirl.com /1.0/graphics illy.htm
100.01.31 16:54 B C:\My Documents\!whirlygirl.com\graphics\illy.jpg --> www.whirlygirl.com /1.0/graphics illy.jpg
100.01.31 16:54 B C:\My Documents\!whirlygirl.com\graphics\kristen.htm --> www.whirlygirl.com /1.0/graphics kristen.htm
100.01.31 16:54 B C:\My Documents\!whirlygirl.com\graphics\kristen.jpg --> www.whirlygirl.com /1.0/graphics kristen.jpg
100.01.31 16:54 B C:\My Documents\!whirlygirl.com\graphics\laine.jpg --> www.whirlygirl.com /1.0/graphics laine.jpg
100.01.31 16:54 B C:\My Documents\!whirlygirl.com\graphics\listoff.gif --> www.whirlygirl.com /1.0/graphics listoff.gif
100.01.31 16:54 B C:\My Documents\!whirlygirl.com\graphics\liston.gif --> www.whirlygirl.com /1.0/graphics liston.gif
100.01.31 16:54 B C:\My Documents\!whirlygirl.com\graphics\littlewhirloff.jpg --> www.whirlygirl.com /1.0/graphics littlewhirloff.jpg
100.01.31 16:54 B C:\My Documents\!whirlygirl.com\graphics\littlewhirlon.jpg --> www.whirlygirl.com /1.0/graphics littlewhirlon.jpg
100.01.31 16:54 B C:\My Documents\!whirlygirl.com\graphics\nostalgiaoff.gif --> www.whirlygirl.com /1.0/graphics nostalgiaoff.gif
100.01.31 16:54 B C:\My Documents\!whirlygirl.com\graphics\nostalgiaon.gif --> www.whirlygirl.com /1.0/graphics nostalgiaon.gif
100.01.31 16:54 B C:\My Documents\!whirlygirl.com\graphics\postcardoff.gif --> www.whirlygirl.com /1.0/graphics postcardoff.gif
100.01.31 16:54 B C:\My Documents\!whirlygirl.com\graphics\postcardon.gif --> www.whirlygirl.com /1.0/graphics postcardon.gif
100.01.31 16:54 B C:\My Documents\!whirlygirl.com\graphics\recommendsoff.gif --> www.whirlygirl.com /1.0/graphics recommendsoff.gif
100.01.31 16:54 B C:\My Documents\!whirlygirl.com\graphics\recommendson.gif --> www.whirlygirl.com /1.0/graphics recommendson.gif
100.01.31 16:54 B C:\My Documents\!whirlygirl.com\graphics\soap.htm --> www.whirlygirl.com /1.0/graphics soap.htm
100.01.31 16:54 B C:\My Documents\!whirlygirl.com\graphics\soap.jpg --> www.whirlygirl.com /1.0/graphics soap.jpg
100.01.31 16:54 B C:\My Documents\!whirlygirl.com\graphics\tbwp.htm --> www.whirlygirl.com /1.0/graphics tbwp.htm
100.01.31 16:54 B C:\My Documents\!whirlygirl.com\graphics\tbwp.jpg --> www.whirlygirl.com /1.0/graphics tbwp.jpg
100.01.31 16:54 B C:\My Documents\!whirlygirl.com\graphics\titleoff.gif --> www.whirlygirl.com /1.0/graphics titleoff.gif
100.01.31 16:54 B C:\My Documents\!whirlygirl.com\graphics\titleon.gif --> www.whirlygirl.com /1.0/graphics titleon.gif
100.01.31 16:54 B C:\My Documents\!whirlygirl.com\graphics\vineyard.htm --> www.whirlygirl.com /1.0/graphics vineyard.htm
100.01.31 16:54 B C:\My Documents\!whirlygirl.com\graphics\vineyard.jpg --> www.whirlygirl.com /1.0/graphics vineyard.jpg
100.01.31 16:54 B C:\My Documents\!whirlygirl.com\graphics\VinyardBetter.jpg --> www.whirlygirl.com /1.0/graphics VinyardBetter.jpg
100.01.31 16:54 B C:\My Documents\!whirlygirl.com\graphics\westlowereighties.htm --> www.whirlygirl.com /1.0/graphics westlowereighties.htm
100.01.31 16:54 B C:\My Documents\!whirlygirl.com\graphics\westlowereighties.jpg --> www.whirlygirl.com /1.0/graphics westlowereighties.jpg
100.01.31 16:55 B C:\My Documents\!whirlygirl.com\graphics\whirlhatoff.jpg --> www.whirlygirl.com /1.0/graphics whirlhatoff.jpg
100.01.31 16:55 B C:\My Documents\!whirlygirl.com\graphics\whirlhaton.jpg --> www.whirlygirl.com /1.0/graphics whirlhaton.jpg
100.01.31 16:55 B C:\My Documents\!whirlygirl.com\graphics\whirlhatwhirl.gif --> www.whirlygirl.com /1.0/graphics whirlhatwhirl.gif
100.01.31 16:55 B C:\My Documents\!whirlygirl.com\graphics\whirlyhatwhirling.htm --> www.whirlygirl.com /1.0/graphics whirlyhatwhirling.htm
