99.06.10 20:04 B C:\!whirlygirl.com\postcards\postcards\96-03-20-uppereastside.htm --> home.mindspring.com /whirlygirl/www/postcards/postcards 96-03-20-uppereastside.htm
99.06.10 20:04 B C:\!whirlygirl.com\postcards\postcards\97-02-17-london.htm --> home.mindspring.com /whirlygirl/www/postcards/postcards 97-02-17-london.htm
99.06.10 20:04 B C:\!whirlygirl.com\postcards\postcards\97-08-25-stanleypark.htm --> home.mindspring.com /whirlygirl/www/postcards/postcards 97-08-25-stanleypark.htm
99.06.10 20:04 B C:\!whirlygirl.com\postcards\postcards\97-08-26-ferryfromvictoria.htm --> home.mindspring.com /whirlygirl/www/postcards/postcards 97-08-26-ferryfromvictoria.htm
99.06.10 20:04 B C:\!whirlygirl.com\postcards\postcards\97-08-27-nitobegarden.htm --> home.mindspring.com /whirlygirl/www/postcards/postcards 97-08-27-nitobegarden.htm
99.06.10 20:04 B C:\!whirlygirl.com\postcards\postcards\97-08-29-agassiz.htm --> home.mindspring.com /whirlygirl/www/postcards/postcards 97-08-29-agassiz.htm
99.06.10 20:04 B C:\!whirlygirl.com\postcards\postcards\97-08-30-stargazingontheolympicpeninsula.htm --> home.mindspring.com /whirlygirl/www/postcards/postcards 97-08-30-stargazingontheolympicpeninsula.htm
99.06.10 20:04 B C:\!whirlygirl.com\postcards\postcards\97-09-01-mounthood.htm --> home.mindspring.com /whirlygirl/www/postcards/postcards 97-09-01-mounthood.htm
99.06.10 20:04 B C:\!whirlygirl.com\postcards\postcards\97-09-03-thelostcoast.htm --> home.mindspring.com /whirlygirl/www/postcards/postcards 97-09-03-thelostcoast.htm
99.06.10 20:04 B C:\!whirlygirl.com\postcards\postcards\97-09-04-avenueofthegiants.htm --> home.mindspring.com /whirlygirl/www/postcards/postcards 97-09-04-avenueofthegiants.htm
99.06.10 20:04 B C:\!whirlygirl.com\postcards\postcards\98-03-29-boathousesalongtheschuylkill.htm --> home.mindspring.com /whirlygirl/www/postcards/postcards 98-03-29-boathousesalongtheschuylkill.htm
99.06.10 20:04 B C:\!whirlygirl.com\postcards\postcards\98-08-11-vermont.htm --> home.mindspring.com /whirlygirl/www/postcards/postcards 98-08-11-vermont.htm
99.06.10 20:04 B C:\!whirlygirl.com\postcards\postcards\98-11-21-paristhroughfog.htm --> home.mindspring.com /whirlygirl/www/postcards/postcards 98-11-21-paristhroughfog.htm
99.06.10 20:04 B C:\!whirlygirl.com\postcards\postcards\98-11-26-staremesto.htm --> home.mindspring.com /whirlygirl/www/postcards/postcards 98-11-26-staremesto.htm
99.06.10 20:04 B C:\!whirlygirl.com\postcards\postcards\98-11-29-thealps.htm --> home.mindspring.com /whirlygirl/www/postcards/postcards 98-11-29-thealps.htm
99.06.10 20:04 B C:\!whirlygirl.com\postcards\postcards\98-12-01-firenze.htm --> home.mindspring.com /whirlygirl/www/postcards/postcards 98-12-01-firenze.htm
99.06.10 20:04 B C:\!whirlygirl.com\postcards\postcards\98-12-02-trainfromfirenzetomilan.htm --> home.mindspring.com /whirlygirl/www/postcards/postcards 98-12-02-trainfromfirenzetomilan.htm
99.06.11 20:05 B C:\!whirlygirl.com\postcards\postcards\96-03-20-uppereastside.htm <-- WS_FTP32 /whirlygirl/www/postcards/postcards 96-03-20-uppereastside.htm
99.06.11 20:05 B C:\!whirlygirl.com\postcards\postcards\97-02-17-london.htm <-- WS_FTP32 /whirlygirl/www/postcards/postcards 97-02-17-london.htm
99.06.11 20:05 B C:\!whirlygirl.com\postcards\postcards\97-08-25-stanleypark.htm <-- WS_FTP32 /whirlygirl/www/postcards/postcards 97-08-25-stanleypark.htm
99.06.11 20:05 B C:\!whirlygirl.com\postcards\postcards\97-08-26-ferryfromvictoria.htm <-- WS_FTP32 /whirlygirl/www/postcards/postcards 97-08-26-ferryfromvictoria.htm
99.06.11 20:05 B C:\!whirlygirl.com\postcards\postcards\97-08-27-nitobegarden.htm <-- WS_FTP32 /whirlygirl/www/postcards/postcards 97-08-27-nitobegarden.htm
99.06.11 20:05 B C:\!whirlygirl.com\postcards\postcards\97-08-29-agassiz.htm <-- WS_FTP32 /whirlygirl/www/postcards/postcards 97-08-29-agassiz.htm
99.06.11 20:05 B C:\!whirlygirl.com\postcards\postcards\97-08-30-stargazingontheolympicpeninsula.htm <-- WS_FTP32 /whirlygirl/www/postcards/postcards 97-08-30-stargazingontheolympicpeninsula.htm
99.06.11 20:05 B C:\!whirlygirl.com\postcards\postcards\97-09-01-mounthood.htm <-- WS_FTP32 /whirlygirl/www/postcards/postcards 97-09-01-mounthood.htm
99.06.11 20:05 B C:\!whirlygirl.com\postcards\postcards\97-09-03-thelostcoast.htm <-- WS_FTP32 /whirlygirl/www/postcards/postcards 97-09-03-thelostcoast.htm
99.06.11 20:05 B C:\!whirlygirl.com\postcards\postcards\97-09-04-avenueofthegiants.htm <-- WS_FTP32 /whirlygirl/www/postcards/postcards 97-09-04-avenueofthegiants.htm
99.06.11 20:05 B C:\!whirlygirl.com\postcards\postcards\98-03-29-boathousesalongtheschuylkill.htm <-- WS_FTP32 /whirlygirl/www/postcards/postcards 98-03-29-boathousesalongtheschuylkill.htm
99.06.11 20:05 B C:\!whirlygirl.com\postcards\postcards\98-08-11-vermont.htm <-- WS_FTP32 /whirlygirl/www/postcards/postcards 98-08-11-vermont.htm
99.06.11 20:05 B C:\!whirlygirl.com\postcards\postcards\98-11-21-paristhroughfog.htm <-- WS_FTP32 /whirlygirl/www/postcards/postcards 98-11-21-paristhroughfog.htm
99.06.11 20:05 B C:\!whirlygirl.com\postcards\postcards\98-11-26-staremesto.htm <-- WS_FTP32 /whirlygirl/www/postcards/postcards 98-11-26-staremesto.htm
99.06.11 20:05 B C:\!whirlygirl.com\postcards\postcards\98-11-29-thealps.htm <-- WS_FTP32 /whirlygirl/www/postcards/postcards 98-11-29-thealps.htm
99.06.11 20:05 B C:\!whirlygirl.com\postcards\postcards\98-12-01-firenze.htm <-- WS_FTP32 /whirlygirl/www/postcards/postcards 98-12-01-firenze.htm
99.06.11 20:05 B C:\!whirlygirl.com\postcards\postcards\98-12-02-trainfromfirenzetomilan.htm <-- WS_FTP32 /whirlygirl/www/postcards/postcards 98-12-02-trainfromfirenzetomilan.htm
99.06.12 12:02 B C:\!whirlygirl.com\postcards\postcards\96-03-20-uppereastside.htm --> home.mindspring.com /whirlygirl/www/postcards/postcards 96-03-20-uppereastside.htm
99.06.12 12:02 B C:\!whirlygirl.com\postcards\postcards\97-02-17-london.htm --> home.mindspring.com /whirlygirl/www/postcards/postcards 97-02-17-london.htm
99.06.12 12:02 B C:\!whirlygirl.com\postcards\postcards\97-08-25-stanleypark.htm --> home.mindspring.com /whirlygirl/www/postcards/postcards 97-08-25-stanleypark.htm
99.06.12 12:02 B C:\!whirlygirl.com\postcards\postcards\97-08-26-ferryfromvictoria.htm --> home.mindspring.com /whirlygirl/www/postcards/postcards 97-08-26-ferryfromvictoria.htm
99.06.12 12:02 B C:\!whirlygirl.com\postcards\postcards\97-08-27-nitobegarden.htm --> home.mindspring.com /whirlygirl/www/postcards/postcards 97-08-27-nitobegarden.htm
99.06.12 12:02 B C:\!whirlygirl.com\postcards\postcards\97-08-29-agassiz.htm --> home.mindspring.com /whirlygirl/www/postcards/postcards 97-08-29-agassiz.htm
99.06.12 12:02 B C:\!whirlygirl.com\postcards\postcards\97-08-30-stargazingontheolympicpeninsula.htm --> home.mindspring.com /whirlygirl/www/postcards/postcards 97-08-30-stargazingontheolympicpeninsula.htm
99.06.12 12:02 B C:\!whirlygirl.com\postcards\postcards\97-09-01-mounthood.htm --> home.mindspring.com /whirlygirl/www/postcards/postcards 97-09-01-mounthood.htm
99.06.12 12:02 B C:\!whirlygirl.com\postcards\postcards\97-09-03-thelostcoast.htm --> home.mindspring.com /whirlygirl/www/postcards/postcards 97-09-03-thelostcoast.htm
99.06.12 12:02 B C:\!whirlygirl.com\postcards\postcards\97-09-04-avenueofthegiants.htm --> home.mindspring.com /whirlygirl/www/postcards/postcards 97-09-04-avenueofthegiants.htm
99.06.12 12:02 B C:\!whirlygirl.com\postcards\postcards\98-03-29-boathousesalongtheschuylkill.htm --> home.mindspring.com /whirlygirl/www/postcards/postcards 98-03-29-boathousesalongtheschuylkill.htm
99.06.12 12:02 B C:\!whirlygirl.com\postcards\postcards\98-08-11-vermont.htm --> home.mindspring.com /whirlygirl/www/postcards/postcards 98-08-11-vermont.htm
99.06.12 12:02 B C:\!whirlygirl.com\postcards\postcards\98-11-21-paristhroughfog.htm --> home.mindspring.com /whirlygirl/www/postcards/postcards 98-11-21-paristhroughfog.htm
99.06.12 12:02 B C:\!whirlygirl.com\postcards\postcards\98-11-26-staremesto.htm --> home.mindspring.com /whirlygirl/www/postcards/postcards 98-11-26-staremesto.htm
99.06.12 12:02 B C:\!whirlygirl.com\postcards\postcards\98-11-29-thealps.htm --> home.mindspring.com /whirlygirl/www/postcards/postcards 98-11-29-thealps.htm
99.06.12 12:02 B C:\!whirlygirl.com\postcards\postcards\98-12-01-firenze.htm --> home.mindspring.com /whirlygirl/www/postcards/postcards 98-12-01-firenze.htm
99.06.12 12:02 B C:\!whirlygirl.com\postcards\postcards\98-12-02-trainfromfirenzetomilan.htm --> home.mindspring.com /whirlygirl/www/postcards/postcards 98-12-02-trainfromfirenzetomilan.htm
99.06.14 10:53 B C:\my documents\!whirlygirl.com\postcards\postcards\WS_FTP.LOG <-- WS_FTP32 /whirlygirl/www/postcards/postcards WS_FTP.LOG
99.06.14 17:40 B C:\my documents\!whirlygirl.com\postcards\postcards\96-03-20-uppereastside.htm --> home.mindspring.com /whirlygirl/www/postcards/postcards 96-03-20-uppereastside.htm
99.06.14 17:40 B C:\my documents\!whirlygirl.com\postcards\postcards\97-02-17-london.htm --> home.mindspring.com /whirlygirl/www/postcards/postcards 97-02-17-london.htm
99.06.14 17:40 B C:\my documents\!whirlygirl.com\postcards\postcards\97-08-25-stanleypark.htm --> home.mindspring.com /whirlygirl/www/postcards/postcards 97-08-25-stanleypark.htm
99.06.14 17:41 B C:\my documents\!whirlygirl.com\postcards\postcards\97-08-26-ferryfromvictoria.htm --> home.mindspring.com /whirlygirl/www/postcards/postcards 97-08-26-ferryfromvictoria.htm
99.06.14 17:41 B C:\my documents\!whirlygirl.com\postcards\postcards\97-08-27-nitobegarden.htm --> home.mindspring.com /whirlygirl/www/postcards/postcards 97-08-27-nitobegarden.htm
99.06.14 17:41 B C:\my documents\!whirlygirl.com\postcards\postcards\97-08-29-agassiz.htm --> home.mindspring.com /whirlygirl/www/postcards/postcards 97-08-29-agassiz.htm
99.06.14 17:41 B C:\my documents\!whirlygirl.com\postcards\postcards\97-08-30-stargazingontheolympicpeninsula.htm --> home.mindspring.com /whirlygirl/www/postcards/postcards 97-08-30-stargazingontheolympicpeninsula.htm
99.06.14 17:41 B C:\my documents\!whirlygirl.com\postcards\postcards\97-09-01-mounthood.htm --> home.mindspring.com /whirlygirl/www/postcards/postcards 97-09-01-mounthood.htm
99.06.14 17:41 B C:\my documents\!whirlygirl.com\postcards\postcards\97-09-03-thelostcoast.htm --> home.mindspring.com /whirlygirl/www/postcards/postcards 97-09-03-thelostcoast.htm
99.06.14 17:41 B C:\my documents\!whirlygirl.com\postcards\postcards\97-09-04-avenueofthegiants.htm --> home.mindspring.com /whirlygirl/www/postcards/postcards 97-09-04-avenueofthegiants.htm
99.06.14 17:41 B C:\my documents\!whirlygirl.com\postcards\postcards\98-03-29-boathousesalongtheschuylkill.htm --> home.mindspring.com /whirlygirl/www/postcards/postcards 98-03-29-boathousesalongtheschuylkill.htm
99.06.14 17:41 B C:\my documents\!whirlygirl.com\postcards\postcards\98-08-11-vermont.htm --> home.mindspring.com /whirlygirl/www/postcards/postcards 98-08-11-vermont.htm
99.06.14 17:41 B C:\my documents\!whirlygirl.com\postcards\postcards\98-11-21-paristhroughfog.htm --> home.mindspring.com /whirlygirl/www/postcards/postcards 98-11-21-paristhroughfog.htm
99.06.14 17:41 B C:\my documents\!whirlygirl.com\postcards\postcards\98-11-26-staremesto.htm --> home.mindspring.com /whirlygirl/www/postcards/postcards 98-11-26-staremesto.htm
99.06.14 17:41 B C:\my documents\!whirlygirl.com\postcards\postcards\98-11-29-thealps.htm --> home.mindspring.com /whirlygirl/www/postcards/postcards 98-11-29-thealps.htm
99.06.14 17:41 B C:\my documents\!whirlygirl.com\postcards\postcards\98-12-01-firenze.htm --> home.mindspring.com /whirlygirl/www/postcards/postcards 98-12-01-firenze.htm
99.06.14 17:41 B C:\my documents\!whirlygirl.com\postcards\postcards\98-12-02-trainfromfirenzetomilan.htm --> home.mindspring.com /whirlygirl/www/postcards/postcards 98-12-02-trainfromfirenzetomilan.htm
99.06.16 15:08 B C:\My documents\!whirlygirl.com\postcards\postcards\WS_FTP.LOG <-- WS_FTP32 /whirlygirl/www/postcards/postcards WS_FTP.LOG
99.06.16 16:19 B C:\My Documents\!whirlygirl.com\postcards\postcards\96-03-20-uppereastside.htm --> home.mindspring.com /whirlygirl/www/postcards/postcards 96-03-20-uppereastside.htm
99.06.16 16:20 B C:\My Documents\!whirlygirl.com\postcards\postcards\97-02-17-london.htm --> home.mindspring.com /whirlygirl/www/postcards/postcards 97-02-17-london.htm
99.06.16 16:20 B C:\My Documents\!whirlygirl.com\postcards\postcards\97-08-25-stanleypark.htm --> home.mindspring.com /whirlygirl/www/postcards/postcards 97-08-25-stanleypark.htm
99.06.16 16:20 B C:\My Documents\!whirlygirl.com\postcards\postcards\97-08-26-ferryfromvictoria.htm --> home.mindspring.com /whirlygirl/www/postcards/postcards 97-08-26-ferryfromvictoria.htm
99.06.16 16:20 B C:\My Documents\!whirlygirl.com\postcards\postcards\97-08-27-nitobegarden.htm --> home.mindspring.com /whirlygirl/www/postcards/postcards 97-08-27-nitobegarden.htm
99.06.16 16:20 B C:\My Documents\!whirlygirl.com\postcards\postcards\97-08-29-agassiz.htm --> home.mindspring.com /whirlygirl/www/postcards/postcards 97-08-29-agassiz.htm
99.06.16 16:21 B C:\My Documents\!whirlygirl.com\postcards\postcards\97-08-30-stargazingontheolympicpeninsula.htm --> home.mindspring.com /whirlygirl/www/postcards/postcards 97-08-30-stargazingontheolympicpeninsula.htm
99.06.16 16:21 B C:\My Documents\!whirlygirl.com\postcards\postcards\97-09-01-mounthood.htm --> home.mindspring.com /whirlygirl/www/postcards/postcards 97-09-01-mounthood.htm
99.06.16 16:21 B C:\My Documents\!whirlygirl.com\postcards\postcards\97-09-03-thelostcoast.htm --> home.mindspring.com /whirlygirl/www/postcards/postcards 97-09-03-thelostcoast.htm
99.06.16 16:21 B C:\My Documents\!whirlygirl.com\postcards\postcards\97-09-04-avenueofthegiants.htm --> home.mindspring.com /whirlygirl/www/postcards/postcards 97-09-04-avenueofthegiants.htm
99.06.16 16:22 B C:\My Documents\!whirlygirl.com\postcards\postcards\98-03-29-boathousesalongtheschuylkill.htm --> home.mindspring.com /whirlygirl/www/postcards/postcards 98-03-29-boathousesalongtheschuylkill.htm
99.06.16 16:22 B C:\My Documents\!whirlygirl.com\postcards\postcards\98-08-11-vermont.htm --> home.mindspring.com /whirlygirl/www/postcards/postcards 98-08-11-vermont.htm
99.06.16 16:22 B C:\My Documents\!whirlygirl.com\postcards\postcards\98-11-21-paristhroughfog.htm --> home.mindspring.com /whirlygirl/www/postcards/postcards 98-11-21-paristhroughfog.htm
99.06.16 16:23 B C:\My Documents\!whirlygirl.com\postcards\postcards\98-11-26-staremesto.htm --> home.mindspring.com /whirlygirl/www/postcards/postcards 98-11-26-staremesto.htm
99.06.16 16:23 B C:\My Documents\!whirlygirl.com\postcards\postcards\98-11-29-thealps.htm --> home.mindspring.com /whirlygirl/www/postcards/postcards 98-11-29-thealps.htm
99.06.16 16:23 B C:\My Documents\!whirlygirl.com\postcards\postcards\98-12-01-firenze.htm --> home.mindspring.com /whirlygirl/www/postcards/postcards 98-12-01-firenze.htm
99.06.16 16:23 B C:\My Documents\!whirlygirl.com\postcards\postcards\98-12-02-trainfromfirenzetomilan.htm --> home.mindspring.com /whirlygirl/www/postcards/postcards 98-12-02-trainfromfirenzetomilan.htm
99.06.16 16:23 B C:\My Documents\!whirlygirl.com\postcards\postcards\99-4-13-yale.htm --> home.mindspring.com /whirlygirl/www/postcards/postcards 99-4-13-yale.htm
99.07.06 23:01 B C:\!whirlygirl.com\postcards\postcards\WS_FTP.LOG <-- WS_FTP32 /whirlygirl/www/postcards/postcards WS_FTP.LOG
99.07.07 02:29 B C:\!whirlygirl.com\postcards\postcards\99-04-13-yale.htm --> home.mindspring.com /whirlygirl/www/postcards/postcards 99-04-13-yale.htm
99.07.07 02:29 B C:\!whirlygirl.com\postcards\postcards\99-07-03-inthepassengerseat.htm --> home.mindspring.com /whirlygirl/www/postcards/postcards 99-07-03-inthepassengerseat.htm
99.07.07 02:44 B C:\!whirlygirl.com\postcards\postcards\96-03-20-uppereastside.htm --> home.mindspring.com /whirlygirl/www/postcards/postcards 96-03-20-uppereastside.htm
99.07.07 02:44 B C:\!whirlygirl.com\postcards\postcards\97-02-17-london.htm --> home.mindspring.com /whirlygirl/www/postcards/postcards 97-02-17-london.htm
99.07.07 02:44 B C:\!whirlygirl.com\postcards\postcards\97-08-25-stanleypark.htm --> home.mindspring.com /whirlygirl/www/postcards/postcards 97-08-25-stanleypark.htm
99.07.07 02:44 B C:\!whirlygirl.com\postcards\postcards\97-08-26-ferryfromvictoria.htm --> home.mindspring.com /whirlygirl/www/postcards/postcards 97-08-26-ferryfromvictoria.htm
99.07.07 02:44 B C:\!whirlygirl.com\postcards\postcards\97-08-27-nitobegarden.htm --> home.mindspring.com /whirlygirl/www/postcards/postcards 97-08-27-nitobegarden.htm
99.07.07 02:44 B C:\!whirlygirl.com\postcards\postcards\97-08-29-agassiz.htm --> home.mindspring.com /whirlygirl/www/postcards/postcards 97-08-29-agassiz.htm
99.07.07 02:44 B C:\!whirlygirl.com\postcards\postcards\97-08-30-stargazingontheolympicpeninsula.htm --> home.mindspring.com /whirlygirl/www/postcards/postcards 97-08-30-stargazingontheolympicpeninsula.htm
99.07.07 02:44 B C:\!whirlygirl.com\postcards\postcards\97-09-01-mounthood.htm --> home.mindspring.com /whirlygirl/www/postcards/postcards 97-09-01-mounthood.htm
99.07.07 02:45 B C:\!whirlygirl.com\postcards\postcards\97-09-03-thelostcoast.htm --> home.mindspring.com /whirlygirl/www/postcards/postcards 97-09-03-thelostcoast.htm
99.07.07 02:45 B C:\!whirlygirl.com\postcards\postcards\97-09-04-avenueofthegiants.htm --> home.mindspring.com /whirlygirl/www/postcards/postcards 97-09-04-avenueofthegiants.htm
99.07.07 02:45 B C:\!whirlygirl.com\postcards\postcards\98-03-29-boathousesalongtheschuylkill.htm --> home.mindspring.com /whirlygirl/www/postcards/postcards 98-03-29-boathousesalongtheschuylkill.htm
99.07.07 02:45 B C:\!whirlygirl.com\postcards\postcards\98-08-11-vermont.htm --> home.mindspring.com /whirlygirl/www/postcards/postcards 98-08-11-vermont.htm
99.07.07 02:45 B C:\!whirlygirl.com\postcards\postcards\98-11-21-paristhroughfog.htm --> home.mindspring.com /whirlygirl/www/postcards/postcards 98-11-21-paristhroughfog.htm
99.07.07 02:45 B C:\!whirlygirl.com\postcards\postcards\98-11-26-staremesto.htm --> home.mindspring.com /whirlygirl/www/postcards/postcards 98-11-26-staremesto.htm
99.07.07 02:45 B C:\!whirlygirl.com\postcards\postcards\98-11-29-thealps.htm --> home.mindspring.com /whirlygirl/www/postcards/postcards 98-11-29-thealps.htm
99.07.07 02:45 B C:\!whirlygirl.com\postcards\postcards\98-12-01-firenze.htm --> home.mindspring.com /whirlygirl/www/postcards/postcards 98-12-01-firenze.htm
99.07.07 02:45 B C:\!whirlygirl.com\postcards\postcards\98-12-02-trainfromfirenzetomilan.htm --> home.mindspring.com /whirlygirl/www/postcards/postcards 98-12-02-trainfromfirenzetomilan.htm
99.07.07 02:45 B C:\!whirlygirl.com\postcards\postcards\99-04-13-yale.htm --> home.mindspring.com /whirlygirl/www/postcards/postcards 99-04-13-yale.htm
99.07.07 02:45 B C:\!whirlygirl.com\postcards\postcards\99-07-03-inthepassengerseat.htm --> home.mindspring.com /whirlygirl/www/postcards/postcards 99-07-03-inthepassengerseat.htm
99.08.30 19:30 B C:\My Documents\!whirlygirl.com\postcards\postcards\WS_FTP.LOG <-- WS_FTP32 /whirlygirl/www/postcards/postcards WS_FTP.LOG
99.09.02 02:02 B C:\!!whirlygirl.com\postcards\postcards\96-03-20-uppereastside.htm --> home.mindspring.com /whirlygirl/www/postcards/postcards 96-03-20-uppereastside.htm
99.09.02 02:02 B C:\!!whirlygirl.com\postcards\postcards\97-02-17-london.htm --> home.mindspring.com /whirlygirl/www/postcards/postcards 97-02-17-london.htm
99.09.02 02:02 B C:\!!whirlygirl.com\postcards\postcards\97-08-25-stanleypark.htm --> home.mindspring.com /whirlygirl/www/postcards/postcards 97-08-25-stanleypark.htm
99.09.02 02:02 B C:\!!whirlygirl.com\postcards\postcards\97-08-26-ferryfromvictoria.htm --> home.mindspring.com /whirlygirl/www/postcards/postcards 97-08-26-ferryfromvictoria.htm
99.09.02 02:02 B C:\!!whirlygirl.com\postcards\postcards\97-08-27-nitobegarden.htm --> home.mindspring.com /whirlygirl/www/postcards/postcards 97-08-27-nitobegarden.htm
99.09.02 02:02 B C:\!!whirlygirl.com\postcards\postcards\97-08-29-agassiz.htm --> home.mindspring.com /whirlygirl/www/postcards/postcards 97-08-29-agassiz.htm
99.09.02 02:03 B C:\!!whirlygirl.com\postcards\postcards\97-08-30-stargazingontheolympicpeninsula.htm --> home.mindspring.com /whirlygirl/www/postcards/postcards 97-08-30-stargazingontheolympicpeninsula.htm
99.09.02 02:03 B C:\!!whirlygirl.com\postcards\postcards\97-09-01-mounthood.htm --> home.mindspring.com /whirlygirl/www/postcards/postcards 97-09-01-mounthood.htm
99.09.02 02:03 B C:\!!whirlygirl.com\postcards\postcards\97-09-03-thelostcoast.htm --> home.mindspring.com /whirlygirl/www/postcards/postcards 97-09-03-thelostcoast.htm
99.09.02 02:03 B C:\!!whirlygirl.com\postcards\postcards\97-09-04-avenueofthegiants.htm --> home.mindspring.com /whirlygirl/www/postcards/postcards 97-09-04-avenueofthegiants.htm
99.09.02 02:03 B C:\!!whirlygirl.com\postcards\postcards\98-03-29-boathousesalongtheschuylkill.htm --> home.mindspring.com /whirlygirl/www/postcards/postcards 98-03-29-boathousesalongtheschuylkill.htm
99.09.02 02:03 B C:\!!whirlygirl.com\postcards\postcards\98-08-11-vermont.htm --> home.mindspring.com /whirlygirl/www/postcards/postcards 98-08-11-vermont.htm
99.09.02 02:03 B C:\!!whirlygirl.com\postcards\postcards\98-11-21-paristhroughfog.htm --> home.mindspring.com /whirlygirl/www/postcards/postcards 98-11-21-paristhroughfog.htm
99.09.02 02:03 B C:\!!whirlygirl.com\postcards\postcards\98-11-26-staremesto.htm --> home.mindspring.com /whirlygirl/www/postcards/postcards 98-11-26-staremesto.htm
99.09.02 02:03 B C:\!!whirlygirl.com\postcards\postcards\98-11-29-thealps.htm --> home.mindspring.com /whirlygirl/www/postcards/postcards 98-11-29-thealps.htm
99.09.02 02:03 B C:\!!whirlygirl.com\postcards\postcards\98-12-01-firenze.htm --> home.mindspring.com /whirlygirl/www/postcards/postcards 98-12-01-firenze.htm
99.09.02 02:03 B C:\!!whirlygirl.com\postcards\postcards\98-12-02-trainfromfirenzetomilan.htm --> home.mindspring.com /whirlygirl/www/postcards/postcards 98-12-02-trainfromfirenzetomilan.htm
99.09.02 02:03 B C:\!!whirlygirl.com\postcards\postcards\99-04-13-yale.htm --> home.mindspring.com /whirlygirl/www/postcards/postcards 99-04-13-yale.htm
99.09.02 02:03 B C:\!!whirlygirl.com\postcards\postcards\99-07-03-inthepassengerseat.htm --> home.mindspring.com /whirlygirl/www/postcards/postcards 99-07-03-inthepassengerseat.htm
99.09.02 02:03 B C:\!!whirlygirl.com\postcards\postcards\99-07-30-hottruck.htm --> home.mindspring.com /whirlygirl/www/postcards/postcards 99-07-30-hottruck.htm
99.09.02 02:03 B C:\!!whirlygirl.com\postcards\postcards\99-08-01-swimmingholesinkingsun.htm --> home.mindspring.com /whirlygirl/www/postcards/postcards 99-08-01-swimmingholesinkingsun.htm
99.09.02 02:03 B C:\!!whirlygirl.com\postcards\postcards\99-08-27-mariescrisiscafe.htm --> home.mindspring.com /whirlygirl/www/postcards/postcards 99-08-27-mariescrisiscafe.htm
99.10.05 07:43 B C:\My Documents\!whirlygirl.com\postcards\postcards\WS_FTP.LOG <-- WS_FTP32 /whirlygirl/www/postcards/postcards WS_FTP.LOG
99.10.08 12:35 B C:\My Documents\!whirlygirl.com\postcards\postcards\96-03-20-uppereastside.htm --> home.mindspring.com /whirlygirl/www/postcards/postcards 96-03-20-uppereastside.htm
99.10.08 12:35 B C:\My Documents\!whirlygirl.com\postcards\postcards\97-02-17-london.htm --> home.mindspring.com /whirlygirl/www/postcards/postcards 97-02-17-london.htm
99.10.08 12:35 B C:\My Documents\!whirlygirl.com\postcards\postcards\97-08-25-stanleypark.htm --> home.mindspring.com /whirlygirl/www/postcards/postcards 97-08-25-stanleypark.htm
99.10.08 12:35 B C:\My Documents\!whirlygirl.com\postcards\postcards\97-08-26-ferryfromvictoria.htm --> home.mindspring.com /whirlygirl/www/postcards/postcards 97-08-26-ferryfromvictoria.htm
99.10.08 12:35 B C:\My Documents\!whirlygirl.com\postcards\postcards\97-08-27-nitobegarden.htm --> home.mindspring.com /whirlygirl/www/postcards/postcards 97-08-27-nitobegarden.htm
99.10.08 12:35 B C:\My Documents\!whirlygirl.com\postcards\postcards\97-08-29-agassiz.htm --> home.mindspring.com /whirlygirl/www/postcards/postcards 97-08-29-agassiz.htm
99.10.08 12:35 B C:\My Documents\!whirlygirl.com\postcards\postcards\97-08-30-stargazingontheolympicpeninsula.htm --> home.mindspring.com /whirlygirl/www/postcards/postcards 97-08-30-stargazingontheolympicpeninsula.htm
99.10.08 12:35 B C:\My Documents\!whirlygirl.com\postcards\postcards\97-09-01-mounthood.htm --> home.mindspring.com /whirlygirl/www/postcards/postcards 97-09-01-mounthood.htm
99.10.08 12:35 B C:\My Documents\!whirlygirl.com\postcards\postcards\97-09-03-thelostcoast.htm --> home.mindspring.com /whirlygirl/www/postcards/postcards 97-09-03-thelostcoast.htm
99.10.08 12:35 B C:\My Documents\!whirlygirl.com\postcards\postcards\97-09-04-avenueofthegiants.htm --> home.mindspring.com /whirlygirl/www/postcards/postcards 97-09-04-avenueofthegiants.htm
99.10.08 12:35 B C:\My Documents\!whirlygirl.com\postcards\postcards\98-03-29-boathousesalongtheschuylkill.htm --> home.mindspring.com /whirlygirl/www/postcards/postcards 98-03-29-boathousesalongtheschuylkill.htm
99.10.08 12:35 B C:\My Documents\!whirlygirl.com\postcards\postcards\98-08-11-vermont.htm --> home.mindspring.com /whirlygirl/www/postcards/postcards 98-08-11-vermont.htm
99.10.08 12:35 B C:\My Documents\!whirlygirl.com\postcards\postcards\98-11-21-paristhroughfog.htm --> home.mindspring.com /whirlygirl/www/postcards/postcards 98-11-21-paristhroughfog.htm
99.10.08 12:35 B C:\My Documents\!whirlygirl.com\postcards\postcards\98-11-26-staremesto.htm --> home.mindspring.com /whirlygirl/www/postcards/postcards 98-11-26-staremesto.htm
99.10.08 12:35 B C:\My Documents\!whirlygirl.com\postcards\postcards\98-11-29-thealps.htm --> home.mindspring.com /whirlygirl/www/postcards/postcards 98-11-29-thealps.htm
99.10.08 12:35 B C:\My Documents\!whirlygirl.com\postcards\postcards\98-12-01-firenze.htm --> home.mindspring.com /whirlygirl/www/postcards/postcards 98-12-01-firenze.htm
99.10.08 12:35 B C:\My Documents\!whirlygirl.com\postcards\postcards\98-12-02-trainfromfirenzetomilan.htm --> home.mindspring.com /whirlygirl/www/postcards/postcards 98-12-02-trainfromfirenzetomilan.htm
99.10.08 12:35 B C:\My Documents\!whirlygirl.com\postcards\postcards\99-04-13-yale.htm --> home.mindspring.com /whirlygirl/www/postcards/postcards 99-04-13-yale.htm
99.10.08 12:35 B C:\My Documents\!whirlygirl.com\postcards\postcards\99-07-03-inthepassengerseat.htm --> home.mindspring.com /whirlygirl/www/postcards/postcards 99-07-03-inthepassengerseat.htm
99.10.08 12:35 B C:\My Documents\!whirlygirl.com\postcards\postcards\99-07-30-hottruck.htm --> home.mindspring.com /whirlygirl/www/postcards/postcards 99-07-30-hottruck.htm
99.10.08 12:35 B C:\My Documents\!whirlygirl.com\postcards\postcards\99-08-01-swimmingholesinkingsun.htm --> home.mindspring.com /whirlygirl/www/postcards/postcards 99-08-01-swimmingholesinkingsun.htm
99.10.08 12:35 B C:\My Documents\!whirlygirl.com\postcards\postcards\99-08-27-mariescrisiscafe.htm --> home.mindspring.com /whirlygirl/www/postcards/postcards 99-08-27-mariescrisiscafe.htm
99.10.08 12:36 B C:\My Documents\!whirlygirl.com\postcards\postcards\99-08-29-mystery.htm --> home.mindspring.com /whirlygirl/www/postcards/postcards 99-08-29-mystery.htm
99.10.08 12:36 B C:\My Documents\!whirlygirl.com\postcards\postcards\99-4-13-yale.htm --> home.mindspring.com /whirlygirl/www/postcards/postcards 99-4-13-yale.htm
99.10.08 12:36 B C:\My Documents\!whirlygirl.com\postcards\postcards\WS_FTP.LOG --> home.mindspring.com /whirlygirl/www/postcards/postcards WS_FTP.LOG
99.10.12 13:08 B C:\My Documents\!whirlygirl.com\postcards\postcards\96-03-20-uppereastside.htm --> home.mindspring.com /whirlygirl/www/postcards/postcards 96-03-20-uppereastside.htm
99.10.12 13:08 B C:\My Documents\!whirlygirl.com\postcards\postcards\97-02-17-london.htm --> home.mindspring.com /whirlygirl/www/postcards/postcards 97-02-17-london.htm
99.10.12 13:08 B C:\My Documents\!whirlygirl.com\postcards\postcards\97-08-25-stanleypark.htm --> home.mindspring.com /whirlygirl/www/postcards/postcards 97-08-25-stanleypark.htm
99.10.12 13:08 B C:\My Documents\!whirlygirl.com\postcards\postcards\97-08-26-ferryfromvictoria.htm --> home.mindspring.com /whirlygirl/www/postcards/postcards 97-08-26-ferryfromvictoria.htm
99.10.12 13:08 B C:\My Documents\!whirlygirl.com\postcards\postcards\97-08-27-nitobegarden.htm --> home.mindspring.com /whirlygirl/www/postcards/postcards 97-08-27-nitobegarden.htm
99.10.12 13:08 B C:\My Documents\!whirlygirl.com\postcards\postcards\97-08-29-agassiz.htm --> home.mindspring.com /whirlygirl/www/postcards/postcards 97-08-29-agassiz.htm
99.10.12 13:08 B C:\My Documents\!whirlygirl.com\postcards\postcards\97-08-30-stargazingontheolympicpeninsula.htm --> home.mindspring.com /whirlygirl/www/postcards/postcards 97-08-30-stargazingontheolympicpeninsula.htm
99.10.12 13:08 B C:\My Documents\!whirlygirl.com\postcards\postcards\97-09-01-mounthood.htm --> home.mindspring.com /whirlygirl/www/postcards/postcards 97-09-01-mounthood.htm
99.10.12 13:08 B C:\My Documents\!whirlygirl.com\postcards\postcards\97-09-03-thelostcoast.htm --> home.mindspring.com /whirlygirl/www/postcards/postcards 97-09-03-thelostcoast.htm
99.10.12 13:08 B C:\My Documents\!whirlygirl.com\postcards\postcards\97-09-04-avenueofthegiants.htm --> home.mindspring.com /whirlygirl/www/postcards/postcards 97-09-04-avenueofthegiants.htm
99.10.12 13:08 B C:\My Documents\!whirlygirl.com\postcards\postcards\98-03-29-boathousesalongtheschuylkill.htm --> home.mindspring.com /whirlygirl/www/postcards/postcards 98-03-29-boathousesalongtheschuylkill.htm
99.10.12 13:08 B C:\My Documents\!whirlygirl.com\postcards\postcards\98-08-11-vermont.htm --> home.mindspring.com /whirlygirl/www/postcards/postcards 98-08-11-vermont.htm
99.10.12 13:08 B C:\My Documents\!whirlygirl.com\postcards\postcards\98-11-21-paristhroughfog.htm --> home.mindspring.com /whirlygirl/www/postcards/postcards 98-11-21-paristhroughfog.htm
99.10.12 13:08 B C:\My Documents\!whirlygirl.com\postcards\postcards\98-11-26-staremesto.htm --> home.mindspring.com /whirlygirl/www/postcards/postcards 98-11-26-staremesto.htm
99.10.12 21:23 B C:\!!whirlygirl.com\postcards\postcards\96-03-20-uppereastside.htm --> home.mindspring.com /whirlygirl/www/postcards/postcards 96-03-20-uppereastside.htm
99.10.12 21:23 B C:\!!whirlygirl.com\postcards\postcards\97-02-17-london.htm --> home.mindspring.com /whirlygirl/www/postcards/postcards 97-02-17-london.htm
99.10.12 21:23 B C:\!!whirlygirl.com\postcards\postcards\97-08-25-stanleypark.htm --> home.mindspring.com /whirlygirl/www/postcards/postcards 97-08-25-stanleypark.htm
99.10.12 21:23 B C:\!!whirlygirl.com\postcards\postcards\97-08-26-ferryfromvictoria.htm --> home.mindspring.com /whirlygirl/www/postcards/postcards 97-08-26-ferryfromvictoria.htm
99.10.12 21:23 B C:\!!whirlygirl.com\postcards\postcards\97-08-27-nitobegarden.htm --> home.mindspring.com /whirlygirl/www/postcards/postcards 97-08-27-nitobegarden.htm
99.10.12 21:23 B C:\!!whirlygirl.com\postcards\postcards\97-08-29-agassiz.htm --> home.mindspring.com /whirlygirl/www/postcards/postcards 97-08-29-agassiz.htm
99.10.12 21:23 B C:\!!whirlygirl.com\postcards\postcards\97-08-30-stargazingontheolympicpeninsula.htm --> home.mindspring.com /whirlygirl/www/postcards/postcards 97-08-30-stargazingontheolympicpeninsula.htm
99.10.12 21:23 B C:\!!whirlygirl.com\postcards\postcards\97-09-01-mounthood.htm --> home.mindspring.com /whirlygirl/www/postcards/postcards 97-09-01-mounthood.htm
99.10.12 21:23 B C:\!!whirlygirl.com\postcards\postcards\97-09-03-thelostcoast.htm --> home.mindspring.com /whirlygirl/www/postcards/postcards 97-09-03-thelostcoast.htm
99.10.12 21:23 B C:\!!whirlygirl.com\postcards\postcards\97-09-04-avenueofthegiants.htm --> home.mindspring.com /whirlygirl/www/postcards/postcards 97-09-04-avenueofthegiants.htm
99.10.12 21:23 B C:\!!whirlygirl.com\postcards\postcards\98-03-29-boathousesalongtheschuylkill.htm --> home.mindspring.com /whirlygirl/www/postcards/postcards 98-03-29-boathousesalongtheschuylkill.htm
99.10.12 21:23 B C:\!!whirlygirl.com\postcards\postcards\98-08-11-vermont.htm --> home.mindspring.com /whirlygirl/www/postcards/postcards 98-08-11-vermont.htm
99.10.12 21:23 B C:\!!whirlygirl.com\postcards\postcards\98-11-21-paristhroughfog.htm --> home.mindspring.com /whirlygirl/www/postcards/postcards 98-11-21-paristhroughfog.htm
99.10.12 21:23 B C:\!!whirlygirl.com\postcards\postcards\98-11-26-staremesto.htm --> home.mindspring.com /whirlygirl/www/postcards/postcards 98-11-26-staremesto.htm
99.10.12 21:23 B C:\!!whirlygirl.com\postcards\postcards\98-11-29-thealps.htm --> home.mindspring.com /whirlygirl/www/postcards/postcards 98-11-29-thealps.htm
99.10.12 21:24 B C:\!!whirlygirl.com\postcards\postcards\98-12-01-firenze.htm --> home.mindspring.com /whirlygirl/www/postcards/postcards 98-12-01-firenze.htm
99.10.12 21:24 B C:\!!whirlygirl.com\postcards\postcards\98-12-02-trainfromfirenzetomilan.htm --> home.mindspring.com /whirlygirl/www/postcards/postcards 98-12-02-trainfromfirenzetomilan.htm
99.10.12 21:24 B C:\!!whirlygirl.com\postcards\postcards\99-04-13-yale.htm --> home.mindspring.com /whirlygirl/www/postcards/postcards 99-04-13-yale.htm
99.10.12 21:24 B C:\!!whirlygirl.com\postcards\postcards\99-07-03-inthepassengerseat.htm --> home.mindspring.com /whirlygirl/www/postcards/postcards 99-07-03-inthepassengerseat.htm
99.10.12 21:24 B C:\!!whirlygirl.com\postcards\postcards\99-07-30-hottruck.htm --> home.mindspring.com /whirlygirl/www/postcards/postcards 99-07-30-hottruck.htm
99.10.12 21:24 B C:\!!whirlygirl.com\postcards\postcards\99-08-01-swimmingholesinkingsun.htm --> home.mindspring.com /whirlygirl/www/postcards/postcards 99-08-01-swimmingholesinkingsun.htm
99.10.12 21:24 B C:\!!whirlygirl.com\postcards\postcards\99-08-27-mariescrisiscafe.htm --> home.mindspring.com /whirlygirl/www/postcards/postcards 99-08-27-mariescrisiscafe.htm
99.10.12 21:24 B C:\!!whirlygirl.com\postcards\postcards\99-08-29-mystery.htm --> home.mindspring.com /whirlygirl/www/postcards/postcards 99-08-29-mystery.htm
99.10.12 21:24 B C:\!!whirlygirl.com\postcards\postcards\99-4-13-yale.htm --> home.mindspring.com /whirlygirl/www/postcards/postcards 99-4-13-yale.htm
100.01.04 13:01 B C:\My Documents\!whirlygirl.com\postcards\postcards\WS_FTP.LOG <-- WS_FTP32 /whirlygirl/www/postcards/postcards WS_FTP.LOG
100.01.04 15:29 B C:\My Documents\!whirlygirl.com\postcards\postcards\96-03-20-uppereastside.htm --> home.mindspring.com /whirlygirl/www/postcards/postcards 96-03-20-uppereastside.htm
100.01.04 15:29 B C:\My Documents\!whirlygirl.com\postcards\postcards\97-02-17-london.htm --> home.mindspring.com /whirlygirl/www/postcards/postcards 97-02-17-london.htm
100.01.04 15:29 B C:\My Documents\!whirlygirl.com\postcards\postcards\97-08-25-stanleypark.htm --> home.mindspring.com /whirlygirl/www/postcards/postcards 97-08-25-stanleypark.htm
100.01.04 15:29 B C:\My Documents\!whirlygirl.com\postcards\postcards\97-08-26-ferryfromvictoria.htm --> home.mindspring.com /whirlygirl/www/postcards/postcards 97-08-26-ferryfromvictoria.htm
100.01.04 15:29 B C:\My Documents\!whirlygirl.com\postcards\postcards\97-08-27-nitobegarden.htm --> home.mindspring.com /whirlygirl/www/postcards/postcards 97-08-27-nitobegarden.htm
100.01.04 15:29 B C:\My Documents\!whirlygirl.com\postcards\postcards\97-08-29-agassiz.htm --> home.mindspring.com /whirlygirl/www/postcards/postcards 97-08-29-agassiz.htm
100.01.04 15:29 B C:\My Documents\!whirlygirl.com\postcards\postcards\97-08-30-stargazingontheolympicpeninsula.htm --> home.mindspring.com /whirlygirl/www/postcards/postcards 97-08-30-stargazingontheolympicpeninsula.htm
100.01.04 15:29 B C:\My Documents\!whirlygirl.com\postcards\postcards\97-09-01-mounthood.htm --> home.mindspring.com /whirlygirl/www/postcards/postcards 97-09-01-mounthood.htm
100.01.04 15:29 B C:\My Documents\!whirlygirl.com\postcards\postcards\97-09-03-thelostcoast.htm --> home.mindspring.com /whirlygirl/www/postcards/postcards 97-09-03-thelostcoast.htm
100.01.04 15:29 B C:\My Documents\!whirlygirl.com\postcards\postcards\97-09-04-avenueofthegiants.htm --> home.mindspring.com /whirlygirl/www/postcards/postcards 97-09-04-avenueofthegiants.htm
100.01.04 15:29 B C:\My Documents\!whirlygirl.com\postcards\postcards\98-03-29-boathousesalongtheschuylkill.htm --> home.mindspring.com /whirlygirl/www/postcards/postcards 98-03-29-boathousesalongtheschuylkill.htm
100.01.04 15:29 B C:\My Documents\!whirlygirl.com\postcards\postcards\98-08-11-vermont.htm --> home.mindspring.com /whirlygirl/www/postcards/postcards 98-08-11-vermont.htm
100.01.04 15:29 B C:\My Documents\!whirlygirl.com\postcards\postcards\98-11-21-paristhroughfog.htm --> home.mindspring.com /whirlygirl/www/postcards/postcards 98-11-21-paristhroughfog.htm
100.01.04 15:29 B C:\My Documents\!whirlygirl.com\postcards\postcards\98-11-26-staremesto.htm --> home.mindspring.com /whirlygirl/www/postcards/postcards 98-11-26-staremesto.htm
100.01.04 15:29 B C:\My Documents\!whirlygirl.com\postcards\postcards\98-11-29-thealps.htm --> home.mindspring.com /whirlygirl/www/postcards/postcards 98-11-29-thealps.htm
100.01.04 15:29 B C:\My Documents\!whirlygirl.com\postcards\postcards\98-12-01-firenze.htm --> home.mindspring.com /whirlygirl/www/postcards/postcards 98-12-01-firenze.htm
100.01.04 15:29 B C:\My Documents\!whirlygirl.com\postcards\postcards\98-12-02-trainfromfirenzetomilan.htm --> home.mindspring.com /whirlygirl/www/postcards/postcards 98-12-02-trainfromfirenzetomilan.htm
100.01.04 15:29 B C:\My Documents\!whirlygirl.com\postcards\postcards\99-04-13-yale.htm --> home.mindspring.com /whirlygirl/www/postcards/postcards 99-04-13-yale.htm
100.01.04 15:29 B C:\My Documents\!whirlygirl.com\postcards\postcards\99-07-03-inthepassengerseat.htm --> home.mindspring.com /whirlygirl/www/postcards/postcards 99-07-03-inthepassengerseat.htm
100.01.04 15:29 B C:\My Documents\!whirlygirl.com\postcards\postcards\99-07-30-hottruck.htm --> home.mindspring.com /whirlygirl/www/postcards/postcards 99-07-30-hottruck.htm
100.01.04 15:29 B C:\My Documents\!whirlygirl.com\postcards\postcards\99-08-01-swimmingholesinkingsun.htm --> home.mindspring.com /whirlygirl/www/postcards/postcards 99-08-01-swimmingholesinkingsun.htm
100.01.04 15:29 B C:\My Documents\!whirlygirl.com\postcards\postcards\99-08-27-mariescrisiscafe.htm --> home.mindspring.com /whirlygirl/www/postcards/postcards 99-08-27-mariescrisiscafe.htm
100.01.04 15:29 B C:\My Documents\!whirlygirl.com\postcards\postcards\99-08-29-mystery.htm --> home.mindspring.com /whirlygirl/www/postcards/postcards 99-08-29-mystery.htm
100.01.04 15:29 B C:\My Documents\!whirlygirl.com\postcards\postcards\99-11-01-magneticpoetry.htm --> home.mindspring.com /whirlygirl/www/postcards/postcards 99-11-01-magneticpoetry.htm
100.01.04 15:29 B C:\My Documents\!whirlygirl.com\postcards\postcards\99-11-02-churchstreet.htm --> home.mindspring.com /whirlygirl/www/postcards/postcards 99-11-02-churchstreet.htm
100.01.04 15:29 B C:\My Documents\!whirlygirl.com\postcards\postcards\99-11-11-magneticpoetryII.htm --> home.mindspring.com /whirlygirl/www/postcards/postcards 99-11-11-magneticpoetryII.htm
100.01.04 15:29 B C:\My Documents\!whirlygirl.com\postcards\postcards\WS_FTP.LOG --> home.mindspring.com /whirlygirl/www/postcards/postcards WS_FTP.LOG
100.01.06 18:26 B C:\My Documents\!whirlygirl.com\postcards\postcards\96-03-20-uppereastside.htm --> www.whirlygirl.com /whirlygirl2.0/postcards/postcards 96-03-20-uppereastside.htm
100.01.06 18:26 B C:\My Documents\!whirlygirl.com\postcards\postcards\97-02-17-london.htm --> www.whirlygirl.com /whirlygirl2.0/postcards/postcards 97-02-17-london.htm
100.01.06 18:26 B C:\My Documents\!whirlygirl.com\postcards\postcards\97-08-25-stanleypark.htm --> www.whirlygirl.com /whirlygirl2.0/postcards/postcards 97-08-25-stanleypark.htm
100.01.06 18:26 B C:\My Documents\!whirlygirl.com\postcards\postcards\97-08-26-ferryfromvictoria.htm --> www.whirlygirl.com /whirlygirl2.0/postcards/postcards 97-08-26-ferryfromvictoria.htm
100.01.06 18:26 B C:\My Documents\!whirlygirl.com\postcards\postcards\97-08-27-nitobegarden.htm --> www.whirlygirl.com /whirlygirl2.0/postcards/postcards 97-08-27-nitobegarden.htm
100.01.06 18:26 B C:\My Documents\!whirlygirl.com\postcards\postcards\97-08-29-agassiz.htm --> www.whirlygirl.com /whirlygirl2.0/postcards/postcards 97-08-29-agassiz.htm
100.01.06 18:26 B C:\My Documents\!whirlygirl.com\postcards\postcards\97-08-30-stargazingontheolympicpeninsula.htm --> www.whirlygirl.com /whirlygirl2.0/postcards/postcards 97-08-30-stargazingontheolympicpeninsula.htm
100.01.06 18:26 B C:\My Documents\!whirlygirl.com\postcards\postcards\97-09-01-mounthood.htm --> www.whirlygirl.com /whirlygirl2.0/postcards/postcards 97-09-01-mounthood.htm
100.01.06 18:26 B C:\My Documents\!whirlygirl.com\postcards\postcards\97-09-03-thelostcoast.htm --> www.whirlygirl.com /whirlygirl2.0/postcards/postcards 97-09-03-thelostcoast.htm
100.01.06 18:26 B C:\My Documents\!whirlygirl.com\postcards\postcards\97-09-04-avenueofthegiants.htm --> www.whirlygirl.com /whirlygirl2.0/postcards/postcards 97-09-04-avenueofthegiants.htm
100.01.06 18:26 B C:\My Documents\!whirlygirl.com\postcards\postcards\98-03-29-boathousesalongtheschuylkill.htm --> www.whirlygirl.com /whirlygirl2.0/postcards/postcards 98-03-29-boathousesalongtheschuylkill.htm
100.01.06 18:26 B C:\My Documents\!whirlygirl.com\postcards\postcards\98-08-11-vermont.htm --> www.whirlygirl.com /whirlygirl2.0/postcards/postcards 98-08-11-vermont.htm
100.01.06 18:26 B C:\My Documents\!whirlygirl.com\postcards\postcards\98-11-21-paristhroughfog.htm --> www.whirlygirl.com /whirlygirl2.0/postcards/postcards 98-11-21-paristhroughfog.htm
100.01.06 18:26 B C:\My Documents\!whirlygirl.com\postcards\postcards\98-11-26-staremesto.htm --> www.whirlygirl.com /whirlygirl2.0/postcards/postcards 98-11-26-staremesto.htm
100.01.06 18:26 B C:\My Documents\!whirlygirl.com\postcards\postcards\98-11-29-thealps.htm --> www.whirlygirl.com /whirlygirl2.0/postcards/postcards 98-11-29-thealps.htm
100.01.06 18:27 B C:\My Documents\!whirlygirl.com\postcards\postcards\98-12-01-firenze.htm --> www.whirlygirl.com /whirlygirl2.0/postcards/postcards 98-12-01-firenze.htm
100.01.06 18:27 B C:\My Documents\!whirlygirl.com\postcards\postcards\98-12-02-trainfromfirenzetomilan.htm --> www.whirlygirl.com /whirlygirl2.0/postcards/postcards 98-12-02-trainfromfirenzetomilan.htm
100.01.06 18:27 B C:\My Documents\!whirlygirl.com\postcards\postcards\99-04-13-yale.htm --> www.whirlygirl.com /whirlygirl2.0/postcards/postcards 99-04-13-yale.htm
100.01.06 18:27 B C:\My Documents\!whirlygirl.com\postcards\postcards\99-07-03-inthepassengerseat.htm --> www.whirlygirl.com /whirlygirl2.0/postcards/postcards 99-07-03-inthepassengerseat.htm
100.01.06 18:27 B C:\My Documents\!whirlygirl.com\postcards\postcards\99-07-30-hottruck.htm --> www.whirlygirl.com /whirlygirl2.0/postcards/postcards 99-07-30-hottruck.htm
100.01.06 18:27 B C:\My Documents\!whirlygirl.com\postcards\postcards\99-08-01-swimmingholesinkingsun.htm --> www.whirlygirl.com /whirlygirl2.0/postcards/postcards 99-08-01-swimmingholesinkingsun.htm
100.01.06 18:27 B C:\My Documents\!whirlygirl.com\postcards\postcards\99-08-27-mariescrisiscafe.htm --> www.whirlygirl.com /whirlygirl2.0/postcards/postcards 99-08-27-mariescrisiscafe.htm
100.01.06 18:27 B C:\My Documents\!whirlygirl.com\postcards\postcards\99-08-29-mystery.htm --> www.whirlygirl.com /whirlygirl2.0/postcards/postcards 99-08-29-mystery.htm
100.01.06 18:27 B C:\My Documents\!whirlygirl.com\postcards\postcards\99-11-01-magneticpoetry.htm --> www.whirlygirl.com /whirlygirl2.0/postcards/postcards 99-11-01-magneticpoetry.htm
100.01.06 18:27 B C:\My Documents\!whirlygirl.com\postcards\postcards\99-11-02-churchstreet.htm --> www.whirlygirl.com /whirlygirl2.0/postcards/postcards 99-11-02-churchstreet.htm
100.01.06 18:27 B C:\My Documents\!whirlygirl.com\postcards\postcards\99-11-11-magneticpoetryII.htm --> www.whirlygirl.com /whirlygirl2.0/postcards/postcards 99-11-11-magneticpoetryII.htm
100.01.06 18:27 B C:\My Documents\!whirlygirl.com\postcards\postcards\WS_FTP.LOG --> www.whirlygirl.com /whirlygirl2.0/postcards/postcards WS_FTP.LOG
100.01.31 16:40 B C:\My Documents\!whirlygirl.com\postcards\postcards\96-03-20-uppereastside.htm --> www.whirlygirl.com /postcards/postcards 96-03-20-uppereastside.htm
100.01.31 16:40 B C:\My Documents\!whirlygirl.com\postcards\postcards\97-02-17-london.htm --> www.whirlygirl.com /postcards/postcards 97-02-17-london.htm
100.01.31 16:40 B C:\My Documents\!whirlygirl.com\postcards\postcards\97-08-25-stanleypark.htm --> www.whirlygirl.com /postcards/postcards 97-08-25-stanleypark.htm
100.01.31 16:40 B C:\My Documents\!whirlygirl.com\postcards\postcards\97-08-26-ferryfromvictoria.htm --> www.whirlygirl.com /postcards/postcards 97-08-26-ferryfromvictoria.htm
100.01.31 16:40 B C:\My Documents\!whirlygirl.com\postcards\postcards\97-08-27-nitobegarden.htm --> www.whirlygirl.com /postcards/postcards 97-08-27-nitobegarden.htm
100.01.31 16:40 B C:\My Documents\!whirlygirl.com\postcards\postcards\97-08-29-agassiz.htm --> www.whirlygirl.com /postcards/postcards 97-08-29-agassiz.htm
100.01.31 16:41 B C:\My Documents\!whirlygirl.com\postcards\postcards\97-08-30-stargazingontheolympicpeninsula.htm --> www.whirlygirl.com /postcards/postcards 97-08-30-stargazingontheolympicpeninsula.htm
100.01.31 16:41 B C:\My Documents\!whirlygirl.com\postcards\postcards\97-09-01-mounthood.htm --> www.whirlygirl.com /postcards/postcards 97-09-01-mounthood.htm
100.01.31 16:41 B C:\My Documents\!whirlygirl.com\postcards\postcards\97-09-03-thelostcoast.htm --> www.whirlygirl.com /postcards/postcards 97-09-03-thelostcoast.htm
100.01.31 16:41 B C:\My Documents\!whirlygirl.com\postcards\postcards\97-09-04-avenueofthegiants.htm --> www.whirlygirl.com /postcards/postcards 97-09-04-avenueofthegiants.htm
100.01.31 16:41 B C:\My Documents\!whirlygirl.com\postcards\postcards\98-03-29-boathousesalongtheschuylkill.htm --> www.whirlygirl.com /postcards/postcards 98-03-29-boathousesalongtheschuylkill.htm
100.01.31 16:41 B C:\My Documents\!whirlygirl.com\postcards\postcards\98-08-11-vermont.htm --> www.whirlygirl.com /postcards/postcards 98-08-11-vermont.htm
100.01.31 16:41 B C:\My Documents\!whirlygirl.com\postcards\postcards\98-11-21-paristhroughfog.htm --> www.whirlygirl.com /postcards/postcards 98-11-21-paristhroughfog.htm
100.01.31 16:41 B C:\My Documents\!whirlygirl.com\postcards\postcards\98-11-26-staremesto.htm --> www.whirlygirl.com /postcards/postcards 98-11-26-staremesto.htm
100.01.31 16:41 B C:\My Documents\!whirlygirl.com\postcards\postcards\98-11-29-thealps.htm --> www.whirlygirl.com /postcards/postcards 98-11-29-thealps.htm
100.01.31 16:41 B C:\My Documents\!whirlygirl.com\postcards\postcards\98-12-01-firenze.htm --> www.whirlygirl.com /postcards/postcards 98-12-01-firenze.htm
100.01.31 16:41 B C:\My Documents\!whirlygirl.com\postcards\postcards\98-12-02-trainfromfirenzetomilan.htm --> www.whirlygirl.com /postcards/postcards 98-12-02-trainfromfirenzetomilan.htm
100.01.31 16:41 B C:\My Documents\!whirlygirl.com\postcards\postcards\99-04-13-yale.htm --> www.whirlygirl.com /postcards/postcards 99-04-13-yale.htm
100.01.31 16:41 B C:\My Documents\!whirlygirl.com\postcards\postcards\99-07-03-inthepassengerseat.htm --> www.whirlygirl.com /postcards/postcards 99-07-03-inthepassengerseat.htm
100.01.31 16:41 B C:\My Documents\!whirlygirl.com\postcards\postcards\99-07-30-hottruck.htm --> www.whirlygirl.com /postcards/postcards 99-07-30-hottruck.htm
100.01.31 16:41 B C:\My Documents\!whirlygirl.com\postcards\postcards\99-08-01-swimmingholesinkingsun.htm --> www.whirlygirl.com /postcards/postcards 99-08-01-swimmingholesinkingsun.htm
100.01.31 16:41 B C:\My Documents\!whirlygirl.com\postcards\postcards\99-08-27-mariescrisiscafe.htm --> www.whirlygirl.com /postcards/postcards 99-08-27-mariescrisiscafe.htm
100.01.31 16:41 B C:\My Documents\!whirlygirl.com\postcards\postcards\99-08-29-mystery.htm --> www.whirlygirl.com /postcards/postcards 99-08-29-mystery.htm
100.01.31 16:41 B C:\My Documents\!whirlygirl.com\postcards\postcards\99-11-01-magneticpoetry.htm --> www.whirlygirl.com /postcards/postcards 99-11-01-magneticpoetry.htm
100.01.31 16:41 B C:\My Documents\!whirlygirl.com\postcards\postcards\99-11-02-churchstreet.htm --> www.whirlygirl.com /postcards/postcards 99-11-02-churchstreet.htm
100.01.31 16:41 B C:\My Documents\!whirlygirl.com\postcards\postcards\99-11-11-magneticpoetryII.htm --> www.whirlygirl.com /postcards/postcards 99-11-11-magneticpoetryII.htm
100.01.31 16:41 B C:\My Documents\!whirlygirl.com\postcards\postcards\WS_FTP.LOG --> www.whirlygirl.com /postcards/postcards WS_FTP.LOG
100.01.31 16:58 B C:\My Documents\!whirlygirl.com\postcards\postcards\96-03-20-uppereastside.htm --> www.whirlygirl.com /1.0/postcards/postcards 96-03-20-uppereastside.htm
100.01.31 16:58 B C:\My Documents\!whirlygirl.com\postcards\postcards\97-02-17-london.htm --> www.whirlygirl.com /1.0/postcards/postcards 97-02-17-london.htm
100.01.31 16:58 B C:\My Documents\!whirlygirl.com\postcards\postcards\97-08-25-stanleypark.htm --> www.whirlygirl.com /1.0/postcards/postcards 97-08-25-stanleypark.htm
100.01.31 16:58 B C:\My Documents\!whirlygirl.com\postcards\postcards\97-08-26-ferryfromvictoria.htm --> www.whirlygirl.com /1.0/postcards/postcards 97-08-26-ferryfromvictoria.htm
100.01.31 16:58 B C:\My Documents\!whirlygirl.com\postcards\postcards\97-08-27-nitobegarden.htm --> www.whirlygirl.com /1.0/postcards/postcards 97-08-27-nitobegarden.htm
100.01.31 16:58 B C:\My Documents\!whirlygirl.com\postcards\postcards\97-08-29-agassiz.htm --> www.whirlygirl.com /1.0/postcards/postcards 97-08-29-agassiz.htm
100.01.31 16:58 B C:\My Documents\!whirlygirl.com\postcards\postcards\97-08-30-stargazingontheolympicpeninsula.htm --> www.whirlygirl.com /1.0/postcards/postcards 97-08-30-stargazingontheolympicpeninsula.htm
100.01.31 16:58 B C:\My Documents\!whirlygirl.com\postcards\postcards\97-09-01-mounthood.htm --> www.whirlygirl.com /1.0/postcards/postcards 97-09-01-mounthood.htm
100.01.31 16:58 B C:\My Documents\!whirlygirl.com\postcards\postcards\97-09-03-thelostcoast.htm --> www.whirlygirl.com /1.0/postcards/postcards 97-09-03-thelostcoast.htm
100.01.31 16:58 B C:\My Documents\!whirlygirl.com\postcards\postcards\97-09-04-avenueofthegiants.htm --> www.whirlygirl.com /1.0/postcards/postcards 97-09-04-avenueofthegiants.htm
100.01.31 16:58 B C:\My Documents\!whirlygirl.com\postcards\postcards\98-03-29-boathousesalongtheschuylkill.htm --> www.whirlygirl.com /1.0/postcards/postcards 98-03-29-boathousesalongtheschuylkill.htm
100.01.31 16:58 B C:\My Documents\!whirlygirl.com\postcards\postcards\98-08-11-vermont.htm --> www.whirlygirl.com /1.0/postcards/postcards 98-08-11-vermont.htm
100.01.31 16:58 B C:\My Documents\!whirlygirl.com\postcards\postcards\98-11-21-paristhroughfog.htm --> www.whirlygirl.com /1.0/postcards/postcards 98-11-21-paristhroughfog.htm
100.01.31 16:58 B C:\My Documents\!whirlygirl.com\postcards\postcards\98-11-26-staremesto.htm --> www.whirlygirl.com /1.0/postcards/postcards 98-11-26-staremesto.htm
100.01.31 16:58 B C:\My Documents\!whirlygirl.com\postcards\postcards\98-11-29-thealps.htm --> www.whirlygirl.com /1.0/postcards/postcards 98-11-29-thealps.htm
100.01.31 16:58 B C:\My Documents\!whirlygirl.com\postcards\postcards\98-12-01-firenze.htm --> www.whirlygirl.com /1.0/postcards/postcards 98-12-01-firenze.htm
100.01.31 16:58 B C:\My Documents\!whirlygirl.com\postcards\postcards\98-12-02-trainfromfirenzetomilan.htm --> www.whirlygirl.com /1.0/postcards/postcards 98-12-02-trainfromfirenzetomilan.htm
100.01.31 16:59 B C:\My Documents\!whirlygirl.com\postcards\postcards\96-03-20-uppereastside.htm --> www.whirlygirl.com /1.0/postcards/postcards 96-03-20-uppereastside.htm
100.01.31 16:59 B C:\My Documents\!whirlygirl.com\postcards\postcards\97-02-17-london.htm --> www.whirlygirl.com /1.0/postcards/postcards 97-02-17-london.htm
100.01.31 16:59 B C:\My Documents\!whirlygirl.com\postcards\postcards\97-08-25-stanleypark.htm --> www.whirlygirl.com /1.0/postcards/postcards 97-08-25-stanleypark.htm
100.01.31 16:59 B C:\My Documents\!whirlygirl.com\postcards\postcards\97-08-26-ferryfromvictoria.htm --> www.whirlygirl.com /1.0/postcards/postcards 97-08-26-ferryfromvictoria.htm
100.01.31 16:59 B C:\My Documents\!whirlygirl.com\postcards\postcards\97-08-27-nitobegarden.htm --> www.whirlygirl.com /1.0/postcards/postcards 97-08-27-nitobegarden.htm
100.01.31 16:59 B C:\My Documents\!whirlygirl.com\postcards\postcards\97-08-29-agassiz.htm --> www.whirlygirl.com /1.0/postcards/postcards 97-08-29-agassiz.htm
100.01.31 16:59 B C:\My Documents\!whirlygirl.com\postcards\postcards\97-08-30-stargazingontheolympicpeninsula.htm --> www.whirlygirl.com /1.0/postcards/postcards 97-08-30-stargazingontheolympicpeninsula.htm
100.01.31 16:59 B C:\My Documents\!whirlygirl.com\postcards\postcards\97-09-01-mounthood.htm --> www.whirlygirl.com /1.0/postcards/postcards 97-09-01-mounthood.htm
100.01.31 16:59 B C:\My Documents\!whirlygirl.com\postcards\postcards\97-09-03-thelostcoast.htm --> www.whirlygirl.com /1.0/postcards/postcards 97-09-03-thelostcoast.htm
100.01.31 16:59 B C:\My Documents\!whirlygirl.com\postcards\postcards\97-09-04-avenueofthegiants.htm --> www.whirlygirl.com /1.0/postcards/postcards 97-09-04-avenueofthegiants.htm
100.01.31 16:59 B C:\My Documents\!whirlygirl.com\postcards\postcards\98-03-29-boathousesalongtheschuylkill.htm --> www.whirlygirl.com /1.0/postcards/postcards 98-03-29-boathousesalongtheschuylkill.htm
100.01.31 16:59 B C:\My Documents\!whirlygirl.com\postcards\postcards\98-08-11-vermont.htm --> www.whirlygirl.com /1.0/postcards/postcards 98-08-11-vermont.htm
100.01.31 16:59 B C:\My Documents\!whirlygirl.com\postcards\postcards\98-11-21-paristhroughfog.htm --> www.whirlygirl.com /1.0/postcards/postcards 98-11-21-paristhroughfog.htm
100.01.31 16:59 B C:\My Documents\!whirlygirl.com\postcards\postcards\98-11-26-staremesto.htm --> www.whirlygirl.com /1.0/postcards/postcards 98-11-26-staremesto.htm
100.01.31 16:59 B C:\My Documents\!whirlygirl.com\postcards\postcards\98-11-29-thealps.htm --> www.whirlygirl.com /1.0/postcards/postcards 98-11-29-thealps.htm
100.01.31 16:59 B C:\My Documents\!whirlygirl.com\postcards\postcards\98-12-01-firenze.htm --> www.whirlygirl.com /1.0/postcards/postcards 98-12-01-firenze.htm
100.01.31 16:59 B C:\My Documents\!whirlygirl.com\postcards\postcards\98-12-02-trainfromfirenzetomilan.htm --> www.whirlygirl.com /1.0/postcards/postcards 98-12-02-trainfromfirenzetomilan.htm
100.01.31 16:59 B C:\My Documents\!whirlygirl.com\postcards\postcards\99-04-13-yale.htm --> www.whirlygirl.com /1.0/postcards/postcards 99-04-13-yale.htm
100.01.31 16:59 B C:\My Documents\!whirlygirl.com\postcards\postcards\99-07-03-inthepassengerseat.htm --> www.whirlygirl.com /1.0/postcards/postcards 99-07-03-inthepassengerseat.htm
100.01.31 16:59 B C:\My Documents\!whirlygirl.com\postcards\postcards\99-07-30-hottruck.htm --> www.whirlygirl.com /1.0/postcards/postcards 99-07-30-hottruck.htm
100.01.31 16:59 B C:\My Documents\!whirlygirl.com\postcards\postcards\99-08-01-swimmingholesinkingsun.htm --> www.whirlygirl.com /1.0/postcards/postcards 99-08-01-swimmingholesinkingsun.htm
100.01.31 16:59 B C:\My Documents\!whirlygirl.com\postcards\postcards\99-08-27-mariescrisiscafe.htm --> www.whirlygirl.com /1.0/postcards/postcards 99-08-27-mariescrisiscafe.htm
100.01.31 16:59 B C:\My Documents\!whirlygirl.com\postcards\postcards\99-08-29-mystery.htm --> www.whirlygirl.com /1.0/postcards/postcards 99-08-29-mystery.htm
100.01.31 16:59 B C:\My Documents\!whirlygirl.com\postcards\postcards\99-11-01-magneticpoetry.htm --> www.whirlygirl.com /1.0/postcards/postcards 99-11-01-magneticpoetry.htm
100.01.31 16:59 B C:\My Documents\!whirlygirl.com\postcards\postcards\99-11-02-churchstreet.htm --> www.whirlygirl.com /1.0/postcards/postcards 99-11-02-churchstreet.htm
100.01.31 16:59 B C:\My Documents\!whirlygirl.com\postcards\postcards\99-11-11-magneticpoetryII.htm --> www.whirlygirl.com /1.0/postcards/postcards 99-11-11-magneticpoetryII.htm
