100.01.06 18:24 B C:\My Documents\!whirlygirl.com\lists\1998bestmovies.htm --> www.whirlygirl.com /whirlygirl2.0/lists 1998bestmovies.htm
100.01.06 18:24 B C:\My Documents\!whirlygirl.com\lists\1999favorites.htm --> www.whirlygirl.com /whirlygirl2.0/lists 1999favorites.htm
100.01.06 18:24 B C:\My Documents\!whirlygirl.com\lists\body.htm --> www.whirlygirl.com /whirlygirl2.0/lists body.htm
100.01.06 18:24 B C:\My Documents\!whirlygirl.com\lists\books.htm --> www.whirlygirl.com /whirlygirl2.0/lists books.htm
100.01.06 18:24 B C:\My Documents\!whirlygirl.com\lists\dontwanttotalkabout.htm --> www.whirlygirl.com /whirlygirl2.0/lists dontwanttotalkabout.htm
100.01.06 18:24 B C:\My Documents\!whirlygirl.com\lists\fire.htm --> www.whirlygirl.com /whirlygirl2.0/lists fire.htm
100.01.06 18:24 B C:\My Documents\!whirlygirl.com\lists\index.htm --> www.whirlygirl.com /whirlygirl2.0/lists index.htm
100.01.06 18:24 B C:\My Documents\!whirlygirl.com\lists\jeopardy.htm --> www.whirlygirl.com /whirlygirl2.0/lists jeopardy.htm
100.01.06 18:24 B C:\My Documents\!whirlygirl.com\lists\jobs.htm --> www.whirlygirl.com /whirlygirl2.0/lists jobs.htm
100.01.06 18:25 B C:\My Documents\!whirlygirl.com\lists\likablethingsaboutboston.htm --> www.whirlygirl.com /whirlygirl2.0/lists likablethingsaboutboston.htm
100.01.06 18:25 B C:\My Documents\!whirlygirl.com\lists\meal.htm --> www.whirlygirl.com /whirlygirl2.0/lists meal.htm
100.01.06 18:25 B C:\My Documents\!whirlygirl.com\lists\timecapsule.htm --> www.whirlygirl.com /whirlygirl2.0/lists timecapsule.htm
100.01.06 18:25 B C:\My Documents\!whirlygirl.com\lists\toddslist.htm --> www.whirlygirl.com /whirlygirl2.0/lists toddslist.htm
100.01.06 18:25 B C:\My Documents\!whirlygirl.com\lists\toys.htm --> www.whirlygirl.com /whirlygirl2.0/lists toys.htm
100.01.06 18:25 B C:\My Documents\!whirlygirl.com\lists\tv.htm --> www.whirlygirl.com /whirlygirl2.0/lists tv.htm
100.01.10 11:36 B C:\My Documents\!whirlygirl.com\whirlygirl2.0\lists\1999favorites.htm <-- HostSave /lists 1999favorites.htm
100.01.24 14:55 B C:\My Documents\!whirlygirl.com\lists\jeopardy.htm --> www.whirlygirl.com /lists jeopardy.htm
100.01.31 16:57 B C:\My Documents\!whirlygirl.com\lists\1998bestmovies.htm --> www.whirlygirl.com /1.0/lists 1998bestmovies.htm
100.01.31 16:57 B C:\My Documents\!whirlygirl.com\lists\1999favorites.htm --> www.whirlygirl.com /1.0/lists 1999favorites.htm
100.01.31 16:57 B C:\My Documents\!whirlygirl.com\lists\body.htm --> www.whirlygirl.com /1.0/lists body.htm
100.01.31 16:57 B C:\My Documents\!whirlygirl.com\lists\books.htm --> www.whirlygirl.com /1.0/lists books.htm
100.01.31 16:57 B C:\My Documents\!whirlygirl.com\lists\dontwanttotalkabout.htm --> www.whirlygirl.com /1.0/lists dontwanttotalkabout.htm
100.01.31 16:57 B C:\My Documents\!whirlygirl.com\lists\fire.htm --> www.whirlygirl.com /1.0/lists fire.htm
100.01.31 16:57 B C:\My Documents\!whirlygirl.com\lists\index.htm --> www.whirlygirl.com /1.0/lists index.htm
100.01.31 16:57 B C:\My Documents\!whirlygirl.com\lists\jeopardy.htm --> www.whirlygirl.com /1.0/lists jeopardy.htm
100.01.31 16:57 B C:\My Documents\!whirlygirl.com\lists\jobs.htm --> www.whirlygirl.com /1.0/lists jobs.htm
100.01.31 16:57 B C:\My Documents\!whirlygirl.com\lists\likablethingsaboutboston.htm --> www.whirlygirl.com /1.0/lists likablethingsaboutboston.htm
100.01.31 16:57 B C:\My Documents\!whirlygirl.com\lists\meal.htm --> www.whirlygirl.com /1.0/lists meal.htm
100.01.31 16:57 B C:\My Documents\!whirlygirl.com\lists\timecapsule.htm --> www.whirlygirl.com /1.0/lists timecapsule.htm
100.01.31 16:57 B C:\My Documents\!whirlygirl.com\lists\toddslist.htm --> www.whirlygirl.com /1.0/lists toddslist.htm
100.01.31 16:57 B C:\My Documents\!whirlygirl.com\lists\toys.htm --> www.whirlygirl.com /1.0/lists toys.htm
100.01.31 16:57 B C:\My Documents\!whirlygirl.com\lists\tv.htm --> www.whirlygirl.com /1.0/lists tv.htm
