99.06.10 20:03 B C:\!whirlygirl.com\postcards\arrows\leftoff.jpg --> home.mindspring.com /whirlygirl/www/postcards/arrows leftoff.jpg
99.06.10 20:04 B C:\!whirlygirl.com\postcards\arrows\lefton.jpg --> home.mindspring.com /whirlygirl/www/postcards/arrows lefton.jpg
99.06.10 20:04 B C:\!whirlygirl.com\postcards\arrows\rightoff.jpg --> home.mindspring.com /whirlygirl/www/postcards/arrows rightoff.jpg
99.06.10 20:04 B C:\!whirlygirl.com\postcards\arrows\righton.jpg --> home.mindspring.com /whirlygirl/www/postcards/arrows righton.jpg
99.06.11 20:04 B C:\!whirlygirl.com\postcards\arrows\leftoff.jpg <-- WS_FTP32 /whirlygirl/www/postcards/arrows leftoff.jpg
99.06.11 20:04 B C:\!whirlygirl.com\postcards\arrows\lefton.jpg <-- WS_FTP32 /whirlygirl/www/postcards/arrows lefton.jpg
99.06.11 20:04 B C:\!whirlygirl.com\postcards\arrows\rightoff.jpg <-- WS_FTP32 /whirlygirl/www/postcards/arrows rightoff.jpg
99.06.11 20:04 B C:\!whirlygirl.com\postcards\arrows\righton.jpg <-- WS_FTP32 /whirlygirl/www/postcards/arrows righton.jpg
99.06.12 12:02 B C:\!whirlygirl.com\postcards\arrows\leftoff.jpg --> home.mindspring.com /whirlygirl/www/postcards/arrows leftoff.jpg
99.06.12 12:02 B C:\!whirlygirl.com\postcards\arrows\lefton.jpg --> home.mindspring.com /whirlygirl/www/postcards/arrows lefton.jpg
99.06.12 12:02 B C:\!whirlygirl.com\postcards\arrows\rightoff.jpg --> home.mindspring.com /whirlygirl/www/postcards/arrows rightoff.jpg
99.06.12 12:02 B C:\!whirlygirl.com\postcards\arrows\righton.jpg --> home.mindspring.com /whirlygirl/www/postcards/arrows righton.jpg
99.06.14 10:52 B C:\my documents\!whirlygirl.com\postcards\arrows\WS_FTP.LOG <-- WS_FTP32 /whirlygirl/www/postcards/arrows WS_FTP.LOG
99.06.14 17:40 B C:\my documents\!whirlygirl.com\postcards\arrows\leftoff.jpg --> home.mindspring.com /whirlygirl/www/postcards/arrows leftoff.jpg
99.06.14 17:40 B C:\my documents\!whirlygirl.com\postcards\arrows\lefton.jpg --> home.mindspring.com /whirlygirl/www/postcards/arrows lefton.jpg
99.06.14 17:40 B C:\my documents\!whirlygirl.com\postcards\arrows\rightoff.jpg --> home.mindspring.com /whirlygirl/www/postcards/arrows rightoff.jpg
99.06.14 17:40 B C:\my documents\!whirlygirl.com\postcards\arrows\righton.jpg --> home.mindspring.com /whirlygirl/www/postcards/arrows righton.jpg
99.06.16 15:08 B C:\My documents\!whirlygirl.com\postcards\arrows\WS_FTP.LOG <-- WS_FTP32 /whirlygirl/www/postcards/arrows WS_FTP.LOG
99.06.16 16:18 B C:\My Documents\!whirlygirl.com\postcards\arrows\leftoff.jpg --> home.mindspring.com /whirlygirl/www/postcards/arrows leftoff.jpg
99.06.16 16:18 B C:\My Documents\!whirlygirl.com\postcards\arrows\lefton.jpg --> home.mindspring.com /whirlygirl/www/postcards/arrows lefton.jpg
99.06.16 16:18 B C:\My Documents\!whirlygirl.com\postcards\arrows\rightoff.jpg --> home.mindspring.com /whirlygirl/www/postcards/arrows rightoff.jpg
99.06.16 16:18 B C:\My Documents\!whirlygirl.com\postcards\arrows\righton.jpg --> home.mindspring.com /whirlygirl/www/postcards/arrows righton.jpg
99.07.06 23:01 B C:\!whirlygirl.com\postcards\arrows\WS_FTP.LOG <-- WS_FTP32 /whirlygirl/www/postcards/arrows WS_FTP.LOG
99.07.07 02:44 B C:\!whirlygirl.com\postcards\arrows\leftoff.jpg --> home.mindspring.com /whirlygirl/www/postcards/arrows leftoff.jpg
99.07.07 02:44 B C:\!whirlygirl.com\postcards\arrows\lefton.jpg --> home.mindspring.com /whirlygirl/www/postcards/arrows lefton.jpg
99.07.07 02:44 B C:\!whirlygirl.com\postcards\arrows\rightoff.jpg --> home.mindspring.com /whirlygirl/www/postcards/arrows rightoff.jpg
99.07.07 02:44 B C:\!whirlygirl.com\postcards\arrows\righton.jpg --> home.mindspring.com /whirlygirl/www/postcards/arrows righton.jpg
99.08.30 19:29 B C:\My Documents\!whirlygirl.com\postcards\arrows\WS_FTP.LOG <-- WS_FTP32 /whirlygirl/www/postcards/arrows WS_FTP.LOG
99.09.02 02:02 B C:\!!whirlygirl.com\postcards\arrows\leftoff.jpg --> home.mindspring.com /whirlygirl/www/postcards/arrows leftoff.jpg
99.09.02 02:02 B C:\!!whirlygirl.com\postcards\arrows\lefton.jpg --> home.mindspring.com /whirlygirl/www/postcards/arrows lefton.jpg
99.09.02 02:02 B C:\!!whirlygirl.com\postcards\arrows\rightoff.jpg --> home.mindspring.com /whirlygirl/www/postcards/arrows rightoff.jpg
99.09.02 02:02 B C:\!!whirlygirl.com\postcards\arrows\righton.jpg --> home.mindspring.com /whirlygirl/www/postcards/arrows righton.jpg
99.10.05 07:42 B C:\My Documents\!whirlygirl.com\postcards\arrows\WS_FTP.LOG <-- WS_FTP32 /whirlygirl/www/postcards/arrows WS_FTP.LOG
99.10.08 12:35 B C:\My Documents\!whirlygirl.com\postcards\arrows\leftoff.jpg --> home.mindspring.com /whirlygirl/www/postcards/arrows leftoff.jpg
99.10.08 12:35 B C:\My Documents\!whirlygirl.com\postcards\arrows\lefton.jpg --> home.mindspring.com /whirlygirl/www/postcards/arrows lefton.jpg
99.10.08 12:35 B C:\My Documents\!whirlygirl.com\postcards\arrows\rightoff.jpg --> home.mindspring.com /whirlygirl/www/postcards/arrows rightoff.jpg
99.10.08 12:35 B C:\My Documents\!whirlygirl.com\postcards\arrows\righton.jpg --> home.mindspring.com /whirlygirl/www/postcards/arrows righton.jpg
99.10.08 12:35 B C:\My Documents\!whirlygirl.com\postcards\arrows\WS_FTP.LOG --> home.mindspring.com /whirlygirl/www/postcards/arrows WS_FTP.LOG
99.10.12 13:07 B C:\My Documents\!whirlygirl.com\postcards\arrows\leftoff.gif --> home.mindspring.com /whirlygirl/www/postcards/arrows leftoff.gif
99.10.12 13:07 B C:\My Documents\!whirlygirl.com\postcards\arrows\leftoff.jpg --> home.mindspring.com /whirlygirl/www/postcards/arrows leftoff.jpg
99.10.12 13:07 B C:\My Documents\!whirlygirl.com\postcards\arrows\lefton.gif --> home.mindspring.com /whirlygirl/www/postcards/arrows lefton.gif
99.10.12 13:07 B C:\My Documents\!whirlygirl.com\postcards\arrows\lefton.jpg --> home.mindspring.com /whirlygirl/www/postcards/arrows lefton.jpg
99.10.12 13:07 B C:\My Documents\!whirlygirl.com\postcards\arrows\lefton.psp --> home.mindspring.com /whirlygirl/www/postcards/arrows lefton.psp
99.10.12 13:07 B C:\My Documents\!whirlygirl.com\postcards\arrows\rightoff.gif --> home.mindspring.com /whirlygirl/www/postcards/arrows rightoff.gif
99.10.12 13:07 B C:\My Documents\!whirlygirl.com\postcards\arrows\rightoff.jpg --> home.mindspring.com /whirlygirl/www/postcards/arrows rightoff.jpg
99.10.12 13:07 B C:\My Documents\!whirlygirl.com\postcards\arrows\righton.gif --> home.mindspring.com /whirlygirl/www/postcards/arrows righton.gif
99.10.12 13:08 B C:\My Documents\!whirlygirl.com\postcards\arrows\righton.jpg --> home.mindspring.com /whirlygirl/www/postcards/arrows righton.jpg
99.10.12 13:08 B C:\My Documents\!whirlygirl.com\postcards\arrows\righton.psp --> home.mindspring.com /whirlygirl/www/postcards/arrows righton.psp
99.10.12 13:08 B C:\My Documents\!whirlygirl.com\postcards\arrows\WS_FTP.LOG --> home.mindspring.com /whirlygirl/www/postcards/arrows WS_FTP.LOG
99.10.12 21:23 B C:\!!whirlygirl.com\postcards\arrows\leftoff.gif --> home.mindspring.com /whirlygirl/www/postcards/arrows leftoff.gif
99.10.12 21:23 B C:\!!whirlygirl.com\postcards\arrows\leftoff.jpg --> home.mindspring.com /whirlygirl/www/postcards/arrows leftoff.jpg
99.10.12 21:23 B C:\!!whirlygirl.com\postcards\arrows\lefton.gif --> home.mindspring.com /whirlygirl/www/postcards/arrows lefton.gif
99.10.12 21:23 B C:\!!whirlygirl.com\postcards\arrows\lefton.jpg --> home.mindspring.com /whirlygirl/www/postcards/arrows lefton.jpg
99.10.12 21:23 B C:\!!whirlygirl.com\postcards\arrows\lefton.psp --> home.mindspring.com /whirlygirl/www/postcards/arrows lefton.psp
99.10.12 21:23 B C:\!!whirlygirl.com\postcards\arrows\rightoff.gif --> home.mindspring.com /whirlygirl/www/postcards/arrows rightoff.gif
99.10.12 21:23 B C:\!!whirlygirl.com\postcards\arrows\rightoff.jpg --> home.mindspring.com /whirlygirl/www/postcards/arrows rightoff.jpg
99.10.12 21:23 B C:\!!whirlygirl.com\postcards\arrows\righton.gif --> home.mindspring.com /whirlygirl/www/postcards/arrows righton.gif
99.10.12 21:23 B C:\!!whirlygirl.com\postcards\arrows\righton.jpg --> home.mindspring.com /whirlygirl/www/postcards/arrows righton.jpg
99.10.12 21:23 B C:\!!whirlygirl.com\postcards\arrows\righton.psp --> home.mindspring.com /whirlygirl/www/postcards/arrows righton.psp
100.01.04 12:58 B C:\My Documents\!whirlygirl.com\postcards\arrows\WS_FTP.LOG <-- WS_FTP32 /whirlygirl/www/postcards/arrows WS_FTP.LOG
100.01.04 15:29 B C:\My Documents\!whirlygirl.com\postcards\arrows\leftoff.gif --> home.mindspring.com /whirlygirl/www/postcards/arrows leftoff.gif
100.01.04 15:29 B C:\My Documents\!whirlygirl.com\postcards\arrows\leftoff.jpg --> home.mindspring.com /whirlygirl/www/postcards/arrows leftoff.jpg
100.01.04 15:29 B C:\My Documents\!whirlygirl.com\postcards\arrows\lefton.gif --> home.mindspring.com /whirlygirl/www/postcards/arrows lefton.gif
100.01.04 15:29 B C:\My Documents\!whirlygirl.com\postcards\arrows\lefton.jpg --> home.mindspring.com /whirlygirl/www/postcards/arrows lefton.jpg
100.01.04 15:29 B C:\My Documents\!whirlygirl.com\postcards\arrows\lefton.psp --> home.mindspring.com /whirlygirl/www/postcards/arrows lefton.psp
100.01.04 15:29 B C:\My Documents\!whirlygirl.com\postcards\arrows\rightoff.gif --> home.mindspring.com /whirlygirl/www/postcards/arrows rightoff.gif
100.01.04 15:29 B C:\My Documents\!whirlygirl.com\postcards\arrows\rightoff.jpg --> home.mindspring.com /whirlygirl/www/postcards/arrows rightoff.jpg
100.01.04 15:29 B C:\My Documents\!whirlygirl.com\postcards\arrows\righton.gif --> home.mindspring.com /whirlygirl/www/postcards/arrows righton.gif
100.01.04 15:29 B C:\My Documents\!whirlygirl.com\postcards\arrows\righton.jpg --> home.mindspring.com /whirlygirl/www/postcards/arrows righton.jpg
100.01.04 15:29 B C:\My Documents\!whirlygirl.com\postcards\arrows\righton.psp --> home.mindspring.com /whirlygirl/www/postcards/arrows righton.psp
100.01.04 15:29 B C:\My Documents\!whirlygirl.com\postcards\arrows\WS_FTP.LOG --> home.mindspring.com /whirlygirl/www/postcards/arrows WS_FTP.LOG
100.01.06 18:25 B C:\My Documents\!whirlygirl.com\postcards\arrows\leftoff.gif --> www.whirlygirl.com /whirlygirl2.0/postcards/arrows leftoff.gif
100.01.06 18:25 B C:\My Documents\!whirlygirl.com\postcards\arrows\leftoff.jpg --> www.whirlygirl.com /whirlygirl2.0/postcards/arrows leftoff.jpg
100.01.06 18:26 B C:\My Documents\!whirlygirl.com\postcards\arrows\lefton.gif --> www.whirlygirl.com /whirlygirl2.0/postcards/arrows lefton.gif
100.01.06 18:26 B C:\My Documents\!whirlygirl.com\postcards\arrows\lefton.jpg --> www.whirlygirl.com /whirlygirl2.0/postcards/arrows lefton.jpg
100.01.06 18:26 B C:\My Documents\!whirlygirl.com\postcards\arrows\lefton.psp --> www.whirlygirl.com /whirlygirl2.0/postcards/arrows lefton.psp
100.01.06 18:26 B C:\My Documents\!whirlygirl.com\postcards\arrows\rightoff.gif --> www.whirlygirl.com /whirlygirl2.0/postcards/arrows rightoff.gif
100.01.06 18:26 B C:\My Documents\!whirlygirl.com\postcards\arrows\rightoff.jpg --> www.whirlygirl.com /whirlygirl2.0/postcards/arrows rightoff.jpg
100.01.06 18:26 B C:\My Documents\!whirlygirl.com\postcards\arrows\righton.gif --> www.whirlygirl.com /whirlygirl2.0/postcards/arrows righton.gif
100.01.06 18:26 B C:\My Documents\!whirlygirl.com\postcards\arrows\righton.jpg --> www.whirlygirl.com /whirlygirl2.0/postcards/arrows righton.jpg
100.01.06 18:26 B C:\My Documents\!whirlygirl.com\postcards\arrows\righton.psp --> www.whirlygirl.com /whirlygirl2.0/postcards/arrows righton.psp
100.01.06 18:26 B C:\My Documents\!whirlygirl.com\postcards\arrows\WS_FTP.LOG --> www.whirlygirl.com /whirlygirl2.0/postcards/arrows WS_FTP.LOG
100.01.31 16:40 B C:\My Documents\!whirlygirl.com\postcards\arrows\leftoff.gif --> www.whirlygirl.com /postcards/arrows leftoff.gif
100.01.31 16:40 B C:\My Documents\!whirlygirl.com\postcards\arrows\leftoff.jpg --> www.whirlygirl.com /postcards/arrows leftoff.jpg
100.01.31 16:40 B C:\My Documents\!whirlygirl.com\postcards\arrows\lefton.gif --> www.whirlygirl.com /postcards/arrows lefton.gif
100.01.31 16:40 B C:\My Documents\!whirlygirl.com\postcards\arrows\lefton.jpg --> www.whirlygirl.com /postcards/arrows lefton.jpg
100.01.31 16:40 B C:\My Documents\!whirlygirl.com\postcards\arrows\lefton.psp --> www.whirlygirl.com /postcards/arrows lefton.psp
100.01.31 16:40 B C:\My Documents\!whirlygirl.com\postcards\arrows\rightoff.gif --> www.whirlygirl.com /postcards/arrows rightoff.gif
100.01.31 16:40 B C:\My Documents\!whirlygirl.com\postcards\arrows\leftoff.gif --> www.whirlygirl.com /postcards/arrows leftoff.gif
100.01.31 16:40 B C:\My Documents\!whirlygirl.com\postcards\arrows\leftoff.jpg --> www.whirlygirl.com /postcards/arrows leftoff.jpg
100.01.31 16:40 B C:\My Documents\!whirlygirl.com\postcards\arrows\lefton.gif --> www.whirlygirl.com /postcards/arrows lefton.gif
100.01.31 16:40 B C:\My Documents\!whirlygirl.com\postcards\arrows\lefton.jpg --> www.whirlygirl.com /postcards/arrows lefton.jpg
100.01.31 16:40 B C:\My Documents\!whirlygirl.com\postcards\arrows\lefton.psp --> www.whirlygirl.com /postcards/arrows lefton.psp
100.01.31 16:40 B C:\My Documents\!whirlygirl.com\postcards\arrows\rightoff.gif --> www.whirlygirl.com /postcards/arrows rightoff.gif
100.01.31 16:40 B C:\My Documents\!whirlygirl.com\postcards\arrows\rightoff.jpg --> www.whirlygirl.com /postcards/arrows rightoff.jpg
100.01.31 16:40 B C:\My Documents\!whirlygirl.com\postcards\arrows\righton.gif --> www.whirlygirl.com /postcards/arrows righton.gif
100.01.31 16:40 B C:\My Documents\!whirlygirl.com\postcards\arrows\righton.jpg --> www.whirlygirl.com /postcards/arrows righton.jpg
100.01.31 16:40 B C:\My Documents\!whirlygirl.com\postcards\arrows\righton.psp --> www.whirlygirl.com /postcards/arrows righton.psp
100.01.31 16:40 B C:\My Documents\!whirlygirl.com\postcards\arrows\WS_FTP.LOG --> www.whirlygirl.com /postcards/arrows WS_FTP.LOG
100.01.31 16:58 B C:\My Documents\!whirlygirl.com\postcards\arrows\leftoff.gif --> www.whirlygirl.com /1.0/postcards/arrows leftoff.gif
100.01.31 16:58 B C:\My Documents\!whirlygirl.com\postcards\arrows\leftoff.jpg --> www.whirlygirl.com /1.0/postcards/arrows leftoff.jpg
100.01.31 16:58 B C:\My Documents\!whirlygirl.com\postcards\arrows\lefton.gif --> www.whirlygirl.com /1.0/postcards/arrows lefton.gif
100.01.31 16:58 B C:\My Documents\!whirlygirl.com\postcards\arrows\lefton.jpg --> www.whirlygirl.com /1.0/postcards/arrows lefton.jpg
100.01.31 16:58 B C:\My Documents\!whirlygirl.com\postcards\arrows\lefton.psp --> www.whirlygirl.com /1.0/postcards/arrows lefton.psp
100.01.31 16:58 B C:\My Documents\!whirlygirl.com\postcards\arrows\rightoff.gif --> www.whirlygirl.com /1.0/postcards/arrows rightoff.gif
100.01.31 16:58 B C:\My Documents\!whirlygirl.com\postcards\arrows\rightoff.jpg --> www.whirlygirl.com /1.0/postcards/arrows rightoff.jpg
100.01.31 16:58 B C:\My Documents\!whirlygirl.com\postcards\arrows\righton.gif --> www.whirlygirl.com /1.0/postcards/arrows righton.gif
100.01.31 16:58 B C:\My Documents\!whirlygirl.com\postcards\arrows\righton.jpg --> www.whirlygirl.com /1.0/postcards/arrows righton.jpg
100.01.31 16:58 B C:\My Documents\!whirlygirl.com\postcards\arrows\righton.psp --> www.whirlygirl.com /1.0/postcards/arrows righton.psp
100.01.31 16:58 B C:\My Documents\!whirlygirl.com\postcards\arrows\WS_FTP.LOG --> www.whirlygirl.com /1.0/postcards/arrows WS_FTP.LOG
100.01.31 16:58 B C:\My Documents\!whirlygirl.com\postcards\arrows\leftoff.gif --> www.whirlygirl.com /1.0/postcards/arrows leftoff.gif
100.01.31 16:58 B C:\My Documents\!whirlygirl.com\postcards\arrows\leftoff.jpg --> www.whirlygirl.com /1.0/postcards/arrows leftoff.jpg
100.01.31 16:58 B C:\My Documents\!whirlygirl.com\postcards\arrows\lefton.gif --> www.whirlygirl.com /1.0/postcards/arrows lefton.gif
100.01.31 16:58 B C:\My Documents\!whirlygirl.com\postcards\arrows\lefton.jpg --> www.whirlygirl.com /1.0/postcards/arrows lefton.jpg
100.01.31 16:58 B C:\My Documents\!whirlygirl.com\postcards\arrows\lefton.psp --> www.whirlygirl.com /1.0/postcards/arrows lefton.psp
100.01.31 16:59 B C:\My Documents\!whirlygirl.com\postcards\arrows\rightoff.gif --> www.whirlygirl.com /1.0/postcards/arrows rightoff.gif
100.01.31 16:59 B C:\My Documents\!whirlygirl.com\postcards\arrows\rightoff.jpg --> www.whirlygirl.com /1.0/postcards/arrows rightoff.jpg
100.01.31 16:59 B C:\My Documents\!whirlygirl.com\postcards\arrows\righton.gif --> www.whirlygirl.com /1.0/postcards/arrows righton.gif
100.01.31 16:59 B C:\My Documents\!whirlygirl.com\postcards\arrows\righton.jpg --> www.whirlygirl.com /1.0/postcards/arrows righton.jpg
100.01.31 16:59 B C:\My Documents\!whirlygirl.com\postcards\arrows\righton.psp --> www.whirlygirl.com /1.0/postcards/arrows righton.psp
