99.06.10 20:03 B C:\!whirlygirl.com\lists\CDs\bodyframe.htm --> home.mindspring.com /whirlygirl/www/lists/CDs bodyframe.htm
99.06.10 20:03 B C:\!whirlygirl.com\lists\CDs\CDframe.htm --> home.mindspring.com /whirlygirl/www/lists/CDs CDframe.htm
99.06.10 20:03 B C:\!whirlygirl.com\lists\CDs\CDintro.htm --> home.mindspring.com /whirlygirl/www/lists/CDs CDintro.htm
99.06.10 22:39 B C:\!whirlygirl.com\lists\CDs\CDintro.htm --> home.mindspring.com /whirlygirl/www/lists/CDs CDintro.htm
99.06.11 20:04 B C:\!whirlygirl.com\lists\CDs\bodyframe.htm <-- WS_FTP32 /whirlygirl/www/lists/CDs bodyframe.htm
99.06.11 20:04 B C:\!whirlygirl.com\lists\CDs\CDframe.htm <-- WS_FTP32 /whirlygirl/www/lists/CDs CDframe.htm
99.06.11 20:04 B C:\!whirlygirl.com\lists\CDs\CDintro.htm <-- WS_FTP32 /whirlygirl/www/lists/CDs CDintro.htm
99.06.12 12:01 B C:\!whirlygirl.com\lists\CDs\bodyframe.htm --> home.mindspring.com /whirlygirl/www/lists/CDs bodyframe.htm
99.06.12 12:01 B C:\!whirlygirl.com\lists\CDs\CDframe.htm --> home.mindspring.com /whirlygirl/www/lists/CDs CDframe.htm
99.06.12 12:01 B C:\!whirlygirl.com\lists\CDs\CDintro.htm --> home.mindspring.com /whirlygirl/www/lists/CDs CDintro.htm
99.06.14 10:52 B C:\my documents\!whirlygirl.com\lists\CDs\WS_FTP.LOG <-- WS_FTP32 /whirlygirl/www/lists/CDs WS_FTP.LOG
99.06.14 17:40 B C:\my documents\!whirlygirl.com\lists\CDs\bodyframe.htm --> home.mindspring.com /whirlygirl/www/lists/CDs bodyframe.htm
99.06.14 17:40 B C:\my documents\!whirlygirl.com\lists\CDs\CDframe.htm --> home.mindspring.com /whirlygirl/www/lists/CDs CDframe.htm
99.06.14 17:40 B C:\my documents\!whirlygirl.com\lists\CDs\CDintro.htm --> home.mindspring.com /whirlygirl/www/lists/CDs CDintro.htm
99.06.16 15:07 B C:\My documents\!whirlygirl.com\lists\CDs\WS_FTP.LOG <-- WS_FTP32 /whirlygirl/www/lists/CDs WS_FTP.LOG
99.06.16 16:16 B C:\My Documents\!whirlygirl.com\lists\CDs\bodyframe.htm --> home.mindspring.com /whirlygirl/www/lists/CDs bodyframe.htm
99.06.16 16:16 B C:\My Documents\!whirlygirl.com\lists\CDs\CDframe.htm --> home.mindspring.com /whirlygirl/www/lists/CDs CDframe.htm
99.06.16 16:16 B C:\My Documents\!whirlygirl.com\lists\CDs\CDintro.htm --> home.mindspring.com /whirlygirl/www/lists/CDs CDintro.htm
99.07.06 23:00 B C:\!whirlygirl.com\lists\CDs\WS_FTP.LOG <-- WS_FTP32 /whirlygirl/www/lists/CDs WS_FTP.LOG
99.07.07 02:44 B C:\!whirlygirl.com\lists\CDs\bodyframe.htm --> home.mindspring.com /whirlygirl/www/lists/CDs bodyframe.htm
99.07.07 02:44 B C:\!whirlygirl.com\lists\CDs\CDframe.htm --> home.mindspring.com /whirlygirl/www/lists/CDs CDframe.htm
99.07.07 02:44 B C:\!whirlygirl.com\lists\CDs\CDintro.htm --> home.mindspring.com /whirlygirl/www/lists/CDs CDintro.htm
99.07.07 02:44 B C:\!whirlygirl.com\lists\CDs\Copy of CDframe.htm --> home.mindspring.com /whirlygirl/www/lists/CDs Copy of CDframe.htm
99.07.07 02:44 B C:\!whirlygirl.com\lists\CDs\WS_FTP.LOG --> home.mindspring.com /whirlygirl/www/lists/CDs WS_FTP.LOG
99.07.11 23:58 B C:\!whirlygirl.com\lists\CDs\bodyframe.htm --> home.mindspring.com /whirlygirl/www/lists/CDs bodyframe.htm
99.07.11 23:58 B C:\!whirlygirl.com\lists\CDs\CDframe.htm --> home.mindspring.com /whirlygirl/www/lists/CDs CDframe.htm
99.07.11 23:58 B C:\!whirlygirl.com\lists\CDs\CDintro.htm --> home.mindspring.com /whirlygirl/www/lists/CDs CDintro.htm
99.07.11 23:58 B C:\!whirlygirl.com\lists\CDs\Copy of CDframe.htm --> home.mindspring.com /whirlygirl/www/lists/CDs Copy of CDframe.htm
99.08.30 19:26 B C:\My Documents\!whirlygirl.com\lists\CDs\WS_FTP.LOG <-- WS_FTP32 /whirlygirl/www/lists/CDs WS_FTP.LOG
99.09.02 02:02 B C:\!!whirlygirl.com\lists\CDs\bodyframe.htm --> home.mindspring.com /whirlygirl/www/lists/CDs bodyframe.htm
99.09.02 02:02 B C:\!!whirlygirl.com\lists\CDs\CDframe.htm --> home.mindspring.com /whirlygirl/www/lists/CDs CDframe.htm
99.09.02 02:02 B C:\!!whirlygirl.com\lists\CDs\CDintro.htm --> home.mindspring.com /whirlygirl/www/lists/CDs CDintro.htm
99.09.02 02:02 B C:\!!whirlygirl.com\lists\CDs\Copy of CDframe.htm --> home.mindspring.com /whirlygirl/www/lists/CDs Copy of CDframe.htm
99.10.05 07:42 B C:\My Documents\!whirlygirl.com\lists\CDs\WS_FTP.LOG <-- WS_FTP32 /whirlygirl/www/lists/CDs WS_FTP.LOG
99.10.05 09:13 B C:\My Documents\!whirlygirl.com\lists\CDs\bodyframe.htm --> home.mindspring.com /whirlygirl/www/lists/CDs bodyframe.htm
99.10.05 09:13 B C:\My Documents\!whirlygirl.com\lists\CDs\CDframe.htm --> home.mindspring.com /whirlygirl/www/lists/CDs CDframe.htm
99.10.05 09:13 B C:\My Documents\!whirlygirl.com\lists\CDs\CDintro.htm --> home.mindspring.com /whirlygirl/www/lists/CDs CDintro.htm
99.10.05 09:13 B C:\My Documents\!whirlygirl.com\lists\CDs\Copy of CDframe.htm --> home.mindspring.com /whirlygirl/www/lists/CDs Copy of CDframe.htm
99.10.05 09:13 B C:\My Documents\!whirlygirl.com\lists\CDs\WS_FTP.LOG --> home.mindspring.com /whirlygirl/www/lists/CDs WS_FTP.LOG
99.10.08 12:34 B C:\My Documents\!whirlygirl.com\lists\CDs\bodyframe.htm --> home.mindspring.com /whirlygirl/www/lists/CDs bodyframe.htm
99.10.08 12:34 B C:\My Documents\!whirlygirl.com\lists\CDs\CDframe.htm --> home.mindspring.com /whirlygirl/www/lists/CDs CDframe.htm
99.10.08 12:34 B C:\My Documents\!whirlygirl.com\lists\CDs\CDintro.htm --> home.mindspring.com /whirlygirl/www/lists/CDs CDintro.htm
99.10.08 12:34 B C:\My Documents\!whirlygirl.com\lists\CDs\Copy of CDframe.htm --> home.mindspring.com /whirlygirl/www/lists/CDs Copy of CDframe.htm
99.10.08 12:35 B C:\My Documents\!whirlygirl.com\lists\CDs\WS_FTP.LOG --> home.mindspring.com /whirlygirl/www/lists/CDs WS_FTP.LOG
99.10.12 12:52 B C:\My Documents\!whirlygirl.com\lists\CDs\bodyframe.htm --> home.mindspring.com /whirlygirl/www/lists/CDs bodyframe.htm
99.10.12 12:52 B C:\My Documents\!whirlygirl.com\lists\CDs\CDframe.htm --> home.mindspring.com /whirlygirl/www/lists/CDs CDframe.htm
99.10.12 12:52 B C:\My Documents\!whirlygirl.com\lists\CDs\CDintro.htm --> home.mindspring.com /whirlygirl/www/lists/CDs CDintro.htm
100.01.04 12:57 B C:\My Documents\!whirlygirl.com\lists\CDs\WS_FTP.LOG <-- WS_FTP32 /whirlygirl/www/lists/CDs WS_FTP.LOG
100.01.04 15:29 B C:\My Documents\!whirlygirl.com\lists\CDs\bodyframe.htm --> home.mindspring.com /whirlygirl/www/lists/CDs bodyframe.htm
100.01.04 15:29 B C:\My Documents\!whirlygirl.com\lists\CDs\CDframe.htm --> home.mindspring.com /whirlygirl/www/lists/CDs CDframe.htm
100.01.04 15:29 B C:\My Documents\!whirlygirl.com\lists\CDs\CDintro.htm --> home.mindspring.com /whirlygirl/www/lists/CDs CDintro.htm
100.01.04 15:29 B C:\My Documents\!whirlygirl.com\lists\CDs\Copy of CDframe.htm --> home.mindspring.com /whirlygirl/www/lists/CDs Copy of CDframe.htm
100.01.04 15:29 B C:\My Documents\!whirlygirl.com\lists\CDs\WS_FTP.LOG --> home.mindspring.com /whirlygirl/www/lists/CDs WS_FTP.LOG
100.01.06 18:23 B C:\My Documents\!whirlygirl.com\lists\CDs\bodyframe.htm --> www.whirlygirl.com /whirlygirl2.0/lists/CDs bodyframe.htm
100.01.06 18:23 B C:\My Documents\!whirlygirl.com\lists\CDs\CDframe.htm --> www.whirlygirl.com /whirlygirl2.0/lists/CDs CDframe.htm
100.01.06 18:23 B C:\My Documents\!whirlygirl.com\lists\CDs\CDintro.htm --> www.whirlygirl.com /whirlygirl2.0/lists/CDs CDintro.htm
100.01.06 18:23 B C:\My Documents\!whirlygirl.com\lists\CDs\Copy of CDframe.htm --> www.whirlygirl.com /whirlygirl2.0/lists/CDs Copy of CDframe.htm
100.01.31 16:56 B C:\My Documents\!whirlygirl.com\lists\CDs\bodyframe.htm --> www.whirlygirl.com /1.0/lists/CDs bodyframe.htm
100.01.31 16:57 B C:\My Documents\!whirlygirl.com\lists\CDs\CDframe.htm --> www.whirlygirl.com /1.0/lists/CDs CDframe.htm
100.01.31 16:57 B C:\My Documents\!whirlygirl.com\lists\CDs\CDintro.htm --> www.whirlygirl.com /1.0/lists/CDs CDintro.htm
100.01.31 16:57 B C:\My Documents\!whirlygirl.com\lists\CDs\Copy of CDframe.htm --> www.whirlygirl.com /1.0/lists/CDs Copy of CDframe.htm
