99.10.12 12:28 B C:\My Documents\!whirlygirl.com\graphics\animations\listoff1.jpg --> home.mindspring.com /whirlygirl/www/graphics/animations listoff1.jpg
99.10.12 12:28 B C:\My Documents\!whirlygirl.com\graphics\animations\listoff2.jpg --> home.mindspring.com /whirlygirl/www/graphics/animations listoff2.jpg
99.10.12 12:28 B C:\My Documents\!whirlygirl.com\graphics\animations\listoff3.jpg --> home.mindspring.com /whirlygirl/www/graphics/animations listoff3.jpg
99.10.12 12:28 B C:\My Documents\!whirlygirl.com\graphics\animations\listoff4.jpg --> home.mindspring.com /whirlygirl/www/graphics/animations listoff4.jpg
99.10.12 12:28 B C:\My Documents\!whirlygirl.com\graphics\animations\listoff5.jpg --> home.mindspring.com /whirlygirl/www/graphics/animations listoff5.jpg
99.10.12 12:28 B C:\My Documents\!whirlygirl.com\graphics\animations\listoff6.jpg --> home.mindspring.com /whirlygirl/www/graphics/animations listoff6.jpg
99.10.12 12:28 B C:\My Documents\!whirlygirl.com\graphics\animations\listoff7.jpg --> home.mindspring.com /whirlygirl/www/graphics/animations listoff7.jpg
99.10.12 12:29 B C:\My Documents\!whirlygirl.com\graphics\animations\nostalgiaoff1.jpg --> home.mindspring.com /whirlygirl/www/graphics/animations nostalgiaoff1.jpg
99.10.12 12:29 B C:\My Documents\!whirlygirl.com\graphics\animations\nostalgiaoff2.jpg --> home.mindspring.com /whirlygirl/www/graphics/animations nostalgiaoff2.jpg
99.10.12 12:29 B C:\My Documents\!whirlygirl.com\graphics\animations\nostalgiaoff3.jpg --> home.mindspring.com /whirlygirl/www/graphics/animations nostalgiaoff3.jpg
99.10.12 12:29 B C:\My Documents\!whirlygirl.com\graphics\animations\nostalgiaoff4.jpg --> home.mindspring.com /whirlygirl/www/graphics/animations nostalgiaoff4.jpg
99.10.12 12:29 B C:\My Documents\!whirlygirl.com\graphics\animations\nostalgiaoff5.jpg --> home.mindspring.com /whirlygirl/www/graphics/animations nostalgiaoff5.jpg
99.10.12 12:29 B C:\My Documents\!whirlygirl.com\graphics\animations\nostalgiaoff6.jpg --> home.mindspring.com /whirlygirl/www/graphics/animations nostalgiaoff6.jpg
99.10.12 12:29 B C:\My Documents\!whirlygirl.com\graphics\animations\nostalgiaoff7.jpg --> home.mindspring.com /whirlygirl/www/graphics/animations nostalgiaoff7.jpg
99.10.12 12:29 B C:\My Documents\!whirlygirl.com\graphics\animations\postcardon1.jpg --> home.mindspring.com /whirlygirl/www/graphics/animations postcardon1.jpg
99.10.12 12:29 B C:\My Documents\!whirlygirl.com\graphics\animations\postcardon2.jpg --> home.mindspring.com /whirlygirl/www/graphics/animations postcardon2.jpg
99.10.12 12:29 B C:\My Documents\!whirlygirl.com\graphics\animations\postcardon3.jpg --> home.mindspring.com /whirlygirl/www/graphics/animations postcardon3.jpg
99.10.12 12:29 B C:\My Documents\!whirlygirl.com\graphics\animations\postcardon4.jpg --> home.mindspring.com /whirlygirl/www/graphics/animations postcardon4.jpg
99.10.12 12:41 B C:\My Documents\!whirlygirl.com\graphics\animations\listoff1.jpg --> home.mindspring.com /whirlygirl/www/graphics/animations listoff1.jpg
99.10.12 12:41 B C:\My Documents\!whirlygirl.com\graphics\animations\listoff2.jpg --> home.mindspring.com /whirlygirl/www/graphics/animations listoff2.jpg
99.10.12 12:41 B C:\My Documents\!whirlygirl.com\graphics\animations\listoff3.jpg --> home.mindspring.com /whirlygirl/www/graphics/animations listoff3.jpg
99.10.12 12:41 B C:\My Documents\!whirlygirl.com\graphics\animations\listoff4.jpg --> home.mindspring.com /whirlygirl/www/graphics/animations listoff4.jpg
99.10.12 12:41 B C:\My Documents\!whirlygirl.com\graphics\animations\listoff5.jpg --> home.mindspring.com /whirlygirl/www/graphics/animations listoff5.jpg
99.10.12 12:41 B C:\My Documents\!whirlygirl.com\graphics\animations\listoff6.jpg --> home.mindspring.com /whirlygirl/www/graphics/animations listoff6.jpg
99.10.12 12:41 B C:\My Documents\!whirlygirl.com\graphics\animations\listoff7.jpg --> home.mindspring.com /whirlygirl/www/graphics/animations listoff7.jpg
99.10.12 12:41 B C:\My Documents\!whirlygirl.com\graphics\animations\nostalgiaoff1.jpg --> home.mindspring.com /whirlygirl/www/graphics/animations nostalgiaoff1.jpg
99.10.12 12:41 B C:\My Documents\!whirlygirl.com\graphics\animations\nostalgiaoff2.jpg --> home.mindspring.com /whirlygirl/www/graphics/animations nostalgiaoff2.jpg
99.10.12 12:41 B C:\My Documents\!whirlygirl.com\graphics\animations\nostalgiaoff3.jpg --> home.mindspring.com /whirlygirl/www/graphics/animations nostalgiaoff3.jpg
99.10.12 12:41 B C:\My Documents\!whirlygirl.com\graphics\animations\nostalgiaoff4.jpg --> home.mindspring.com /whirlygirl/www/graphics/animations nostalgiaoff4.jpg
99.10.12 12:41 B C:\My Documents\!whirlygirl.com\graphics\animations\nostalgiaoff5.jpg --> home.mindspring.com /whirlygirl/www/graphics/animations nostalgiaoff5.jpg
99.10.12 12:41 B C:\My Documents\!whirlygirl.com\graphics\animations\nostalgiaoff6.jpg --> home.mindspring.com /whirlygirl/www/graphics/animations nostalgiaoff6.jpg
99.10.12 12:41 B C:\My Documents\!whirlygirl.com\graphics\animations\nostalgiaoff7.jpg --> home.mindspring.com /whirlygirl/www/graphics/animations nostalgiaoff7.jpg
99.10.12 12:41 B C:\My Documents\!whirlygirl.com\graphics\animations\postcardon1.jpg --> home.mindspring.com /whirlygirl/www/graphics/animations postcardon1.jpg
99.10.12 12:41 B C:\My Documents\!whirlygirl.com\graphics\animations\postcardon2.jpg --> home.mindspring.com /whirlygirl/www/graphics/animations postcardon2.jpg
99.10.12 12:41 B C:\My Documents\!whirlygirl.com\graphics\animations\postcardon3.jpg --> home.mindspring.com /whirlygirl/www/graphics/animations postcardon3.jpg
99.10.12 12:41 B C:\My Documents\!whirlygirl.com\graphics\animations\postcardon4.jpg --> home.mindspring.com /whirlygirl/www/graphics/animations postcardon4.jpg
99.10.12 12:41 B C:\My Documents\!whirlygirl.com\graphics\animations\postcardon5.jpg --> home.mindspring.com /whirlygirl/www/graphics/animations postcardon5.jpg
99.10.12 12:42 B C:\My Documents\!whirlygirl.com\graphics\animations\postcardon6.jpg --> home.mindspring.com /whirlygirl/www/graphics/animations postcardon6.jpg
99.10.12 12:42 B C:\My Documents\!whirlygirl.com\graphics\animations\postcardon7.jpg --> home.mindspring.com /whirlygirl/www/graphics/animations postcardon7.jpg
99.10.12 12:42 B C:\My Documents\!whirlygirl.com\graphics\animations\recommendsoff1.jpg --> home.mindspring.com /whirlygirl/www/graphics/animations recommendsoff1.jpg
99.10.12 12:42 B C:\My Documents\!whirlygirl.com\graphics\animations\recommendsoff2.jpg --> home.mindspring.com /whirlygirl/www/graphics/animations recommendsoff2.jpg
99.10.12 12:42 B C:\My Documents\!whirlygirl.com\graphics\animations\recommendsoff3.jpg --> home.mindspring.com /whirlygirl/www/graphics/animations recommendsoff3.jpg
99.10.12 12:42 B C:\My Documents\!whirlygirl.com\graphics\animations\recommendsoff4.jpg --> home.mindspring.com /whirlygirl/www/graphics/animations recommendsoff4.jpg
99.10.12 12:42 B C:\My Documents\!whirlygirl.com\graphics\animations\recommendsoff5.jpg --> home.mindspring.com /whirlygirl/www/graphics/animations recommendsoff5.jpg
99.10.12 12:42 B C:\My Documents\!whirlygirl.com\graphics\animations\recommendsoff6.jpg --> home.mindspring.com /whirlygirl/www/graphics/animations recommendsoff6.jpg
99.10.12 12:42 B C:\My Documents\!whirlygirl.com\graphics\animations\recommendsoff7.jpg --> home.mindspring.com /whirlygirl/www/graphics/animations recommendsoff7.jpg
99.10.12 12:42 B C:\My Documents\!whirlygirl.com\graphics\animations\titleoff1.jpg --> home.mindspring.com /whirlygirl/www/graphics/animations titleoff1.jpg
99.10.12 12:42 B C:\My Documents\!whirlygirl.com\graphics\animations\titleoff2.jpg --> home.mindspring.com /whirlygirl/www/graphics/animations titleoff2.jpg
99.10.12 12:42 B C:\My Documents\!whirlygirl.com\graphics\animations\titleoff3.jpg --> home.mindspring.com /whirlygirl/www/graphics/animations titleoff3.jpg
99.10.12 12:42 B C:\My Documents\!whirlygirl.com\graphics\animations\titleoff4.jpg --> home.mindspring.com /whirlygirl/www/graphics/animations titleoff4.jpg
99.10.12 12:42 B C:\My Documents\!whirlygirl.com\graphics\animations\titleoff5.jpg --> home.mindspring.com /whirlygirl/www/graphics/animations titleoff5.jpg
99.10.12 12:42 B C:\My Documents\!whirlygirl.com\graphics\animations\titleoff6.jpg --> home.mindspring.com /whirlygirl/www/graphics/animations titleoff6.jpg
99.10.12 12:42 B C:\My Documents\!whirlygirl.com\graphics\animations\titleoff7.jpg --> home.mindspring.com /whirlygirl/www/graphics/animations titleoff7.jpg
99.10.12 12:42 B C:\My Documents\!whirlygirl.com\graphics\animations\titleoff8.jpg --> home.mindspring.com /whirlygirl/www/graphics/animations titleoff8.jpg
99.10.12 12:42 B C:\My Documents\!whirlygirl.com\graphics\animations\WS_FTP.LOG --> home.mindspring.com /whirlygirl/www/graphics/animations WS_FTP.LOG
