100.01.06 17:32 B C:\My Documents\!whirlygirl.com\archive\990510-manifesto.htm --> www.whirlygirl.com /whirlygirl2.0/archive 990510-manifesto.htm
100.01.06 17:33 B C:\My Documents\!whirlygirl.com\archive\990512-bobstoppers.htm --> www.whirlygirl.com /whirlygirl2.0/archive 990512-bobstoppers.htm
100.01.06 17:33 B C:\My Documents\!whirlygirl.com\archive\990610-body.htm --> www.whirlygirl.com /whirlygirl2.0/archive 990610-body.htm
100.01.06 17:33 B C:\My Documents\!whirlygirl.com\archive\990610-frame.htm --> www.whirlygirl.com /whirlygirl2.0/archive 990610-frame.htm
100.01.06 17:33 B C:\My Documents\!whirlygirl.com\archive\990610-inmy.htm --> www.whirlygirl.com /whirlygirl2.0/archive 990610-inmy.htm
100.01.06 17:33 B C:\My Documents\!whirlygirl.com\archive\990610-whywhirlygirl.htm --> www.whirlygirl.com /whirlygirl2.0/archive 990610-whywhirlygirl.htm
100.01.06 17:33 B C:\My Documents\!whirlygirl.com\archive\990615-body.htm --> www.whirlygirl.com /whirlygirl2.0/archive 990615-body.htm
100.01.06 17:33 B C:\My Documents\!whirlygirl.com\archive\990615-frame.htm --> www.whirlygirl.com /whirlygirl2.0/archive 990615-frame.htm
100.01.06 17:34 B C:\My Documents\!whirlygirl.com\archive\990615-inmy.htm --> www.whirlygirl.com /whirlygirl2.0/archive 990615-inmy.htm
100.01.06 17:34 B C:\My Documents\!whirlygirl.com\archive\990615-renderings.htm --> www.whirlygirl.com /whirlygirl2.0/archive 990615-renderings.htm
100.01.06 17:34 B C:\My Documents\!whirlygirl.com\archive\990618-body.htm --> www.whirlygirl.com /whirlygirl2.0/archive 990618-body.htm
100.01.06 17:34 B C:\My Documents\!whirlygirl.com\archive\990618-frame.htm --> www.whirlygirl.com /whirlygirl2.0/archive 990618-frame.htm
100.01.06 17:34 B C:\My Documents\!whirlygirl.com\archive\990618-inmy.htm --> www.whirlygirl.com /whirlygirl2.0/archive 990618-inmy.htm
100.01.06 17:34 B C:\My Documents\!whirlygirl.com\archive\990618-soapbubblekisses.htm --> www.whirlygirl.com /whirlygirl2.0/archive 990618-soapbubblekisses.htm
100.01.06 17:34 B C:\My Documents\!whirlygirl.com\archive\990623-body.htm --> www.whirlygirl.com /whirlygirl2.0/archive 990623-body.htm
100.01.06 17:34 B C:\My Documents\!whirlygirl.com\archive\990623-cellphonenonsequiturs.htm --> www.whirlygirl.com /whirlygirl2.0/archive 990623-cellphonenonsequiturs.htm
100.01.06 17:34 B C:\My Documents\!whirlygirl.com\archive\990623-frame.htm --> www.whirlygirl.com /whirlygirl2.0/archive 990623-frame.htm
100.01.06 17:34 B C:\My Documents\!whirlygirl.com\archive\990623-inmy.htm --> www.whirlygirl.com /whirlygirl2.0/archive 990623-inmy.htm
100.01.06 17:34 B C:\My Documents\!whirlygirl.com\archive\990627-amillionmilestomonday.htm --> www.whirlygirl.com /whirlygirl2.0/archive 990627-amillionmilestomonday.htm
100.01.06 17:34 B C:\My Documents\!whirlygirl.com\archive\990627-body.htm --> www.whirlygirl.com /whirlygirl2.0/archive 990627-body.htm
100.01.06 17:34 B C:\My Documents\!whirlygirl.com\archive\990627-frame.htm --> www.whirlygirl.com /whirlygirl2.0/archive 990627-frame.htm
100.01.06 17:34 B C:\My Documents\!whirlygirl.com\archive\990627-inmy.htm --> www.whirlygirl.com /whirlygirl2.0/archive 990627-inmy.htm
100.01.06 17:34 B C:\My Documents\!whirlygirl.com\archive\990706-body.htm --> www.whirlygirl.com /whirlygirl2.0/archive 990706-body.htm
100.01.06 17:34 B C:\My Documents\!whirlygirl.com\archive\990706-frame.htm --> www.whirlygirl.com /whirlygirl2.0/archive 990706-frame.htm
100.01.06 17:35 B C:\My Documents\!whirlygirl.com\archive\990706-inmy.htm --> www.whirlygirl.com /whirlygirl2.0/archive 990706-inmy.htm
100.01.06 17:35 B C:\My Documents\!whirlygirl.com\archive\990706-thesatisfyingzoom.htm --> www.whirlygirl.com /whirlygirl2.0/archive 990706-thesatisfyingzoom.htm
100.01.06 17:35 B C:\My Documents\!whirlygirl.com\archive\990711-body.htm --> www.whirlygirl.com /whirlygirl2.0/archive 990711-body.htm
100.01.06 17:35 B C:\My Documents\!whirlygirl.com\archive\990711-frame.htm --> www.whirlygirl.com /whirlygirl2.0/archive 990711-frame.htm
100.01.06 17:35 B C:\My Documents\!whirlygirl.com\archive\990711-inmy.htm --> www.whirlygirl.com /whirlygirl2.0/archive 990711-inmy.htm
100.01.06 17:35 B C:\My Documents\!whirlygirl.com\archive\990711-tuckedawayandnearlyforgotten.htm --> www.whirlygirl.com /whirlygirl2.0/archive 990711-tuckedawayandnearlyforgotten.htm
100.01.06 17:35 B C:\My Documents\!whirlygirl.com\archive\990715-body.htm --> www.whirlygirl.com /whirlygirl2.0/archive 990715-body.htm
100.01.06 17:35 B C:\My Documents\!whirlygirl.com\archive\990715-frame.htm --> www.whirlygirl.com /whirlygirl2.0/archive 990715-frame.htm
100.01.06 17:35 B C:\My Documents\!whirlygirl.com\archive\990715-inmy.htm --> www.whirlygirl.com /whirlygirl2.0/archive 990715-inmy.htm
100.01.06 17:35 B C:\My Documents\!whirlygirl.com\archive\990715-theresafeelingigetwhenilooktothewest.htm --> www.whirlygirl.com /whirlygirl2.0/archive 990715-theresafeelingigetwhenilooktothewest.htm
100.01.06 17:35 B C:\My Documents\!whirlygirl.com\archive\990719-body.htm --> www.whirlygirl.com /whirlygirl2.0/archive 990719-body.htm
100.01.06 17:35 B C:\My Documents\!whirlygirl.com\archive\990719-frame.htm --> www.whirlygirl.com /whirlygirl2.0/archive 990719-frame.htm
100.01.06 17:35 B C:\My Documents\!whirlygirl.com\archive\990719-germanphilosophers.htm --> www.whirlygirl.com /whirlygirl2.0/archive 990719-germanphilosophers.htm
100.01.06 17:35 B C:\My Documents\!whirlygirl.com\archive\990719-inmy.htm --> www.whirlygirl.com /whirlygirl2.0/archive 990719-inmy.htm
100.01.06 17:35 B C:\My Documents\!whirlygirl.com\archive\990727-body.htm --> www.whirlygirl.com /whirlygirl2.0/archive 990727-body.htm
100.01.06 17:35 B C:\My Documents\!whirlygirl.com\archive\990727-frame.htm --> www.whirlygirl.com /whirlygirl2.0/archive 990727-frame.htm
100.01.06 17:35 B C:\My Documents\!whirlygirl.com\archive\990727-holdingoutforneptune.htm --> www.whirlygirl.com /whirlygirl2.0/archive 990727-holdingoutforneptune.htm
100.01.06 17:35 B C:\My Documents\!whirlygirl.com\archive\990727-inmy.htm --> www.whirlygirl.com /whirlygirl2.0/archive 990727-inmy.htm
100.01.06 17:36 B C:\My Documents\!whirlygirl.com\archive\990730-body.htm --> www.whirlygirl.com /whirlygirl2.0/archive 990730-body.htm
100.01.06 17:36 B C:\My Documents\!whirlygirl.com\archive\990730-fluorescentlighting.htm --> www.whirlygirl.com /whirlygirl2.0/archive 990730-fluorescentlighting.htm
100.01.06 17:36 B C:\My Documents\!whirlygirl.com\archive\990730-frame.htm --> www.whirlygirl.com /whirlygirl2.0/archive 990730-frame.htm
100.01.06 17:36 B C:\My Documents\!whirlygirl.com\archive\990730-inmy.htm --> www.whirlygirl.com /whirlygirl2.0/archive 990730-inmy.htm
100.01.06 17:36 B C:\My Documents\!whirlygirl.com\archive\990803-body.htm --> www.whirlygirl.com /whirlygirl2.0/archive 990803-body.htm
100.01.06 17:36 B C:\My Documents\!whirlygirl.com\archive\990803-frame.htm --> www.whirlygirl.com /whirlygirl2.0/archive 990803-frame.htm
100.01.06 17:36 B C:\My Documents\!whirlygirl.com\archive\990803-inmy.htm --> www.whirlygirl.com /whirlygirl2.0/archive 990803-inmy.htm
100.01.06 17:36 B C:\My Documents\!whirlygirl.com\archive\990803-inyourownbackyard.htm --> www.whirlygirl.com /whirlygirl2.0/archive 990803-inyourownbackyard.htm
100.01.06 17:36 B C:\My Documents\!whirlygirl.com\archive\990808-allthingssunday.htm --> www.whirlygirl.com /whirlygirl2.0/archive 990808-allthingssunday.htm
100.01.06 17:36 B C:\My Documents\!whirlygirl.com\archive\990808-body.htm --> www.whirlygirl.com /whirlygirl2.0/archive 990808-body.htm
100.01.06 17:36 B C:\My Documents\!whirlygirl.com\archive\990808-frame.htm --> www.whirlygirl.com /whirlygirl2.0/archive 990808-frame.htm
100.01.06 17:36 B C:\My Documents\!whirlygirl.com\archive\990808-inmy.htm --> www.whirlygirl.com /whirlygirl2.0/archive 990808-inmy.htm
100.01.06 17:36 B C:\My Documents\!whirlygirl.com\archive\990815-body.htm --> www.whirlygirl.com /whirlygirl2.0/archive 990815-body.htm
100.01.06 17:37 B C:\My Documents\!whirlygirl.com\archive\990815-featheryandsmiley.htm --> www.whirlygirl.com /whirlygirl2.0/archive 990815-featheryandsmiley.htm
100.01.06 17:37 B C:\My Documents\!whirlygirl.com\archive\990815-frame.htm --> www.whirlygirl.com /whirlygirl2.0/archive 990815-frame.htm
100.01.06 17:37 B C:\My Documents\!whirlygirl.com\archive\990815-inmy.htm --> www.whirlygirl.com /whirlygirl2.0/archive 990815-inmy.htm
100.01.06 17:37 B C:\My Documents\!whirlygirl.com\archive\990820-body.htm --> www.whirlygirl.com /whirlygirl2.0/archive 990820-body.htm
100.01.06 17:37 B C:\My Documents\!whirlygirl.com\archive\990820-frame.htm --> www.whirlygirl.com /whirlygirl2.0/archive 990820-frame.htm
100.01.06 17:37 B C:\My Documents\!whirlygirl.com\archive\990820-home.htm --> www.whirlygirl.com /whirlygirl2.0/archive 990820-home.htm
100.01.06 17:37 B C:\My Documents\!whirlygirl.com\archive\990820-inmy.htm --> www.whirlygirl.com /whirlygirl2.0/archive 990820-inmy.htm
100.01.06 17:37 B C:\My Documents\!whirlygirl.com\archive\990901-body.htm --> www.whirlygirl.com /whirlygirl2.0/archive 990901-body.htm
100.01.06 17:37 B C:\My Documents\!whirlygirl.com\archive\990901-frame.htm --> www.whirlygirl.com /whirlygirl2.0/archive 990901-frame.htm
100.01.06 17:37 B C:\My Documents\!whirlygirl.com\archive\990901-inmy.htm --> www.whirlygirl.com /whirlygirl2.0/archive 990901-inmy.htm
100.01.06 17:37 B C:\My Documents\!whirlygirl.com\archive\990901-thingsthatmoveme.htm --> www.whirlygirl.com /whirlygirl2.0/archive 990901-thingsthatmoveme.htm
100.01.06 17:37 B C:\My Documents\!whirlygirl.com\archive\990906-body.htm --> www.whirlygirl.com /whirlygirl2.0/archive 990906-body.htm
100.01.06 17:37 B C:\My Documents\!whirlygirl.com\archive\990906-frame.htm --> www.whirlygirl.com /whirlygirl2.0/archive 990906-frame.htm
100.01.06 17:37 B C:\My Documents\!whirlygirl.com\archive\990906-inmy.htm --> www.whirlygirl.com /whirlygirl2.0/archive 990906-inmy.htm
100.01.06 17:37 B C:\My Documents\!whirlygirl.com\archive\990906-thecube.htm --> www.whirlygirl.com /whirlygirl2.0/archive 990906-thecube.htm
100.01.06 17:37 B C:\My Documents\!whirlygirl.com\archive\990913-body.htm --> www.whirlygirl.com /whirlygirl2.0/archive 990913-body.htm
100.01.06 17:38 B C:\My Documents\!whirlygirl.com\archive\990913-frame.htm --> www.whirlygirl.com /whirlygirl2.0/archive 990913-frame.htm
100.01.06 17:38 B C:\My Documents\!whirlygirl.com\archive\990913-inmy.htm --> www.whirlygirl.com /whirlygirl2.0/archive 990913-inmy.htm
100.01.06 17:38 B C:\My Documents\!whirlygirl.com\archive\990913-walls.htm --> www.whirlygirl.com /whirlygirl2.0/archive 990913-walls.htm
100.01.06 17:38 B C:\My Documents\!whirlygirl.com\archive\990915-body.htm --> www.whirlygirl.com /whirlygirl2.0/archive 990915-body.htm
100.01.06 17:38 B C:\My Documents\!whirlygirl.com\archive\990915-frame.htm --> www.whirlygirl.com /whirlygirl2.0/archive 990915-frame.htm
100.01.06 17:38 B C:\My Documents\!whirlygirl.com\archive\990915-inmy.htm --> www.whirlygirl.com /whirlygirl2.0/archive 990915-inmy.htm
100.01.06 17:38 B C:\My Documents\!whirlygirl.com\archive\990915-thedjwishesforhisfrenchkisses.htm --> www.whirlygirl.com /whirlygirl2.0/archive 990915-thedjwishesforhisfrenchkisses.htm
100.01.06 17:38 B C:\My Documents\!whirlygirl.com\archive\990920-body.htm --> www.whirlygirl.com /whirlygirl2.0/archive 990920-body.htm
100.01.06 17:38 B C:\My Documents\!whirlygirl.com\archive\990920-frame.htm --> www.whirlygirl.com /whirlygirl2.0/archive 990920-frame.htm
100.01.06 17:38 B C:\My Documents\!whirlygirl.com\archive\990920-inmy.htm --> www.whirlygirl.com /whirlygirl2.0/archive 990920-inmy.htm
100.01.06 17:38 B C:\My Documents\!whirlygirl.com\archive\990920-papercuts.htm --> www.whirlygirl.com /whirlygirl2.0/archive 990920-papercuts.htm
100.01.06 17:38 B C:\My Documents\!whirlygirl.com\archive\990926-body.htm --> www.whirlygirl.com /whirlygirl2.0/archive 990926-body.htm
100.01.06 17:38 B C:\My Documents\!whirlygirl.com\archive\990926-frame.htm --> www.whirlygirl.com /whirlygirl2.0/archive 990926-frame.htm
100.01.06 17:38 B C:\My Documents\!whirlygirl.com\archive\990926-ikeainunderthirtyminutes.htm --> www.whirlygirl.com /whirlygirl2.0/archive 990926-ikeainunderthirtyminutes.htm
100.01.06 17:38 B C:\My Documents\!whirlygirl.com\archive\990926-inmy.htm --> www.whirlygirl.com /whirlygirl2.0/archive 990926-inmy.htm
100.01.06 17:38 B C:\My Documents\!whirlygirl.com\archive\990929-body.htm --> www.whirlygirl.com /whirlygirl2.0/archive 990929-body.htm
100.01.06 17:38 B C:\My Documents\!whirlygirl.com\archive\990929-frame.htm --> www.whirlygirl.com /whirlygirl2.0/archive 990929-frame.htm
100.01.06 17:38 B C:\My Documents\!whirlygirl.com\archive\990929-inmy.htm --> www.whirlygirl.com /whirlygirl2.0/archive 990929-inmy.htm
100.01.06 17:38 B C:\My Documents\!whirlygirl.com\archive\990929-toostructuredcompletelyclosedoff.htm --> www.whirlygirl.com /whirlygirl2.0/archive 990929-toostructuredcompletelyclosedoff.htm
100.01.06 17:38 B C:\My Documents\!whirlygirl.com\archive\991005-body.htm --> www.whirlygirl.com /whirlygirl2.0/archive 991005-body.htm
100.01.06 17:38 B C:\My Documents\!whirlygirl.com\archive\991005-frame.htm --> www.whirlygirl.com /whirlygirl2.0/archive 991005-frame.htm
100.01.06 17:38 B C:\My Documents\!whirlygirl.com\archive\991005-inmy.htm --> www.whirlygirl.com /whirlygirl2.0/archive 991005-inmy.htm
100.01.06 17:38 B C:\My Documents\!whirlygirl.com\archive\991005-procrastinatorsdream.htm --> www.whirlygirl.com /whirlygirl2.0/archive 991005-procrastinatorsdream.htm
100.01.06 17:38 B C:\My Documents\!whirlygirl.com\archive\991008-body.htm --> www.whirlygirl.com /whirlygirl2.0/archive 991008-body.htm
100.01.06 17:38 B C:\My Documents\!whirlygirl.com\archive\991008-frame.htm --> www.whirlygirl.com /whirlygirl2.0/archive 991008-frame.htm
100.01.06 17:38 B C:\My Documents\!whirlygirl.com\archive\991008-inmy.htm --> www.whirlygirl.com /whirlygirl2.0/archive 991008-inmy.htm
100.01.06 17:38 B C:\My Documents\!whirlygirl.com\archive\991008-popgoestheculture.htm --> www.whirlygirl.com /whirlygirl2.0/archive 991008-popgoestheculture.htm
100.01.06 17:38 B C:\My Documents\!whirlygirl.com\archive\991014-body.htm --> www.whirlygirl.com /whirlygirl2.0/archive 991014-body.htm
100.01.06 17:38 B C:\My Documents\!whirlygirl.com\archive\991014-deletia.htm --> www.whirlygirl.com /whirlygirl2.0/archive 991014-deletia.htm
100.01.06 17:38 B C:\My Documents\!whirlygirl.com\archive\991014-frame.htm --> www.whirlygirl.com /whirlygirl2.0/archive 991014-frame.htm
100.01.06 17:38 B C:\My Documents\!whirlygirl.com\archive\991014-inmy.htm --> www.whirlygirl.com /whirlygirl2.0/archive 991014-inmy.htm
100.01.06 17:38 B C:\My Documents\!whirlygirl.com\archive\991101-body.htm --> www.whirlygirl.com /whirlygirl2.0/archive 991101-body.htm
100.01.06 17:38 B C:\My Documents\!whirlygirl.com\archive\991101-frame.htm --> www.whirlygirl.com /whirlygirl2.0/archive 991101-frame.htm
100.01.06 17:38 B C:\My Documents\!whirlygirl.com\archive\991101-inmy.htm --> www.whirlygirl.com /whirlygirl2.0/archive 991101-inmy.htm
100.01.06 17:38 B C:\My Documents\!whirlygirl.com\archive\991101-somethingold.htm --> www.whirlygirl.com /whirlygirl2.0/archive 991101-somethingold.htm
100.01.06 17:38 B C:\My Documents\!whirlygirl.com\archive\991108-body.htm --> www.whirlygirl.com /whirlygirl2.0/archive 991108-body.htm
100.01.06 17:38 B C:\My Documents\!whirlygirl.com\archive\991108-frame.htm --> www.whirlygirl.com /whirlygirl2.0/archive 991108-frame.htm
100.01.06 17:38 B C:\My Documents\!whirlygirl.com\archive\991108-inmy.htm --> www.whirlygirl.com /whirlygirl2.0/archive 991108-inmy.htm
100.01.06 17:38 B C:\My Documents\!whirlygirl.com\archive\991108-ultimatemonday.htm --> www.whirlygirl.com /whirlygirl2.0/archive 991108-ultimatemonday.htm
100.01.06 17:38 B C:\My Documents\!whirlygirl.com\archive\991112-body.htm --> www.whirlygirl.com /whirlygirl2.0/archive 991112-body.htm
100.01.06 17:38 B C:\My Documents\!whirlygirl.com\archive\991112-dearestwishcometrue.htm --> www.whirlygirl.com /whirlygirl2.0/archive 991112-dearestwishcometrue.htm
100.01.06 17:38 B C:\My Documents\!whirlygirl.com\archive\991112-frame.htm --> www.whirlygirl.com /whirlygirl2.0/archive 991112-frame.htm
100.01.06 17:38 B C:\My Documents\!whirlygirl.com\archive\991112-inmy.htm --> www.whirlygirl.com /whirlygirl2.0/archive 991112-inmy.htm
100.01.06 17:38 B C:\My Documents\!whirlygirl.com\archive\991116-body.htm --> www.whirlygirl.com /whirlygirl2.0/archive 991116-body.htm
100.01.06 17:38 B C:\My Documents\!whirlygirl.com\archive\991116-frame.htm --> www.whirlygirl.com /whirlygirl2.0/archive 991116-frame.htm
100.01.06 17:39 B C:\My Documents\!whirlygirl.com\archive\991116-inmy.htm --> www.whirlygirl.com /whirlygirl2.0/archive 991116-inmy.htm
100.01.06 17:39 B C:\My Documents\!whirlygirl.com\archive\991116-nightterrors.htm --> www.whirlygirl.com /whirlygirl2.0/archive 991116-nightterrors.htm
100.01.06 17:39 B C:\My Documents\!whirlygirl.com\archive\991119-body.htm --> www.whirlygirl.com /whirlygirl2.0/archive 991119-body.htm
100.01.06 17:39 B C:\My Documents\!whirlygirl.com\archive\991119-frame.htm --> www.whirlygirl.com /whirlygirl2.0/archive 991119-frame.htm
100.01.06 17:39 B C:\My Documents\!whirlygirl.com\archive\991119-HAL.htm --> www.whirlygirl.com /whirlygirl2.0/archive 991119-HAL.htm
100.01.06 17:39 B C:\My Documents\!whirlygirl.com\archive\991119-inmy.htm --> www.whirlygirl.com /whirlygirl2.0/archive 991119-inmy.htm
100.01.06 17:39 B C:\My Documents\!whirlygirl.com\archive\991123-body.htm --> www.whirlygirl.com /whirlygirl2.0/archive 991123-body.htm
100.01.06 17:39 B C:\My Documents\!whirlygirl.com\archive\991123-frame.htm --> www.whirlygirl.com /whirlygirl2.0/archive 991123-frame.htm
100.01.06 17:39 B C:\My Documents\!whirlygirl.com\archive\991123-inmy.htm --> www.whirlygirl.com /whirlygirl2.0/archive 991123-inmy.htm
100.01.06 17:39 B C:\My Documents\!whirlygirl.com\archive\991123-rechargingthebatteries.htm --> www.whirlygirl.com /whirlygirl2.0/archive 991123-rechargingthebatteries.htm
100.01.06 17:39 B C:\My Documents\!whirlygirl.com\archive\991203-body.htm --> www.whirlygirl.com /whirlygirl2.0/archive 991203-body.htm
100.01.06 17:39 B C:\My Documents\!whirlygirl.com\archive\991203-frame.htm --> www.whirlygirl.com /whirlygirl2.0/archive 991203-frame.htm
100.01.06 17:39 B C:\My Documents\!whirlygirl.com\archive\991203-inmy.htm --> www.whirlygirl.com /whirlygirl2.0/archive 991203-inmy.htm
100.01.06 17:39 B C:\My Documents\!whirlygirl.com\archive\991203-staticelectricity.htm --> www.whirlygirl.com /whirlygirl2.0/archive 991203-staticelectricity.htm
100.01.06 17:40 B C:\My Documents\!whirlygirl.com\archive\991206-body.htm --> www.whirlygirl.com /whirlygirl2.0/archive 991206-body.htm
100.01.06 17:40 B C:\My Documents\!whirlygirl.com\archive\991206-frame.htm --> www.whirlygirl.com /whirlygirl2.0/archive 991206-frame.htm
100.01.06 17:40 B C:\My Documents\!whirlygirl.com\archive\991206-inmy.htm --> www.whirlygirl.com /whirlygirl2.0/archive 991206-inmy.htm
100.01.06 17:40 B C:\My Documents\!whirlygirl.com\archive\991206-timecapsules.htm --> www.whirlygirl.com /whirlygirl2.0/archive 991206-timecapsules.htm
100.01.06 17:40 B C:\My Documents\!whirlygirl.com\archive\991210-body.htm --> www.whirlygirl.com /whirlygirl2.0/archive 991210-body.htm
100.01.06 17:40 B C:\My Documents\!whirlygirl.com\archive\991210-frame.htm --> www.whirlygirl.com /whirlygirl2.0/archive 991210-frame.htm
100.01.06 17:40 B C:\My Documents\!whirlygirl.com\archive\991210-inmy.htm --> www.whirlygirl.com /whirlygirl2.0/archive 991210-inmy.htm
100.01.06 17:40 B C:\My Documents\!whirlygirl.com\archive\991210-morningfog.htm --> www.whirlygirl.com /whirlygirl2.0/archive 991210-morningfog.htm
100.01.06 17:40 B C:\My Documents\!whirlygirl.com\archive\991219-body.htm --> www.whirlygirl.com /whirlygirl2.0/archive 991219-body.htm
100.01.06 17:40 B C:\My Documents\!whirlygirl.com\archive\991219-frame.htm --> www.whirlygirl.com /whirlygirl2.0/archive 991219-frame.htm
100.01.06 17:41 B C:\My Documents\!whirlygirl.com\archive\991219-inmy.htm --> www.whirlygirl.com /whirlygirl2.0/archive 991219-inmy.htm
100.01.06 17:41 B C:\My Documents\!whirlygirl.com\archive\991219-packaging.htm --> www.whirlygirl.com /whirlygirl2.0/archive 991219-packaging.htm
100.01.06 17:41 B C:\My Documents\!whirlygirl.com\archive\991231-body.htm --> www.whirlygirl.com /whirlygirl2.0/archive 991231-body.htm
100.01.06 17:41 B C:\My Documents\!whirlygirl.com\archive\991231-frame.htm --> www.whirlygirl.com /whirlygirl2.0/archive 991231-frame.htm
100.01.06 17:41 B C:\My Documents\!whirlygirl.com\archive\991231-inmy.htm --> www.whirlygirl.com /whirlygirl2.0/archive 991231-inmy.htm
100.01.06 17:41 B C:\My Documents\!whirlygirl.com\archive\991231-reinventingthewheel.htm --> www.whirlygirl.com /whirlygirl2.0/archive 991231-reinventingthewheel.htm
100.01.06 17:41 B C:\My Documents\!whirlygirl.com\archive\index.htm --> www.whirlygirl.com /whirlygirl2.0/archive index.htm
100.01.11 16:26 B C:\My Documents\!whirlygirl.com\archive\000104-body.htm --> www.whirlygirl.com /archive 000104-body.htm
100.01.11 16:26 B C:\My Documents\!whirlygirl.com\archive\000104-callingallwords.htm --> www.whirlygirl.com /archive 000104-callingallwords.htm
100.01.11 16:26 B C:\My Documents\!whirlygirl.com\archive\000104-frame.htm --> www.whirlygirl.com /archive 000104-frame.htm
100.01.11 16:26 B C:\My Documents\!whirlygirl.com\archive\000104-inmy.htm --> www.whirlygirl.com /archive 000104-inmy.htm
100.01.11 16:26 B C:\My Documents\!whirlygirl.com\archive\index.htm --> www.whirlygirl.com /archive index.htm
100.01.18 11:35 B C:\My Documents\!whirlygirl.com\archive\000104-body.htm <-- HostSave /archive 000104-body.htm
100.01.18 11:35 B C:\My Documents\!whirlygirl.com\archive\000104-callingallwords.htm <-- HostSave /archive 000104-callingallwords.htm
100.01.18 11:35 B C:\My Documents\!whirlygirl.com\archive\000104-frame.htm <-- HostSave /archive 000104-frame.htm
100.01.18 11:35 B C:\My Documents\!whirlygirl.com\archive\000104-inmy.htm <-- HostSave /archive 000104-inmy.htm
100.01.18 11:35 B C:\My Documents\!whirlygirl.com\archive\000111-body.htm <-- HostSave /archive 000111-body.htm
100.01.18 11:35 B C:\My Documents\!whirlygirl.com\archive\000111-despair.htm <-- HostSave /archive 000111-despair.htm
100.01.18 11:35 B C:\My Documents\!whirlygirl.com\archive\000111-frame.htm <-- HostSave /archive 000111-frame.htm
100.01.18 11:35 B C:\My Documents\!whirlygirl.com\archive\000111-inmy.htm <-- HostSave /archive 000111-inmy.htm
100.01.18 11:35 B C:\My Documents\!whirlygirl.com\archive\index.htm <-- HostSave /archive index.htm
100.01.20 17:25 B C:\My Documents\!whirlygirl.com\archive\index.htm --> www.whirlygirl.com /archive index.htm
100.01.20 17:25 B C:\My Documents\!whirlygirl.com\archive\991203-inmy.htm --> www.whirlygirl.com /archive 991203-inmy.htm
100.01.20 17:25 B C:\My Documents\!whirlygirl.com\archive\000116-inmy.htm --> www.whirlygirl.com /archive 000116-inmy.htm
100.01.20 17:25 B C:\My Documents\!whirlygirl.com\archive\000116-fiveminutesinhell.htm --> www.whirlygirl.com /archive 000116-fiveminutesinhell.htm
100.01.20 17:25 B C:\My Documents\!whirlygirl.com\archive\000116-frame.htm --> www.whirlygirl.com /archive 000116-frame.htm
100.01.20 17:25 B C:\My Documents\!whirlygirl.com\archive\000116-body.htm --> www.whirlygirl.com /archive 000116-body.htm
100.01.25 12:14 B C:\My Documents\!whirlygirl.com\archive\index.htm --> www.whirlygirl.com /archive index.htm
100.01.25 12:15 B C:\My Documents\!whirlygirl.com\archive\index.htm --> www.whirlygirl.com /archive index.htm
100.01.25 12:15 B C:\My Documents\!whirlygirl.com\archive\000116-inmy.htm --> www.whirlygirl.com /archive 000116-inmy.htm
100.01.25 12:15 B C:\My Documents\!whirlygirl.com\archive\000120-fearlessness.htm --> www.whirlygirl.com /archive 000120-fearlessness.htm
100.01.25 12:15 B C:\My Documents\!whirlygirl.com\archive\000120-inmy.htm --> www.whirlygirl.com /archive 000120-inmy.htm
100.01.25 12:15 B C:\My Documents\!whirlygirl.com\archive\000120-frame.htm --> www.whirlygirl.com /archive 000120-frame.htm
100.01.25 12:15 B C:\My Documents\!whirlygirl.com\archive\000120-body.htm --> www.whirlygirl.com /archive 000120-body.htm
100.01.31 16:49 B C:\My Documents\!whirlygirl.com\archive\000104-body.htm --> www.whirlygirl.com /1.0/archive 000104-body.htm
100.01.31 16:49 B C:\My Documents\!whirlygirl.com\archive\000104-callingallwords.htm --> www.whirlygirl.com /1.0/archive 000104-callingallwords.htm
100.01.31 16:49 B C:\My Documents\!whirlygirl.com\archive\000104-frame.htm --> www.whirlygirl.com /1.0/archive 000104-frame.htm
100.01.31 16:49 B C:\My Documents\!whirlygirl.com\archive\000104-inmy.htm --> www.whirlygirl.com /1.0/archive 000104-inmy.htm
100.01.31 16:49 B C:\My Documents\!whirlygirl.com\archive\000111-body.htm --> www.whirlygirl.com /1.0/archive 000111-body.htm
100.01.31 16:49 B C:\My Documents\!whirlygirl.com\archive\000111-despair.htm --> www.whirlygirl.com /1.0/archive 000111-despair.htm
100.01.31 16:49 B C:\My Documents\!whirlygirl.com\archive\000111-frame.htm --> www.whirlygirl.com /1.0/archive 000111-frame.htm
100.01.31 16:49 B C:\My Documents\!whirlygirl.com\archive\000111-inmy.htm --> www.whirlygirl.com /1.0/archive 000111-inmy.htm
100.01.31 16:49 B C:\My Documents\!whirlygirl.com\archive\000116-body.htm --> www.whirlygirl.com /1.0/archive 000116-body.htm
100.01.31 16:49 B C:\My Documents\!whirlygirl.com\archive\000116-fiveminutesinhell.htm --> www.whirlygirl.com /1.0/archive 000116-fiveminutesinhell.htm
100.01.31 16:49 B C:\My Documents\!whirlygirl.com\archive\000116-frame.htm --> www.whirlygirl.com /1.0/archive 000116-frame.htm
100.01.31 16:50 B C:\My Documents\!whirlygirl.com\archive\000116-inmy.htm --> www.whirlygirl.com /1.0/archive 000116-inmy.htm
100.01.31 16:50 B C:\My Documents\!whirlygirl.com\archive\000120-body.htm --> www.whirlygirl.com /1.0/archive 000120-body.htm
100.01.31 16:50 B C:\My Documents\!whirlygirl.com\archive\000120-fearlessness.htm --> www.whirlygirl.com /1.0/archive 000120-fearlessness.htm
100.01.31 16:50 B C:\My Documents\!whirlygirl.com\archive\000120-frame.htm --> www.whirlygirl.com /1.0/archive 000120-frame.htm
100.01.31 16:50 B C:\My Documents\!whirlygirl.com\archive\000120-inmy.htm --> www.whirlygirl.com /1.0/archive 000120-inmy.htm
100.01.31 16:50 B C:\My Documents\!whirlygirl.com\archive\990510-manifesto.htm --> www.whirlygirl.com /1.0/archive 990510-manifesto.htm
100.01.31 16:50 B C:\My Documents\!whirlygirl.com\archive\990512-bobstoppers.htm --> www.whirlygirl.com /1.0/archive 990512-bobstoppers.htm
100.01.31 16:50 B C:\My Documents\!whirlygirl.com\archive\990610-body.htm --> www.whirlygirl.com /1.0/archive 990610-body.htm
100.01.31 16:50 B C:\My Documents\!whirlygirl.com\archive\990610-frame.htm --> www.whirlygirl.com /1.0/archive 990610-frame.htm
100.01.31 16:50 B C:\My Documents\!whirlygirl.com\archive\990610-inmy.htm --> www.whirlygirl.com /1.0/archive 990610-inmy.htm
100.01.31 16:50 B C:\My Documents\!whirlygirl.com\archive\990610-whywhirlygirl.htm --> www.whirlygirl.com /1.0/archive 990610-whywhirlygirl.htm
100.01.31 16:50 B C:\My Documents\!whirlygirl.com\archive\990615-body.htm --> www.whirlygirl.com /1.0/archive 990615-body.htm
100.01.31 16:50 B C:\My Documents\!whirlygirl.com\archive\990615-frame.htm --> www.whirlygirl.com /1.0/archive 990615-frame.htm
100.01.31 16:50 B C:\My Documents\!whirlygirl.com\archive\990615-inmy.htm --> www.whirlygirl.com /1.0/archive 990615-inmy.htm
100.01.31 16:50 B C:\My Documents\!whirlygirl.com\archive\990615-renderings.htm --> www.whirlygirl.com /1.0/archive 990615-renderings.htm
100.01.31 16:50 B C:\My Documents\!whirlygirl.com\archive\990618-body.htm --> www.whirlygirl.com /1.0/archive 990618-body.htm
100.01.31 16:50 B C:\My Documents\!whirlygirl.com\archive\990618-frame.htm --> www.whirlygirl.com /1.0/archive 990618-frame.htm
100.01.31 16:50 B C:\My Documents\!whirlygirl.com\archive\990618-inmy.htm --> www.whirlygirl.com /1.0/archive 990618-inmy.htm
100.01.31 16:50 B C:\My Documents\!whirlygirl.com\archive\990618-soapbubblekisses.htm --> www.whirlygirl.com /1.0/archive 990618-soapbubblekisses.htm
100.01.31 16:50 B C:\My Documents\!whirlygirl.com\archive\990623-body.htm --> www.whirlygirl.com /1.0/archive 990623-body.htm
100.01.31 16:50 B C:\My Documents\!whirlygirl.com\archive\990623-cellphonenonsequiturs.htm --> www.whirlygirl.com /1.0/archive 990623-cellphonenonsequiturs.htm
100.01.31 16:50 B C:\My Documents\!whirlygirl.com\archive\990623-frame.htm --> www.whirlygirl.com /1.0/archive 990623-frame.htm
100.01.31 16:50 B C:\My Documents\!whirlygirl.com\archive\990623-inmy.htm --> www.whirlygirl.com /1.0/archive 990623-inmy.htm
100.01.31 16:50 B C:\My Documents\!whirlygirl.com\archive\990627-amillionmilestomonday.htm --> www.whirlygirl.com /1.0/archive 990627-amillionmilestomonday.htm
100.01.31 16:50 B C:\My Documents\!whirlygirl.com\archive\990627-body.htm --> www.whirlygirl.com /1.0/archive 990627-body.htm
100.01.31 16:50 B C:\My Documents\!whirlygirl.com\archive\990627-frame.htm --> www.whirlygirl.com /1.0/archive 990627-frame.htm
100.01.31 16:50 B C:\My Documents\!whirlygirl.com\archive\990627-inmy.htm --> www.whirlygirl.com /1.0/archive 990627-inmy.htm
100.01.31 16:50 B C:\My Documents\!whirlygirl.com\archive\990706-body.htm --> www.whirlygirl.com /1.0/archive 990706-body.htm
100.01.31 16:50 B C:\My Documents\!whirlygirl.com\archive\990706-frame.htm --> www.whirlygirl.com /1.0/archive 990706-frame.htm
100.01.31 16:50 B C:\My Documents\!whirlygirl.com\archive\990706-inmy.htm --> www.whirlygirl.com /1.0/archive 990706-inmy.htm
100.01.31 16:50 B C:\My Documents\!whirlygirl.com\archive\990706-thesatisfyingzoom.htm --> www.whirlygirl.com /1.0/archive 990706-thesatisfyingzoom.htm
100.01.31 16:50 B C:\My Documents\!whirlygirl.com\archive\990711-body.htm --> www.whirlygirl.com /1.0/archive 990711-body.htm
100.01.31 16:50 B C:\My Documents\!whirlygirl.com\archive\990711-frame.htm --> www.whirlygirl.com /1.0/archive 990711-frame.htm
100.01.31 16:50 B C:\My Documents\!whirlygirl.com\archive\990711-inmy.htm --> www.whirlygirl.com /1.0/archive 990711-inmy.htm
100.01.31 16:50 B C:\My Documents\!whirlygirl.com\archive\990711-tuckedawayandnearlyforgotten.htm --> www.whirlygirl.com /1.0/archive 990711-tuckedawayandnearlyforgotten.htm
100.01.31 16:50 B C:\My Documents\!whirlygirl.com\archive\990715-body.htm --> www.whirlygirl.com /1.0/archive 990715-body.htm
100.01.31 16:50 B C:\My Documents\!whirlygirl.com\archive\990715-frame.htm --> www.whirlygirl.com /1.0/archive 990715-frame.htm
100.01.31 16:50 B C:\My Documents\!whirlygirl.com\archive\990715-inmy.htm --> www.whirlygirl.com /1.0/archive 990715-inmy.htm
100.01.31 16:50 B C:\My Documents\!whirlygirl.com\archive\990715-theresafeelingigetwhenilooktothewest.htm --> www.whirlygirl.com /1.0/archive 990715-theresafeelingigetwhenilooktothewest.htm
100.01.31 16:50 B C:\My Documents\!whirlygirl.com\archive\990719-body.htm --> www.whirlygirl.com /1.0/archive 990719-body.htm
100.01.31 16:50 B C:\My Documents\!whirlygirl.com\archive\990719-frame.htm --> www.whirlygirl.com /1.0/archive 990719-frame.htm
100.01.31 16:50 B C:\My Documents\!whirlygirl.com\archive\990719-germanphilosophers.htm --> www.whirlygirl.com /1.0/archive 990719-germanphilosophers.htm
100.01.31 16:50 B C:\My Documents\!whirlygirl.com\archive\990719-inmy.htm --> www.whirlygirl.com /1.0/archive 990719-inmy.htm
100.01.31 16:50 B C:\My Documents\!whirlygirl.com\archive\990727-body.htm --> www.whirlygirl.com /1.0/archive 990727-body.htm
100.01.31 16:50 B C:\My Documents\!whirlygirl.com\archive\990727-frame.htm --> www.whirlygirl.com /1.0/archive 990727-frame.htm
100.01.31 16:50 B C:\My Documents\!whirlygirl.com\archive\990727-holdingoutforneptune.htm --> www.whirlygirl.com /1.0/archive 990727-holdingoutforneptune.htm
100.01.31 16:50 B C:\My Documents\!whirlygirl.com\archive\990727-inmy.htm --> www.whirlygirl.com /1.0/archive 990727-inmy.htm
100.01.31 16:50 B C:\My Documents\!whirlygirl.com\archive\990730-body.htm --> www.whirlygirl.com /1.0/archive 990730-body.htm
100.01.31 16:50 B C:\My Documents\!whirlygirl.com\archive\990730-fluorescentlighting.htm --> www.whirlygirl.com /1.0/archive 990730-fluorescentlighting.htm
100.01.31 16:50 B C:\My Documents\!whirlygirl.com\archive\990730-frame.htm --> www.whirlygirl.com /1.0/archive 990730-frame.htm
100.01.31 16:50 B C:\My Documents\!whirlygirl.com\archive\990730-inmy.htm --> www.whirlygirl.com /1.0/archive 990730-inmy.htm
100.01.31 16:50 B C:\My Documents\!whirlygirl.com\archive\990803-body.htm --> www.whirlygirl.com /1.0/archive 990803-body.htm
100.01.31 16:50 B C:\My Documents\!whirlygirl.com\archive\990803-frame.htm --> www.whirlygirl.com /1.0/archive 990803-frame.htm
100.01.31 16:50 B C:\My Documents\!whirlygirl.com\archive\990803-inmy.htm --> www.whirlygirl.com /1.0/archive 990803-inmy.htm
100.01.31 16:50 B C:\My Documents\!whirlygirl.com\archive\990803-inyourownbackyard.htm --> www.whirlygirl.com /1.0/archive 990803-inyourownbackyard.htm
100.01.31 16:50 B C:\My Documents\!whirlygirl.com\archive\990808-allthingssunday.htm --> www.whirlygirl.com /1.0/archive 990808-allthingssunday.htm
100.01.31 16:50 B C:\My Documents\!whirlygirl.com\archive\990808-body.htm --> www.whirlygirl.com /1.0/archive 990808-body.htm
100.01.31 16:50 B C:\My Documents\!whirlygirl.com\archive\990808-frame.htm --> www.whirlygirl.com /1.0/archive 990808-frame.htm
100.01.31 16:50 B C:\My Documents\!whirlygirl.com\archive\990808-inmy.htm --> www.whirlygirl.com /1.0/archive 990808-inmy.htm
100.01.31 16:50 B C:\My Documents\!whirlygirl.com\archive\990815-body.htm --> www.whirlygirl.com /1.0/archive 990815-body.htm
100.01.31 16:50 B C:\My Documents\!whirlygirl.com\archive\990815-featheryandsmiley.htm --> www.whirlygirl.com /1.0/archive 990815-featheryandsmiley.htm
100.01.31 16:50 B C:\My Documents\!whirlygirl.com\archive\990815-frame.htm --> www.whirlygirl.com /1.0/archive 990815-frame.htm
100.01.31 16:50 B C:\My Documents\!whirlygirl.com\archive\990815-inmy.htm --> www.whirlygirl.com /1.0/archive 990815-inmy.htm
100.01.31 16:50 B C:\My Documents\!whirlygirl.com\archive\990820-body.htm --> www.whirlygirl.com /1.0/archive 990820-body.htm
100.01.31 16:50 B C:\My Documents\!whirlygirl.com\archive\990820-frame.htm --> www.whirlygirl.com /1.0/archive 990820-frame.htm
100.01.31 16:50 B C:\My Documents\!whirlygirl.com\archive\990820-home.htm --> www.whirlygirl.com /1.0/archive 990820-home.htm
100.01.31 16:50 B C:\My Documents\!whirlygirl.com\archive\990820-inmy.htm --> www.whirlygirl.com /1.0/archive 990820-inmy.htm
100.01.31 16:50 B C:\My Documents\!whirlygirl.com\archive\990901-body.htm --> www.whirlygirl.com /1.0/archive 990901-body.htm
100.01.31 16:50 B C:\My Documents\!whirlygirl.com\archive\990901-frame.htm --> www.whirlygirl.com /1.0/archive 990901-frame.htm
100.01.31 16:50 B C:\My Documents\!whirlygirl.com\archive\990901-inmy.htm --> www.whirlygirl.com /1.0/archive 990901-inmy.htm
100.01.31 16:50 B C:\My Documents\!whirlygirl.com\archive\990901-thingsthatmoveme.htm --> www.whirlygirl.com /1.0/archive 990901-thingsthatmoveme.htm
100.01.31 16:50 B C:\My Documents\!whirlygirl.com\archive\990906-body.htm --> www.whirlygirl.com /1.0/archive 990906-body.htm
100.01.31 16:50 B C:\My Documents\!whirlygirl.com\archive\990906-frame.htm --> www.whirlygirl.com /1.0/archive 990906-frame.htm
100.01.31 16:50 B C:\My Documents\!whirlygirl.com\archive\990906-inmy.htm --> www.whirlygirl.com /1.0/archive 990906-inmy.htm
100.01.31 16:50 B C:\My Documents\!whirlygirl.com\archive\990906-thecube.htm --> www.whirlygirl.com /1.0/archive 990906-thecube.htm
100.01.31 16:50 B C:\My Documents\!whirlygirl.com\archive\990913-body.htm --> www.whirlygirl.com /1.0/archive 990913-body.htm
100.01.31 16:50 B C:\My Documents\!whirlygirl.com\archive\990913-frame.htm --> www.whirlygirl.com /1.0/archive 990913-frame.htm
100.01.31 16:50 B C:\My Documents\!whirlygirl.com\archive\990913-inmy.htm --> www.whirlygirl.com /1.0/archive 990913-inmy.htm
100.01.31 16:51 B C:\My Documents\!whirlygirl.com\archive\990913-walls.htm --> www.whirlygirl.com /1.0/archive 990913-walls.htm
100.01.31 16:51 B C:\My Documents\!whirlygirl.com\archive\990915-body.htm --> www.whirlygirl.com /1.0/archive 990915-body.htm
100.01.31 16:51 B C:\My Documents\!whirlygirl.com\archive\990915-frame.htm --> www.whirlygirl.com /1.0/archive 990915-frame.htm
100.01.31 16:51 B C:\My Documents\!whirlygirl.com\archive\990915-inmy.htm --> www.whirlygirl.com /1.0/archive 990915-inmy.htm
100.01.31 16:51 B C:\My Documents\!whirlygirl.com\archive\990915-thedjwishesforhisfrenchkisses.htm --> www.whirlygirl.com /1.0/archive 990915-thedjwishesforhisfrenchkisses.htm
100.01.31 16:51 B C:\My Documents\!whirlygirl.com\archive\990920-body.htm --> www.whirlygirl.com /1.0/archive 990920-body.htm
100.01.31 16:51 B C:\My Documents\!whirlygirl.com\archive\990920-frame.htm --> www.whirlygirl.com /1.0/archive 990920-frame.htm
100.01.31 16:51 B C:\My Documents\!whirlygirl.com\archive\990920-inmy.htm --> www.whirlygirl.com /1.0/archive 990920-inmy.htm
100.01.31 16:51 B C:\My Documents\!whirlygirl.com\archive\990920-papercuts.htm --> www.whirlygirl.com /1.0/archive 990920-papercuts.htm
100.01.31 16:51 B C:\My Documents\!whirlygirl.com\archive\990926-body.htm --> www.whirlygirl.com /1.0/archive 990926-body.htm
100.01.31 16:51 B C:\My Documents\!whirlygirl.com\archive\990926-frame.htm --> www.whirlygirl.com /1.0/archive 990926-frame.htm
100.01.31 16:51 B C:\My Documents\!whirlygirl.com\archive\990926-ikeainunderthirtyminutes.htm --> www.whirlygirl.com /1.0/archive 990926-ikeainunderthirtyminutes.htm
100.01.31 16:51 B C:\My Documents\!whirlygirl.com\archive\990926-inmy.htm --> www.whirlygirl.com /1.0/archive 990926-inmy.htm
100.01.31 16:51 B C:\My Documents\!whirlygirl.com\archive\990929-body.htm --> www.whirlygirl.com /1.0/archive 990929-body.htm
100.01.31 16:51 B C:\My Documents\!whirlygirl.com\archive\990929-frame.htm --> www.whirlygirl.com /1.0/archive 990929-frame.htm
100.01.31 16:51 B C:\My Documents\!whirlygirl.com\archive\990929-inmy.htm --> www.whirlygirl.com /1.0/archive 990929-inmy.htm
100.01.31 16:51 B C:\My Documents\!whirlygirl.com\archive\990929-toostructuredcompletelyclosedoff.htm --> www.whirlygirl.com /1.0/archive 990929-toostructuredcompletelyclosedoff.htm
100.01.31 16:51 B C:\My Documents\!whirlygirl.com\archive\991005-body.htm --> www.whirlygirl.com /1.0/archive 991005-body.htm
100.01.31 16:51 B C:\My Documents\!whirlygirl.com\archive\991005-frame.htm --> www.whirlygirl.com /1.0/archive 991005-frame.htm
100.01.31 16:51 B C:\My Documents\!whirlygirl.com\archive\991005-inmy.htm --> www.whirlygirl.com /1.0/archive 991005-inmy.htm
100.01.31 16:51 B C:\My Documents\!whirlygirl.com\archive\991005-procrastinatorsdream.htm --> www.whirlygirl.com /1.0/archive 991005-procrastinatorsdream.htm
100.01.31 16:51 B C:\My Documents\!whirlygirl.com\archive\991008-body.htm --> www.whirlygirl.com /1.0/archive 991008-body.htm
100.01.31 16:51 B C:\My Documents\!whirlygirl.com\archive\991008-frame.htm --> www.whirlygirl.com /1.0/archive 991008-frame.htm
100.01.31 16:51 B C:\My Documents\!whirlygirl.com\archive\991008-inmy.htm --> www.whirlygirl.com /1.0/archive 991008-inmy.htm
100.01.31 16:51 B C:\My Documents\!whirlygirl.com\archive\991008-popgoestheculture.htm --> www.whirlygirl.com /1.0/archive 991008-popgoestheculture.htm
100.01.31 16:51 B C:\My Documents\!whirlygirl.com\archive\991014-body.htm --> www.whirlygirl.com /1.0/archive 991014-body.htm
100.01.31 16:51 B C:\My Documents\!whirlygirl.com\archive\991014-deletia.htm --> www.whirlygirl.com /1.0/archive 991014-deletia.htm
100.01.31 16:51 B C:\My Documents\!whirlygirl.com\archive\991014-frame.htm --> www.whirlygirl.com /1.0/archive 991014-frame.htm
100.01.31 16:51 B C:\My Documents\!whirlygirl.com\archive\991014-inmy.htm --> www.whirlygirl.com /1.0/archive 991014-inmy.htm
100.01.31 16:51 B C:\My Documents\!whirlygirl.com\archive\991101-body.htm --> www.whirlygirl.com /1.0/archive 991101-body.htm
100.01.31 16:51 B C:\My Documents\!whirlygirl.com\archive\991101-frame.htm --> www.whirlygirl.com /1.0/archive 991101-frame.htm
100.01.31 16:51 B C:\My Documents\!whirlygirl.com\archive\991101-inmy.htm --> www.whirlygirl.com /1.0/archive 991101-inmy.htm
100.01.31 16:51 B C:\My Documents\!whirlygirl.com\archive\991101-somethingold.htm --> www.whirlygirl.com /1.0/archive 991101-somethingold.htm
100.01.31 16:51 B C:\My Documents\!whirlygirl.com\archive\991108-body.htm --> www.whirlygirl.com /1.0/archive 991108-body.htm
100.01.31 16:51 B C:\My Documents\!whirlygirl.com\archive\991108-frame.htm --> www.whirlygirl.com /1.0/archive 991108-frame.htm
100.01.31 16:51 B C:\My Documents\!whirlygirl.com\archive\991108-inmy.htm --> www.whirlygirl.com /1.0/archive 991108-inmy.htm
100.01.31 16:51 B C:\My Documents\!whirlygirl.com\archive\991108-ultimatemonday.htm --> www.whirlygirl.com /1.0/archive 991108-ultimatemonday.htm
100.01.31 16:51 B C:\My Documents\!whirlygirl.com\archive\991112-body.htm --> www.whirlygirl.com /1.0/archive 991112-body.htm
100.01.31 16:51 B C:\My Documents\!whirlygirl.com\archive\991112-dearestwishcometrue.htm --> www.whirlygirl.com /1.0/archive 991112-dearestwishcometrue.htm
100.01.31 16:51 B C:\My Documents\!whirlygirl.com\archive\991112-frame.htm --> www.whirlygirl.com /1.0/archive 991112-frame.htm
100.01.31 16:51 B C:\My Documents\!whirlygirl.com\archive\991112-inmy.htm --> www.whirlygirl.com /1.0/archive 991112-inmy.htm
100.01.31 16:51 B C:\My Documents\!whirlygirl.com\archive\991116-body.htm --> www.whirlygirl.com /1.0/archive 991116-body.htm
100.01.31 16:51 B C:\My Documents\!whirlygirl.com\archive\991116-frame.htm --> www.whirlygirl.com /1.0/archive 991116-frame.htm
100.01.31 16:51 B C:\My Documents\!whirlygirl.com\archive\991116-inmy.htm --> www.whirlygirl.com /1.0/archive 991116-inmy.htm
100.01.31 16:51 B C:\My Documents\!whirlygirl.com\archive\991116-nightterrors.htm --> www.whirlygirl.com /1.0/archive 991116-nightterrors.htm
100.01.31 16:51 B C:\My Documents\!whirlygirl.com\archive\991119-body.htm --> www.whirlygirl.com /1.0/archive 991119-body.htm
100.01.31 16:51 B C:\My Documents\!whirlygirl.com\archive\991119-frame.htm --> www.whirlygirl.com /1.0/archive 991119-frame.htm
100.01.31 16:51 B C:\My Documents\!whirlygirl.com\archive\991119-HAL.htm --> www.whirlygirl.com /1.0/archive 991119-HAL.htm
100.01.31 16:51 B C:\My Documents\!whirlygirl.com\archive\991119-inmy.htm --> www.whirlygirl.com /1.0/archive 991119-inmy.htm
100.01.31 16:51 B C:\My Documents\!whirlygirl.com\archive\991123-body.htm --> www.whirlygirl.com /1.0/archive 991123-body.htm
100.01.31 16:51 B C:\My Documents\!whirlygirl.com\archive\991123-frame.htm --> www.whirlygirl.com /1.0/archive 991123-frame.htm
100.01.31 16:51 B C:\My Documents\!whirlygirl.com\archive\991123-inmy.htm --> www.whirlygirl.com /1.0/archive 991123-inmy.htm
100.01.31 16:51 B C:\My Documents\!whirlygirl.com\archive\991123-rechargingthebatteries.htm --> www.whirlygirl.com /1.0/archive 991123-rechargingthebatteries.htm
100.01.31 16:51 B C:\My Documents\!whirlygirl.com\archive\991203-body.htm --> www.whirlygirl.com /1.0/archive 991203-body.htm
100.01.31 16:51 B C:\My Documents\!whirlygirl.com\archive\991203-frame.htm --> www.whirlygirl.com /1.0/archive 991203-frame.htm
100.01.31 16:51 B C:\My Documents\!whirlygirl.com\archive\991203-inmy.htm --> www.whirlygirl.com /1.0/archive 991203-inmy.htm
100.01.31 16:51 B C:\My Documents\!whirlygirl.com\archive\991203-staticelectricity.htm --> www.whirlygirl.com /1.0/archive 991203-staticelectricity.htm
100.01.31 16:51 B C:\My Documents\!whirlygirl.com\archive\991206-body.htm --> www.whirlygirl.com /1.0/archive 991206-body.htm
100.01.31 16:51 B C:\My Documents\!whirlygirl.com\archive\991206-frame.htm --> www.whirlygirl.com /1.0/archive 991206-frame.htm
100.01.31 16:51 B C:\My Documents\!whirlygirl.com\archive\991206-inmy.htm --> www.whirlygirl.com /1.0/archive 991206-inmy.htm
100.01.31 16:51 B C:\My Documents\!whirlygirl.com\archive\991206-timecapsules.htm --> www.whirlygirl.com /1.0/archive 991206-timecapsules.htm
100.01.31 16:51 B C:\My Documents\!whirlygirl.com\archive\991210-body.htm --> www.whirlygirl.com /1.0/archive 991210-body.htm
100.01.31 16:51 B C:\My Documents\!whirlygirl.com\archive\991210-frame.htm --> www.whirlygirl.com /1.0/archive 991210-frame.htm
100.01.31 16:51 B C:\My Documents\!whirlygirl.com\archive\991210-inmy.htm --> www.whirlygirl.com /1.0/archive 991210-inmy.htm
100.01.31 16:51 B C:\My Documents\!whirlygirl.com\archive\991210-morningfog.htm --> www.whirlygirl.com /1.0/archive 991210-morningfog.htm
100.01.31 16:51 B C:\My Documents\!whirlygirl.com\archive\991219-body.htm --> www.whirlygirl.com /1.0/archive 991219-body.htm
100.01.31 16:51 B C:\My Documents\!whirlygirl.com\archive\991219-frame.htm --> www.whirlygirl.com /1.0/archive 991219-frame.htm
100.01.31 16:51 B C:\My Documents\!whirlygirl.com\archive\991219-inmy.htm --> www.whirlygirl.com /1.0/archive 991219-inmy.htm
100.01.31 16:51 B C:\My Documents\!whirlygirl.com\archive\991219-packaging.htm --> www.whirlygirl.com /1.0/archive 991219-packaging.htm
100.01.31 16:51 B C:\My Documents\!whirlygirl.com\archive\991231-body.htm --> www.whirlygirl.com /1.0/archive 991231-body.htm
100.01.31 16:51 B C:\My Documents\!whirlygirl.com\archive\991231-frame.htm --> www.whirlygirl.com /1.0/archive 991231-frame.htm
100.01.31 16:51 B C:\My Documents\!whirlygirl.com\archive\991231-inmy.htm --> www.whirlygirl.com /1.0/archive 991231-inmy.htm
100.01.31 16:51 B C:\My Documents\!whirlygirl.com\archive\991231-reinventingthewheel.htm --> www.whirlygirl.com /1.0/archive 991231-reinventingthewheel.htm
100.01.31 16:51 B C:\My Documents\!whirlygirl.com\archive\index.htm --> www.whirlygirl.com /1.0/archive index.htm
